<?xml version="1.0" encoding="utf-8"?>
<coverage line-rate="0.4955" branch-rate="0.391" version="1.9" timestamp="1587970272" lines-covered="441" lines-valid="890" branches-covered="61" branches-valid="156">
  <sources>
    <source>/Users/lwwnz/Workplace/Encore/src/</source>
  </sources>
  <packages>
    <package name="EncoreCache" line-rate="0.8414" branch-rate="0.8125" complexity="57">
      <classes>
        <class name="EncoreCache.EncoreCacheHandler" filename="EncorePorting/EncorePorting/EncoreCache/EncoreCacheHandler.cs" line-rate="1" branch-rate="0.9" complexity="11">
          <methods>
            <method name="IsCompatible" signature="(System.Collections.Generic.IReadOnlyList`1&lt;EncoreCommon.Model.PackageVersionPair&gt;,System.String)" line-rate="1" branch-rate="1">
              <lines>
                <line number="39" hits="7" branch="False" />
                <line number="41" hits="7" branch="False" />
                <line number="43" hits="7" branch="False" />
                <line number="44" hits="17" branch="False" />
                <line number="45" hits="17" branch="False" />
                <line number="46" hits="17" branch="True" condition-coverage="100% (2/2)">
                  <conditions>
                    <condition number="27" type="jump" coverage="100%" />
                  </conditions>
                </line>
                <line number="47" hits="15" branch="False" />
                <line number="48" hits="15" branch="False" />
                <line number="49" hits="15" branch="False" />
                <line number="50" hits="17" branch="False" />
                <line number="51" hits="7" branch="False" />
                <line number="52" hits="17" branch="False" />
                <line number="53" hits="37" branch="False" />
                <line number="55" hits="7" branch="False" />
                <line number="56" hits="7" branch="True" condition-coverage="100% (2/2)">
                  <conditions>
                    <condition number="169" type="jump" coverage="100%" />
                  </conditions>
                </line>
                <line number="57" hits="6" branch="False" />
                <line number="58" hits="6" branch="False" />
                <line number="59" hits="6" branch="False" />
                <line number="61" hits="7" branch="False" />
                <line number="62" hits="7" branch="False" />
              </lines>
            </method>
            <method name="ProcessCompatibility" signature="(System.Collections.Generic.IReadOnlyList`1&lt;EncoreCommon.Model.PackageVersionPair&gt;,System.String)" line-rate="1" branch-rate="0.8332999999999999">
              <lines>
                <line number="65" hits="6" branch="False" />
                <line number="66" hits="22" branch="False" />
                <line number="67" hits="34" branch="True" condition-coverage="100% (2/2)">
                  <conditions>
                    <condition number="248" type="jump" coverage="100%" />
                  </conditions>
                </line>
                <line number="68" hits="8" branch="False" />
                <line number="69" hits="24" branch="False" />
                <line number="70" hits="24" branch="False" />
                <line number="71" hits="8" branch="False" />
                <line number="72" hits="15" branch="False" />
                <line number="73" hits="8" branch="False" />
                <line number="74" hits="8" branch="False" />
                <line number="75" hits="16" branch="False" />
                <line number="76" hits="16" branch="True" condition-coverage="75% (3/4)">
                  <conditions>
                    <condition number="40" type="jump" coverage="50%" />
                    <condition number="64" type="jump" coverage="100%" />
                  </conditions>
                </line>
                <line number="77" hits="13" branch="False" />
                <line number="78" hits="13" branch="False" />
                <line number="79" hits="13" branch="False" />
                <line number="80" hits="13" branch="False" />
                <line number="81" hits="8" branch="False" />
                <line number="82" hits="11" branch="False" />
                <line number="83" hits="11" branch="False" />
                <line number="84" hits="11" branch="False" />
                <line number="85" hits="8" branch="False" />
                <line number="86" hits="8" branch="False" />
                <line number="87" hits="16" branch="False" />
                <line number="89" hits="8" branch="False" />
                <line number="117" hits="6" branch="False" />
              </lines>
            </method>
            <method name=".ctor" signature="(Microsoft.Extensions.Logging.ILogger`1&lt;EncoreCache.EncoreCacheHandler&gt;,System.Collections.Generic.IEnumerable`1&lt;EncoreCache.ICompatibilityChecker&gt;)" line-rate="1" branch-rate="1">
              <lines>
                <line number="27" hits="6" branch="False" />
                <line number="28" hits="6" branch="False" />
                <line number="29" hits="6" branch="False" />
                <line number="30" hits="6" branch="False" />
                <line number="31" hits="6" branch="False" />
                <line number="32" hits="6" branch="False" />
                <line number="33" hits="6" branch="False" />
                <line number="34" hits="6" branch="False" />
                <line number="35" hits="6" branch="False" />
                <line number="36" hits="6" branch="False" />
              </lines>
            </method>
          </methods>
          <lines>
            <line number="39" hits="7" branch="False" />
            <line number="41" hits="7" branch="False" />
            <line number="43" hits="7" branch="False" />
            <line number="44" hits="17" branch="False" />
            <line number="45" hits="17" branch="False" />
            <line number="46" hits="17" branch="True" condition-coverage="100% (2/2)">
              <conditions>
                <condition number="27" type="jump" coverage="100%" />
              </conditions>
            </line>
            <line number="47" hits="15" branch="False" />
            <line number="48" hits="15" branch="False" />
            <line number="49" hits="15" branch="False" />
            <line number="50" hits="17" branch="False" />
            <line number="51" hits="7" branch="False" />
            <line number="52" hits="17" branch="False" />
            <line number="53" hits="37" branch="False" />
            <line number="55" hits="7" branch="False" />
            <line number="56" hits="7" branch="True" condition-coverage="100% (2/2)">
              <conditions>
                <condition number="169" type="jump" coverage="100%" />
              </conditions>
            </line>
            <line number="57" hits="6" branch="False" />
            <line number="58" hits="6" branch="False" />
            <line number="59" hits="6" branch="False" />
            <line number="61" hits="7" branch="False" />
            <line number="62" hits="7" branch="False" />
            <line number="65" hits="6" branch="False" />
            <line number="66" hits="22" branch="False" />
            <line number="67" hits="34" branch="True" condition-coverage="100% (2/2)">
              <conditions>
                <condition number="248" type="jump" coverage="100%" />
              </conditions>
            </line>
            <line number="68" hits="8" branch="False" />
            <line number="69" hits="24" branch="False" />
            <line number="70" hits="24" branch="False" />
            <line number="71" hits="8" branch="False" />
            <line number="72" hits="15" branch="False" />
            <line number="73" hits="8" branch="False" />
            <line number="74" hits="8" branch="False" />
            <line number="75" hits="16" branch="False" />
            <line number="76" hits="16" branch="True" condition-coverage="75% (3/4)">
              <conditions>
                <condition number="40" type="jump" coverage="50%" />
                <condition number="64" type="jump" coverage="100%" />
              </conditions>
            </line>
            <line number="77" hits="13" branch="False" />
            <line number="78" hits="13" branch="False" />
            <line number="79" hits="13" branch="False" />
            <line number="80" hits="13" branch="False" />
            <line number="81" hits="8" branch="False" />
            <line number="82" hits="11" branch="False" />
            <line number="83" hits="11" branch="False" />
            <line number="84" hits="11" branch="False" />
            <line number="85" hits="8" branch="False" />
            <line number="86" hits="8" branch="False" />
            <line number="87" hits="16" branch="False" />
            <line number="89" hits="8" branch="False" />
            <line number="117" hits="6" branch="False" />
            <line number="27" hits="6" branch="False" />
            <line number="28" hits="6" branch="False" />
            <line number="29" hits="6" branch="False" />
            <line number="30" hits="6" branch="False" />
            <line number="31" hits="6" branch="False" />
            <line number="32" hits="6" branch="False" />
            <line number="33" hits="6" branch="False" />
            <line number="34" hits="6" branch="False" />
            <line number="35" hits="6" branch="False" />
            <line number="36" hits="6" branch="False" />
          </lines>
        </class>
        <class name="EncoreCache.EncoreCacheHandlerOptions" filename="EncorePorting/EncorePorting/EncoreCache/EncoreCacheHandlerOptions.cs" line-rate="1" branch-rate="1" complexity="4">
          <methods>
            <method name="get_CompatibilityEndpoint" signature="()" line-rate="1" branch-rate="1">
              <lines>
                <line number="7" hits="14" branch="False" />
              </lines>
            </method>
            <method name="get_Region" signature="()" line-rate="1" branch-rate="1">
              <lines>
                <line number="8" hits="14" branch="False" />
              </lines>
            </method>
            <method name="get_AwsAccessKey" signature="()" line-rate="1" branch-rate="1">
              <lines>
                <line number="9" hits="14" branch="False" />
              </lines>
            </method>
            <method name="get_AwsSecretKey" signature="()" line-rate="1" branch-rate="1">
              <lines>
                <line number="10" hits="14" branch="False" />
              </lines>
            </method>
          </methods>
          <lines>
            <line number="7" hits="14" branch="False" />
            <line number="8" hits="14" branch="False" />
            <line number="9" hits="14" branch="False" />
            <line number="10" hits="14" branch="False" />
          </lines>
        </class>
        <class name="EncoreCache.ExternalPackagesCompatibilityChecker" filename="EncorePorting/EncorePorting/EncoreCache/ExternalPackagesCompatibilityChecker.cs" line-rate="0.8928" branch-rate="1" complexity="4">
          <methods>
            <method name="CheckAsync" signature="(System.Collections.Generic.IReadOnlyList`1&lt;EncoreCommon.Model.PackageVersionPair&gt;,System.String)" line-rate="0.8" branch-rate="1">
              <lines>
                <line number="40" hits="8" branch="False" />
                <line number="41" hits="8" branch="False" />
                <line number="42" hits="20" branch="False" />
                <line number="43" hits="20" branch="False" />
                <line number="44" hits="44" branch="False" />
                <line number="46" hits="8" branch="False" />
                <line number="47" hits="8" branch="True" condition-coverage="100% (2/2)">
                  <conditions>
                    <condition number="154" type="jump" coverage="100%" />
                  </conditions>
                </line>
                <line number="48" hits="8" branch="False" />
                <line number="49" hits="8" branch="False" />
                <line number="50" hits="0" branch="False" />
                <line number="51" hits="0" branch="False" />
                <line number="52" hits="0" branch="False" />
                <line number="53" hits="8" branch="False" />
                <line number="55" hits="32" branch="False" />
                <line number="57" hits="8" branch="False" />
              </lines>
            </method>
            <method name=".ctor" signature="(System.Net.Http.IHttpClientFactory,Microsoft.Extensions.Logging.ILogger`1&lt;EncoreCache.ExternalPackagesCompatibilityChecker&gt;,Microsoft.Extensions.Options.IOptions`1&lt;EncoreCache.EncoreCacheHandlerOptions&gt;)" line-rate="1" branch-rate="1">
              <lines>
                <line number="28" hits="6" branch="False" />
                <line number="29" hits="6" branch="False" />
                <line number="30" hits="6" branch="False" />
                <line number="31" hits="6" branch="False" />
                <line number="32" hits="6" branch="False" />
                <line number="33" hits="6" branch="False" />
                <line number="34" hits="6" branch="False" />
                <line number="35" hits="6" branch="False" />
                <line number="36" hits="6" branch="False" />
              </lines>
            </method>
            <method name=".cctor" signature="()" line-rate="1" branch-rate="1">
              <lines>
                <line number="23" hits="1" branch="False" />
                <line number="24" hits="1" branch="False" />
                <line number="25" hits="1" branch="False" />
                <line number="26" hits="1" branch="False" />
              </lines>
            </method>
          </methods>
          <lines>
            <line number="40" hits="8" branch="False" />
            <line number="41" hits="8" branch="False" />
            <line number="42" hits="20" branch="False" />
            <line number="43" hits="20" branch="False" />
            <line number="44" hits="44" branch="False" />
            <line number="46" hits="8" branch="False" />
            <line number="47" hits="8" branch="True" condition-coverage="100% (2/2)">
              <conditions>
                <condition number="154" type="jump" coverage="100%" />
              </conditions>
            </line>
            <line number="48" hits="8" branch="False" />
            <line number="49" hits="8" branch="False" />
            <line number="50" hits="0" branch="False" />
            <line number="51" hits="0" branch="False" />
            <line number="52" hits="0" branch="False" />
            <line number="53" hits="8" branch="False" />
            <line number="55" hits="32" branch="False" />
            <line number="57" hits="8" branch="False" />
            <line number="28" hits="6" branch="False" />
            <line number="29" hits="6" branch="False" />
            <line number="30" hits="6" branch="False" />
            <line number="31" hits="6" branch="False" />
            <line number="32" hits="6" branch="False" />
            <line number="33" hits="6" branch="False" />
            <line number="34" hits="6" branch="False" />
            <line number="35" hits="6" branch="False" />
            <line number="36" hits="6" branch="False" />
            <line number="23" hits="1" branch="False" />
            <line number="24" hits="1" branch="False" />
            <line number="25" hits="1" branch="False" />
            <line number="26" hits="1" branch="False" />
          </lines>
        </class>
        <class name="EncoreCache.ExternalPackagesCompatibilityChecker/&lt;ProcessCompatibility&gt;d__6" filename="EncorePorting/EncorePorting/EncoreCache/ExternalPackagesCompatibilityChecker.cs" line-rate="0.7536" branch-rate="0.7306999999999999" complexity="26">
          <methods>
            <method name="MoveNext" signature="()" line-rate="0.7536" branch-rate="0.7306999999999999">
              <lines>
                <line number="60" hits="8" branch="True" condition-coverage="100% (2/2)">
                  <conditions>
                    <condition number="16" type="jump" coverage="100%" />
                  </conditions>
                </line>
                <line number="61" hits="8" branch="False" />
                <line number="63" hits="8" branch="False" />
                <line number="64" hits="8" branch="False" />
                <line number="65" hits="8" branch="False" />
                <line number="66" hits="8" branch="False" />
                <line number="67" hits="8" branch="False" />
                <line number="68" hits="8" branch="False" />
                <line number="69" hits="8" branch="False" />
                <line number="70" hits="8" branch="False" />
                <line number="71" hits="8" branch="False" />
                <line number="72" hits="8" branch="False" />
                <line number="74" hits="8" branch="True" condition-coverage="50% (2/4)">
                  <conditions>
                    <condition number="362" type="switch" coverage="50%" />
                  </conditions>
                </line>
                <line number="77" hits="8" branch="False" />
                <line number="78" hits="8" branch="False" />
                <line number="79" hits="8" branch="True" condition-coverage="50% (1/2)">
                  <conditions>
                    <condition number="553" type="jump" coverage="50%" />
                  </conditions>
                </line>
                <line number="80" hits="0" branch="False" />
                <line number="81" hits="0" branch="False" />
                <line number="82" hits="0" branch="False" />
                <line number="83" hits="0" branch="False" />
                <line number="85" hits="0" branch="False" />
                <line number="87" hits="8" branch="False" />
                <line number="88" hits="8" branch="False" />
                <line number="89" hits="8" branch="False" />
                <line number="91" hits="72" branch="True" condition-coverage="100% (2/2)">
                  <conditions>
                    <condition number="1294" type="jump" coverage="100%" />
                  </conditions>
                </line>
                <line number="92" hits="24" branch="False" />
                <line number="93" hits="24" branch="False" />
                <line number="94" hits="24" branch="False" />
                <line number="95" hits="24" branch="False" />
                <line number="96" hits="24" branch="False" />
                <line number="97" hits="24" branch="False" />
                <line number="98" hits="24" branch="True" condition-coverage="100% (2/2)">
                  <conditions>
                    <condition number="1077" type="jump" coverage="100%" />
                  </conditions>
                </line>
                <line number="99" hits="7" branch="False" />
                <line number="100" hits="0" branch="True" condition-coverage="100% (2/2)">
                  <conditions>
                    <condition number="1119" type="jump" coverage="100%" />
                  </conditions>
                </line>
                <line number="102" hits="7" branch="False" />
                <line number="103" hits="7" branch="False" />
                <line number="105" hits="7" branch="True" condition-coverage="100% (2/2)">
                  <conditions>
                    <condition number="1203" type="jump" coverage="100%" />
                  </conditions>
                </line>
                <line number="106" hits="6" branch="False" />
                <line number="107" hits="6" branch="False" />
                <line number="108" hits="6" branch="False" />
                <line number="109" hits="7" branch="False" />
                <line number="110" hits="7" branch="False" />
                <line number="112" hits="24" branch="False" />
                <line number="113" hits="24" branch="False" />
                <line number="115" hits="48" branch="True" condition-coverage="100% (2/2)">
                  <conditions>
                    <condition number="1544" type="jump" coverage="100%" />
                  </conditions>
                </line>
                <line number="116" hits="12" branch="False" />
                <line number="117" hits="12" branch="True" condition-coverage="100% (2/2)">
                  <conditions>
                    <condition number="1398" type="jump" coverage="100%" />
                  </conditions>
                </line>
                <line number="118" hits="5" branch="False" />
                <line number="119" hits="5" branch="True" condition-coverage="100% (2/2)">
                  <conditions>
                    <condition number="1428" type="jump" coverage="100%" />
                  </conditions>
                </line>
                <line number="120" hits="5" branch="False" />
                <line number="122" hits="5" branch="False" />
                <line number="123" hits="5" branch="False" />
                <line number="124" hits="5" branch="False" />
                <line number="128" hits="5" branch="False" />
                <line number="129" hits="5" branch="False" />
                <line number="130" hits="12" branch="False" />
                <line number="131" hits="8" branch="False" />
                <line number="132" hits="0" branch="False" />
                <line number="133" hits="0" branch="False" />
                <line number="134" hits="0" branch="True" condition-coverage="0% (0/2)">
                  <conditions>
                    <condition number="1761" type="jump" coverage="0%" />
                  </conditions>
                </line>
                <line number="135" hits="0" branch="False" />
                <line number="137" hits="0" branch="True" condition-coverage="0% (0/2)">
                  <conditions>
                    <condition number="1686" type="jump" coverage="0%" />
                  </conditions>
                </line>
                <line number="138" hits="0" branch="False" />
                <line number="139" hits="0" branch="False" />
                <line number="140" hits="0" branch="False" />
                <line number="141" hits="0" branch="False" />
                <line number="142" hits="0" branch="False" />
                <line number="143" hits="0" branch="False" />
                <line number="144" hits="8" branch="False" />
              </lines>
            </method>
          </methods>
          <lines>
            <line number="60" hits="8" branch="True" condition-coverage="100% (2/2)">
              <conditions>
                <condition number="16" type="jump" coverage="100%" />
              </conditions>
            </line>
            <line number="61" hits="8" branch="False" />
            <line number="63" hits="8" branch="False" />
            <line number="64" hits="8" branch="False" />
            <line number="65" hits="8" branch="False" />
            <line number="66" hits="8" branch="False" />
            <line number="67" hits="8" branch="False" />
            <line number="68" hits="8" branch="False" />
            <line number="69" hits="8" branch="False" />
            <line number="70" hits="8" branch="False" />
            <line number="71" hits="8" branch="False" />
            <line number="72" hits="8" branch="False" />
            <line number="74" hits="8" branch="True" condition-coverage="50% (2/4)">
              <conditions>
                <condition number="362" type="switch" coverage="50%" />
              </conditions>
            </line>
            <line number="77" hits="8" branch="False" />
            <line number="78" hits="8" branch="False" />
            <line number="79" hits="8" branch="True" condition-coverage="50% (1/2)">
              <conditions>
                <condition number="553" type="jump" coverage="50%" />
              </conditions>
            </line>
            <line number="80" hits="0" branch="False" />
            <line number="81" hits="0" branch="False" />
            <line number="82" hits="0" branch="False" />
            <line number="83" hits="0" branch="False" />
            <line number="85" hits="0" branch="False" />
            <line number="87" hits="8" branch="False" />
            <line number="88" hits="8" branch="False" />
            <line number="89" hits="8" branch="False" />
            <line number="91" hits="72" branch="True" condition-coverage="100% (2/2)">
              <conditions>
                <condition number="1294" type="jump" coverage="100%" />
              </conditions>
            </line>
            <line number="92" hits="24" branch="False" />
            <line number="93" hits="24" branch="False" />
            <line number="94" hits="24" branch="False" />
            <line number="95" hits="24" branch="False" />
            <line number="96" hits="24" branch="False" />
            <line number="97" hits="24" branch="False" />
            <line number="98" hits="24" branch="True" condition-coverage="100% (2/2)">
              <conditions>
                <condition number="1077" type="jump" coverage="100%" />
              </conditions>
            </line>
            <line number="99" hits="7" branch="False" />
            <line number="100" hits="0" branch="True" condition-coverage="100% (2/2)">
              <conditions>
                <condition number="1119" type="jump" coverage="100%" />
              </conditions>
            </line>
            <line number="102" hits="7" branch="False" />
            <line number="103" hits="7" branch="False" />
            <line number="105" hits="7" branch="True" condition-coverage="100% (2/2)">
              <conditions>
                <condition number="1203" type="jump" coverage="100%" />
              </conditions>
            </line>
            <line number="106" hits="6" branch="False" />
            <line number="107" hits="6" branch="False" />
            <line number="108" hits="6" branch="False" />
            <line number="109" hits="7" branch="False" />
            <line number="110" hits="7" branch="False" />
            <line number="112" hits="24" branch="False" />
            <line number="113" hits="24" branch="False" />
            <line number="115" hits="48" branch="True" condition-coverage="100% (2/2)">
              <conditions>
                <condition number="1544" type="jump" coverage="100%" />
              </conditions>
            </line>
            <line number="116" hits="12" branch="False" />
            <line number="117" hits="12" branch="True" condition-coverage="100% (2/2)">
              <conditions>
                <condition number="1398" type="jump" coverage="100%" />
              </conditions>
            </line>
            <line number="118" hits="5" branch="False" />
            <line number="119" hits="5" branch="True" condition-coverage="100% (2/2)">
              <conditions>
                <condition number="1428" type="jump" coverage="100%" />
              </conditions>
            </line>
            <line number="120" hits="5" branch="False" />
            <line number="122" hits="5" branch="False" />
            <line number="123" hits="5" branch="False" />
            <line number="124" hits="5" branch="False" />
            <line number="128" hits="5" branch="False" />
            <line number="129" hits="5" branch="False" />
            <line number="130" hits="12" branch="False" />
            <line number="131" hits="8" branch="False" />
            <line number="132" hits="0" branch="False" />
            <line number="133" hits="0" branch="False" />
            <line number="134" hits="0" branch="True" condition-coverage="0% (0/2)">
              <conditions>
                <condition number="1761" type="jump" coverage="0%" />
              </conditions>
            </line>
            <line number="135" hits="0" branch="False" />
            <line number="137" hits="0" branch="True" condition-coverage="0% (0/2)">
              <conditions>
                <condition number="1686" type="jump" coverage="0%" />
              </conditions>
            </line>
            <line number="138" hits="0" branch="False" />
            <line number="139" hits="0" branch="False" />
            <line number="140" hits="0" branch="False" />
            <line number="141" hits="0" branch="False" />
            <line number="142" hits="0" branch="False" />
            <line number="143" hits="0" branch="False" />
            <line number="144" hits="8" branch="False" />
          </lines>
        </class>
        <class name="EncoreCache.InternalPackagesCompatibilityChecker" filename="EncorePorting/EncorePorting/EncoreCache/InternalPackagesCompatibilityChecker.cs" line-rate="0.725" branch-rate="1" complexity="4">
          <methods>
            <method name="CheckAsync" signature="(System.Collections.Generic.IReadOnlyList`1&lt;EncoreCommon.Model.PackageVersionPair&gt;,System.String)" line-rate="1" branch-rate="1">
              <lines>
                <line number="33" hits="8" branch="False" />
                <line number="34" hits="8" branch="False" />
                <line number="35" hits="8" branch="False" />
                <line number="37" hits="8" branch="False" />
                <line number="38" hits="8" branch="False" />
                <line number="39" hits="20" branch="False" />
                <line number="40" hits="20" branch="False" />
                <line number="41" hits="20" branch="True" condition-coverage="100% (2/2)">
                  <conditions>
                    <condition number="21" type="jump" coverage="100%" />
                  </conditions>
                </line>
                <line number="42" hits="15" branch="False" />
                <line number="43" hits="15" branch="False" />
                <line number="44" hits="15" branch="False" />
                <line number="45" hits="8" branch="False" />
                <line number="46" hits="13" branch="False" />
                <line number="47" hits="13" branch="False" />
                <line number="48" hits="13" branch="False" />
                <line number="49" hits="13" branch="False" />
                <line number="50" hits="8" branch="False" />
                <line number="51" hits="8" branch="False" />
                <line number="52" hits="13" branch="False" />
                <line number="53" hits="8" branch="False" />
                <line number="54" hits="20" branch="False" />
                <line number="55" hits="44" branch="False" />
                <line number="57" hits="8" branch="False" />
                <line number="58" hits="8" branch="False" />
              </lines>
            </method>
            <method name="GetInternalRepository" signature="(System.String)" line-rate="0" branch-rate="1">
              <lines>
                <line number="86" hits="0" branch="False" />
                <line number="87" hits="0" branch="False" />
                <line number="88" hits="0" branch="False" />
                <line number="89" hits="0" branch="False" />
                <line number="90" hits="0" branch="False" />
                <line number="91" hits="0" branch="False" />
                <line number="93" hits="0" branch="False" />
                <line number="94" hits="0" branch="False" />
                <line number="95" hits="0" branch="False" />
                <line number="97" hits="0" branch="False" />
                <line number="98" hits="0" branch="False" />
              </lines>
            </method>
            <method name=".ctor" signature="(EncorePrivateCompatibilityCheck.IEncoreInternalCheckCompatibilityHandler,Microsoft.Extensions.Logging.ILogger`1&lt;EncoreCache.ICompatibilityChecker&gt;)" line-rate="1" branch-rate="1">
              <lines>
                <line number="24" hits="6" branch="False" />
                <line number="25" hits="6" branch="False" />
                <line number="26" hits="6" branch="False" />
                <line number="27" hits="6" branch="False" />
                <line number="28" hits="6" branch="False" />
              </lines>
            </method>
          </methods>
          <lines>
            <line number="33" hits="8" branch="False" />
            <line number="34" hits="8" branch="False" />
            <line number="35" hits="8" branch="False" />
            <line number="37" hits="8" branch="False" />
            <line number="38" hits="8" branch="False" />
            <line number="39" hits="20" branch="False" />
            <line number="40" hits="20" branch="False" />
            <line number="41" hits="20" branch="True" condition-coverage="100% (2/2)">
              <conditions>
                <condition number="21" type="jump" coverage="100%" />
              </conditions>
            </line>
            <line number="42" hits="15" branch="False" />
            <line number="43" hits="15" branch="False" />
            <line number="44" hits="15" branch="False" />
            <line number="45" hits="8" branch="False" />
            <line number="46" hits="13" branch="False" />
            <line number="47" hits="13" branch="False" />
            <line number="48" hits="13" branch="False" />
            <line number="49" hits="13" branch="False" />
            <line number="50" hits="8" branch="False" />
            <line number="51" hits="8" branch="False" />
            <line number="52" hits="13" branch="False" />
            <line number="53" hits="8" branch="False" />
            <line number="54" hits="20" branch="False" />
            <line number="55" hits="44" branch="False" />
            <line number="57" hits="8" branch="False" />
            <line number="58" hits="8" branch="False" />
            <line number="86" hits="0" branch="False" />
            <line number="87" hits="0" branch="False" />
            <line number="88" hits="0" branch="False" />
            <line number="89" hits="0" branch="False" />
            <line number="90" hits="0" branch="False" />
            <line number="91" hits="0" branch="False" />
            <line number="93" hits="0" branch="False" />
            <line number="94" hits="0" branch="False" />
            <line number="95" hits="0" branch="False" />
            <line number="97" hits="0" branch="False" />
            <line number="98" hits="0" branch="False" />
            <line number="24" hits="6" branch="False" />
            <line number="25" hits="6" branch="False" />
            <line number="26" hits="6" branch="False" />
            <line number="27" hits="6" branch="False" />
            <line number="28" hits="6" branch="False" />
          </lines>
        </class>
        <class name="EncoreCache.InternalPackagesCompatibilityChecker/&lt;processCompatibility&gt;d__4" filename="EncorePorting/EncorePorting/EncoreCache/InternalPackagesCompatibilityChecker.cs" line-rate="0.8095" branch-rate="0.5" complexity="2">
          <methods>
            <method name="MoveNext" signature="()" line-rate="0.8095" branch-rate="0.5">
              <lines>
                <line number="61" hits="7" branch="False" />
                <line number="63" hits="7" branch="False" />
                <line number="64" hits="7" branch="False" />
                <line number="65" hits="7" branch="False" />
                <line number="66" hits="7" branch="False" />
                <line number="67" hits="7" branch="False" />
                <line number="68" hits="7" branch="False" />
                <line number="70" hits="6" branch="True" condition-coverage="50% (1/2)">
                  <conditions>
                    <condition number="246" type="jump" coverage="50%" />
                  </conditions>
                </line>
                <line number="71" hits="6" branch="False" />
                <line number="72" hits="6" branch="False" />
                <line number="73" hits="6" branch="False" />
                <line number="74" hits="6" branch="False" />
                <line number="75" hits="6" branch="False" />
                <line number="76" hits="6" branch="False" />
                <line number="77" hits="6" branch="False" />
                <line number="78" hits="6" branch="False" />
                <line number="79" hits="0" branch="False" />
                <line number="80" hits="0" branch="False" />
                <line number="81" hits="0" branch="False" />
                <line number="82" hits="0" branch="False" />
                <line number="83" hits="6" branch="False" />
              </lines>
            </method>
          </methods>
          <lines>
            <line number="61" hits="7" branch="False" />
            <line number="63" hits="7" branch="False" />
            <line number="64" hits="7" branch="False" />
            <line number="65" hits="7" branch="False" />
            <line number="66" hits="7" branch="False" />
            <line number="67" hits="7" branch="False" />
            <line number="68" hits="7" branch="False" />
            <line number="70" hits="6" branch="True" condition-coverage="50% (1/2)">
              <conditions>
                <condition number="246" type="jump" coverage="50%" />
              </conditions>
            </line>
            <line number="71" hits="6" branch="False" />
            <line number="72" hits="6" branch="False" />
            <line number="73" hits="6" branch="False" />
            <line number="74" hits="6" branch="False" />
            <line number="75" hits="6" branch="False" />
            <line number="76" hits="6" branch="False" />
            <line number="77" hits="6" branch="False" />
            <line number="78" hits="6" branch="False" />
            <line number="79" hits="0" branch="False" />
            <line number="80" hits="0" branch="False" />
            <line number="81" hits="0" branch="False" />
            <line number="82" hits="0" branch="False" />
            <line number="83" hits="6" branch="False" />
          </lines>
        </class>
        <class name="EncoreCache.InternalPackagesCompatibilityChecker/&lt;getInternalPackagesAsync&gt;d__6" filename="EncorePorting/EncorePorting/EncoreCache/InternalPackagesCompatibilityChecker.cs" line-rate="0.862" branch-rate="1" complexity="6">
          <methods>
            <method name="MoveNext" signature="()" line-rate="0.862" branch-rate="1">
              <lines>
                <line number="101" hits="8" branch="False" />
                <line number="102" hits="8" branch="False" />
                <line number="104" hits="40" branch="True" condition-coverage="100% (2/2)">
                  <conditions>
                    <condition number="672" type="jump" coverage="100%" />
                  </conditions>
                </line>
                <line number="105" hits="8" branch="False" />
                <line number="106" hits="8" branch="False" />
                <line number="107" hits="8" branch="False" />
                <line number="108" hits="8" branch="False" />
                <line number="111" hits="8" branch="False" />
                <line number="112" hits="48" branch="True" condition-coverage="100% (2/2)">
                  <conditions>
                    <condition number="513" type="jump" coverage="100%" />
                  </conditions>
                </line>
                <line number="113" hits="12" branch="False" />
                <line number="114" hits="12" branch="False" />
                <line number="115" hits="12" branch="False" />
                <line number="116" hits="12" branch="False" />
                <line number="117" hits="12" branch="False" />
                <line number="118" hits="12" branch="False" />
                <line number="119" hits="12" branch="False" />
                <line number="120" hits="12" branch="True" condition-coverage="100% (2/2)">
                  <conditions>
                    <condition number="472" type="jump" coverage="100%" />
                  </conditions>
                </line>
                <line number="121" hits="7" branch="False" />
                <line number="122" hits="7" branch="False" />
                <line number="123" hits="7" branch="False" />
                <line number="124" hits="12" branch="False" />
                <line number="125" hits="8" branch="False" />
                <line number="126" hits="0" branch="False" />
                <line number="127" hits="0" branch="False" />
                <line number="128" hits="0" branch="False" />
                <line number="129" hits="0" branch="False" />
                <line number="131" hits="8" branch="False" />
                <line number="132" hits="8" branch="False" />
                <line number="133" hits="8" branch="False" />
              </lines>
            </method>
          </methods>
          <lines>
            <line number="101" hits="8" branch="False" />
            <line number="102" hits="8" branch="False" />
            <line number="104" hits="40" branch="True" condition-coverage="100% (2/2)">
              <conditions>
                <condition number="672" type="jump" coverage="100%" />
              </conditions>
            </line>
            <line number="105" hits="8" branch="False" />
            <line number="106" hits="8" branch="False" />
            <line number="107" hits="8" branch="False" />
            <line number="108" hits="8" branch="False" />
            <line number="111" hits="8" branch="False" />
            <line number="112" hits="48" branch="True" condition-coverage="100% (2/2)">
              <conditions>
                <condition number="513" type="jump" coverage="100%" />
              </conditions>
            </line>
            <line number="113" hits="12" branch="False" />
            <line number="114" hits="12" branch="False" />
            <line number="115" hits="12" branch="False" />
            <line number="116" hits="12" branch="False" />
            <line number="117" hits="12" branch="False" />
            <line number="118" hits="12" branch="False" />
            <line number="119" hits="12" branch="False" />
            <line number="120" hits="12" branch="True" condition-coverage="100% (2/2)">
              <conditions>
                <condition number="472" type="jump" coverage="100%" />
              </conditions>
            </line>
            <line number="121" hits="7" branch="False" />
            <line number="122" hits="7" branch="False" />
            <line number="123" hits="7" branch="False" />
            <line number="124" hits="12" branch="False" />
            <line number="125" hits="8" branch="False" />
            <line number="126" hits="0" branch="False" />
            <line number="127" hits="0" branch="False" />
            <line number="128" hits="0" branch="False" />
            <line number="129" hits="0" branch="False" />
            <line number="131" hits="8" branch="False" />
            <line number="132" hits="8" branch="False" />
            <line number="133" hits="8" branch="False" />
          </lines>
        </class>
      </classes>
    </package>
    <package name="EncoreAssessment" line-rate="0.8321" branch-rate="0.6428" complexity="29">
      <classes>
        <class name="EncoreAssesmentPipeline.PreAssesmentValidator" filename="EncorePorting/EncorePorting/EncoreAssessment/PreAssesmentValidator.cs" line-rate="0" branch-rate="1" complexity="2">
          <methods>
            <method name="isProjectSupported" signature="()" line-rate="0" branch-rate="1">
              <lines>
                <line number="12" hits="0" branch="False" />
                <line number="13" hits="0" branch="False" />
                <line number="14" hits="0" branch="False" />
              </lines>
            </method>
            <method name=".ctor" signature="(System.String)" line-rate="0" branch-rate="1">
              <lines>
                <line number="7" hits="0" branch="False" />
                <line number="8" hits="0" branch="False" />
                <line number="9" hits="0" branch="False" />
                <line number="10" hits="0" branch="False" />
              </lines>
            </method>
          </methods>
          <lines>
            <line number="12" hits="0" branch="False" />
            <line number="13" hits="0" branch="False" />
            <line number="14" hits="0" branch="False" />
            <line number="7" hits="0" branch="False" />
            <line number="8" hits="0" branch="False" />
            <line number="9" hits="0" branch="False" />
            <line number="10" hits="0" branch="False" />
          </lines>
        </class>
        <class name="EncoreAssessment.AssessmentHandler" filename="EncorePorting/EncorePorting/EncoreAssessment/AssessmentHandler.cs" line-rate="0.9714" branch-rate="0.6666" complexity="9">
          <methods>
            <method name="GetSolutions" signature="(System.Collections.Generic.List`1&lt;System.String&gt;)" line-rate="1" branch-rate="1">
              <lines>
                <line number="26" hits="1" branch="False" />
                <line number="27" hits="1" branch="False" />
                <line number="28" hits="5" branch="True" condition-coverage="100% (2/2)">
                  <conditions>
                    <condition number="79" type="jump" coverage="100%" />
                  </conditions>
                </line>
                <line number="29" hits="1" branch="False" />
                <line number="30" hits="1" branch="False" />
                <line number="31" hits="1" branch="False" />
                <line number="32" hits="1" branch="False" />
                <line number="33" hits="1" branch="False" />
                <line number="34" hits="1" branch="False" />
                <line number="35" hits="1" branch="False" />
                <line number="36" hits="1" branch="False" />
                <line number="37" hits="1" branch="False" />
                <line number="38" hits="1" branch="False" />
              </lines>
            </method>
            <method name="GetProjects" signature="(System.String)" line-rate="0.9411" branch-rate="1">
              <lines>
                <line number="41" hits="1" branch="False" />
                <line number="42" hits="1" branch="False" />
                <line number="44" hits="1" branch="False" />
                <line number="45" hits="5" branch="False" />
                <line number="46" hits="5" branch="False" />
                <line number="47" hits="1" branch="False" />
                <line number="48" hits="5" branch="False" />
                <line number="49" hits="5" branch="False" />
                <line number="50" hits="0" branch="False" />
                <line number="51" hits="0" branch="False" />
                <line number="52" hits="1" branch="False" />
                <line number="53" hits="1" branch="False" />
                <line number="54" hits="5" branch="False" />
                <line number="55" hits="1" branch="False" />
                <line number="56" hits="5" branch="False" />
                <line number="57" hits="5" branch="False" />
                <line number="58" hits="5" branch="False" />
                <line number="59" hits="5" branch="False" />
                <line number="60" hits="5" branch="False" />
                <line number="61" hits="5" branch="False" />
                <line number="62" hits="5" branch="False" />
                <line number="63" hits="5" branch="False" />
                <line number="64" hits="5" branch="False" />
                <line number="65" hits="5" branch="False" />
                <line number="66" hits="9" branch="False" />
                <line number="68" hits="5" branch="False" />
                <line number="69" hits="1" branch="False" />
                <line number="71" hits="1" branch="False" />
                <line number="72" hits="1" branch="False" />
                <line number="73" hits="1" branch="False" />
                <line number="74" hits="1" branch="False" />
                <line number="75" hits="1" branch="False" />
                <line number="77" hits="1" branch="False" />
                <line number="78" hits="1" branch="False" />
              </lines>
            </method>
            <method name="GetProjectReferencesWithCompatibility" signature="(System.Collections.Generic.IReadOnlyList`1&lt;EncoreCommon.Model.NugetPackage&gt;,System.String)" line-rate="1" branch-rate="1">
              <lines>
                <line number="81" hits="1" branch="False" />
                <line number="82" hits="1" branch="False" />
                <line number="83" hits="13" branch="False" />
                <line number="84" hits="13" branch="False" />
                <line number="85" hits="25" branch="False" />
                <line number="87" hits="1" branch="False" />
                <line number="89" hits="1" branch="False" />
                <line number="90" hits="13" branch="False" />
                <line number="91" hits="13" branch="False" />
                <line number="92" hits="25" branch="False" />
                <line number="93" hits="25" branch="False" />
                <line number="94" hits="25" branch="False" />
                <line number="95" hits="25" branch="False" />
                <line number="96" hits="25" branch="False" />
                <line number="97" hits="25" branch="False" />
                <line number="98" hits="25" branch="False" />
                <line number="99" hits="13" branch="False" />
                <line number="100" hits="1" branch="False" />
              </lines>
            </method>
            <method name=".ctor" signature="(Microsoft.Extensions.Logging.ILogger`1&lt;EncoreAssessment.AssessmentHandler&gt;,EncoreCache.IEncoreCacheHandler)" line-rate="1" branch-rate="1">
              <lines>
                <line number="19" hits="1" branch="False" />
                <line number="20" hits="1" branch="False" />
                <line number="21" hits="1" branch="False" />
                <line number="22" hits="1" branch="False" />
                <line number="23" hits="1" branch="False" />
              </lines>
            </method>
          </methods>
          <lines>
            <line number="26" hits="1" branch="False" />
            <line number="27" hits="1" branch="False" />
            <line number="28" hits="5" branch="True" condition-coverage="100% (2/2)">
              <conditions>
                <condition number="79" type="jump" coverage="100%" />
              </conditions>
            </line>
            <line number="29" hits="1" branch="False" />
            <line number="30" hits="1" branch="False" />
            <line number="31" hits="1" branch="False" />
            <line number="32" hits="1" branch="False" />
            <line number="33" hits="1" branch="False" />
            <line number="34" hits="1" branch="False" />
            <line number="35" hits="1" branch="False" />
            <line number="36" hits="1" branch="False" />
            <line number="37" hits="1" branch="False" />
            <line number="38" hits="1" branch="False" />
            <line number="41" hits="1" branch="False" />
            <line number="42" hits="1" branch="False" />
            <line number="44" hits="1" branch="False" />
            <line number="45" hits="5" branch="False" />
            <line number="46" hits="5" branch="False" />
            <line number="47" hits="1" branch="False" />
            <line number="48" hits="5" branch="False" />
            <line number="49" hits="5" branch="False" />
            <line number="50" hits="0" branch="False" />
            <line number="51" hits="0" branch="False" />
            <line number="52" hits="1" branch="False" />
            <line number="53" hits="1" branch="False" />
            <line number="54" hits="5" branch="False" />
            <line number="55" hits="1" branch="False" />
            <line number="56" hits="5" branch="False" />
            <line number="57" hits="5" branch="False" />
            <line number="58" hits="5" branch="False" />
            <line number="59" hits="5" branch="False" />
            <line number="60" hits="5" branch="False" />
            <line number="61" hits="5" branch="False" />
            <line number="62" hits="5" branch="False" />
            <line number="63" hits="5" branch="False" />
            <line number="64" hits="5" branch="False" />
            <line number="65" hits="5" branch="False" />
            <line number="66" hits="9" branch="False" />
            <line number="68" hits="5" branch="False" />
            <line number="69" hits="1" branch="False" />
            <line number="71" hits="1" branch="False" />
            <line number="72" hits="1" branch="False" />
            <line number="73" hits="1" branch="False" />
            <line number="74" hits="1" branch="False" />
            <line number="75" hits="1" branch="False" />
            <line number="77" hits="1" branch="False" />
            <line number="78" hits="1" branch="False" />
            <line number="81" hits="1" branch="False" />
            <line number="82" hits="1" branch="False" />
            <line number="83" hits="13" branch="False" />
            <line number="84" hits="13" branch="False" />
            <line number="85" hits="25" branch="False" />
            <line number="87" hits="1" branch="False" />
            <line number="89" hits="1" branch="False" />
            <line number="90" hits="13" branch="False" />
            <line number="91" hits="13" branch="False" />
            <line number="92" hits="25" branch="False" />
            <line number="93" hits="25" branch="False" />
            <line number="94" hits="25" branch="False" />
            <line number="95" hits="25" branch="False" />
            <line number="96" hits="25" branch="False" />
            <line number="97" hits="25" branch="False" />
            <line number="98" hits="25" branch="False" />
            <line number="99" hits="13" branch="False" />
            <line number="100" hits="1" branch="False" />
            <line number="19" hits="1" branch="False" />
            <line number="20" hits="1" branch="False" />
            <line number="21" hits="1" branch="False" />
            <line number="22" hits="1" branch="False" />
            <line number="23" hits="1" branch="False" />
          </lines>
        </class>
        <class name="EncoreAssessment.AssessmentHandler/NugetDependencyCompatibilityPair" filename="EncorePorting/EncorePorting/EncoreAssessment/AssessmentHandler.cs" line-rate="0" branch-rate="1" complexity="2">
          <methods>
            <method name="get_Nuget" signature="()" line-rate="0" branch-rate="1">
              <lines>
                <line number="104" hits="0" branch="False" />
              </lines>
            </method>
            <method name="get_ResultTask" signature="()" line-rate="0" branch-rate="1">
              <lines>
                <line number="105" hits="0" branch="False" />
              </lines>
            </method>
          </methods>
          <lines>
            <line number="104" hits="0" branch="False" />
            <line number="105" hits="0" branch="False" />
          </lines>
        </class>
        <class name="EncoreAssessment.FileParser.ProjectFileParser" filename="EncorePorting/EncorePorting/EncoreAssessment/FileParser/ProjectFileParser.cs" line-rate="0.8793000000000001" branch-rate="0.625" complexity="13">
          <methods>
            <method name="GetTargetFrameworks" signature="()" line-rate="1" branch-rate="1">
              <lines>
                <line number="43" hits="8" branch="False" />
                <line number="44" hits="8" branch="False" />
                <line number="45" hits="8" branch="False" />
              </lines>
            </method>
            <method name="GetPackageReferences" signature="()" line-rate="0.9523" branch-rate="0.75">
              <lines>
                <line number="48" hits="6" branch="False" />
                <line number="50" hits="6" branch="True" condition-coverage="100% (2/2)">
                  <conditions>
                    <condition number="9" type="jump" coverage="100%" />
                  </conditions>
                </line>
                <line number="51" hits="3" branch="False" />
                <line number="52" hits="3" branch="False" />
                <line number="53" hits="27" branch="False" />
                <line number="54" hits="27" branch="False" />
                <line number="55" hits="27" branch="False" />
                <line number="56" hits="27" branch="False" />
                <line number="57" hits="27" branch="False" />
                <line number="58" hits="27" branch="False" />
                <line number="59" hits="27" branch="False" />
                <line number="63" hits="3" branch="True" condition-coverage="50% (1/2)">
                  <conditions>
                    <condition number="70" type="jump" coverage="50%" />
                  </conditions>
                </line>
                <line number="64" hits="3" branch="False" />
                <line number="65" hits="3" branch="False" />
                <line number="66" hits="15" branch="False" />
                <line number="67" hits="15" branch="False" />
                <line number="68" hits="15" branch="False" />
                <line number="69" hits="15" branch="False" />
                <line number="70" hits="15" branch="False" />
                <line number="74" hits="0" branch="False" />
                <line number="75" hits="6" branch="False" />
              </lines>
            </method>
            <method name="GetProjectReferences" signature="()" line-rate="1" branch-rate="1">
              <lines>
                <line number="78" hits="6" branch="False" />
                <line number="79" hits="21" branch="False" />
                <line number="80" hits="6" branch="False" />
              </lines>
            </method>
            <method name="IsPackagesConfigProject" signature="()" line-rate="1" branch-rate="1">
              <lines>
                <line number="83" hits="6" branch="False" />
                <line number="84" hits="6" branch="False" />
                <line number="85" hits="6" branch="False" />
              </lines>
            </method>
            <method name="IsProjectReferenceProject" signature="()" line-rate="1" branch-rate="1">
              <lines>
                <line number="88" hits="3" branch="False" />
                <line number="89" hits="3" branch="False" />
                <line number="90" hits="3" branch="False" />
              </lines>
            </method>
            <method name="ProcessPackagesConfigFile" signature="()" line-rate="0.6666" branch-rate="0.5">
              <lines>
                <line number="93" hits="3" branch="False" />
                <line number="94" hits="3" branch="True" condition-coverage="50% (1/2)">
                  <conditions>
                    <condition number="14" type="jump" coverage="50%" />
                  </conditions>
                </line>
                <line number="95" hits="3" branch="False" />
                <line number="97" hits="3" branch="False" />
                <line number="98" hits="3" branch="False" />
                <line number="99" hits="3" branch="False" />
                <line number="100" hits="3" branch="False" />
                <line number="102" hits="0" branch="False" />
                <line number="103" hits="0" branch="False" />
                <line number="104" hits="0" branch="False" />
                <line number="107" hits="0" branch="False" />
                <line number="108" hits="3" branch="False" />
              </lines>
            </method>
            <method name=".ctor" signature="(System.String)" line-rate="0.8332999999999999" branch-rate="0.5">
              <lines>
                <line number="27" hits="6" branch="False" />
                <line number="28" hits="6" branch="False" />
                <line number="29" hits="6" branch="False" />
                <line number="30" hits="6" branch="False" />
                <line number="31" hits="6" branch="False" />
                <line number="32" hits="6" branch="False" />
                <line number="34" hits="6" branch="False" />
                <line number="35" hits="6" branch="False" />
                <line number="36" hits="6" branch="True" condition-coverage="50% (1/2)">
                  <conditions>
                    <condition number="132" type="jump" coverage="50%" />
                  </conditions>
                </line>
                <line number="37" hits="0" branch="False" />
                <line number="38" hits="0" branch="False" />
                <line number="40" hits="6" branch="False" />
              </lines>
            </method>
            <method name=".cctor" signature="()" line-rate="1" branch-rate="1">
              <lines>
                <line number="18" hits="1" branch="False" />
              </lines>
            </method>
          </methods>
          <lines>
            <line number="43" hits="8" branch="False" />
            <line number="44" hits="8" branch="False" />
            <line number="45" hits="8" branch="False" />
            <line number="48" hits="6" branch="False" />
            <line number="50" hits="6" branch="True" condition-coverage="100% (2/2)">
              <conditions>
                <condition number="9" type="jump" coverage="100%" />
              </conditions>
            </line>
            <line number="51" hits="3" branch="False" />
            <line number="52" hits="3" branch="False" />
            <line number="53" hits="27" branch="False" />
            <line number="54" hits="27" branch="False" />
            <line number="55" hits="27" branch="False" />
            <line number="56" hits="27" branch="False" />
            <line number="57" hits="27" branch="False" />
            <line number="58" hits="27" branch="False" />
            <line number="59" hits="27" branch="False" />
            <line number="63" hits="3" branch="True" condition-coverage="50% (1/2)">
              <conditions>
                <condition number="70" type="jump" coverage="50%" />
              </conditions>
            </line>
            <line number="64" hits="3" branch="False" />
            <line number="65" hits="3" branch="False" />
            <line number="66" hits="15" branch="False" />
            <line number="67" hits="15" branch="False" />
            <line number="68" hits="15" branch="False" />
            <line number="69" hits="15" branch="False" />
            <line number="70" hits="15" branch="False" />
            <line number="74" hits="0" branch="False" />
            <line number="75" hits="6" branch="False" />
            <line number="78" hits="6" branch="False" />
            <line number="79" hits="21" branch="False" />
            <line number="80" hits="6" branch="False" />
            <line number="83" hits="6" branch="False" />
            <line number="84" hits="6" branch="False" />
            <line number="85" hits="6" branch="False" />
            <line number="88" hits="3" branch="False" />
            <line number="89" hits="3" branch="False" />
            <line number="90" hits="3" branch="False" />
            <line number="93" hits="3" branch="False" />
            <line number="94" hits="3" branch="True" condition-coverage="50% (1/2)">
              <conditions>
                <condition number="14" type="jump" coverage="50%" />
              </conditions>
            </line>
            <line number="95" hits="3" branch="False" />
            <line number="97" hits="3" branch="False" />
            <line number="98" hits="3" branch="False" />
            <line number="99" hits="3" branch="False" />
            <line number="100" hits="3" branch="False" />
            <line number="102" hits="0" branch="False" />
            <line number="103" hits="0" branch="False" />
            <line number="104" hits="0" branch="False" />
            <line number="107" hits="0" branch="False" />
            <line number="108" hits="3" branch="False" />
            <line number="27" hits="6" branch="False" />
            <line number="28" hits="6" branch="False" />
            <line number="29" hits="6" branch="False" />
            <line number="30" hits="6" branch="False" />
            <line number="31" hits="6" branch="False" />
            <line number="32" hits="6" branch="False" />
            <line number="34" hits="6" branch="False" />
            <line number="35" hits="6" branch="False" />
            <line number="36" hits="6" branch="True" condition-coverage="50% (1/2)">
              <conditions>
                <condition number="132" type="jump" coverage="50%" />
              </conditions>
            </line>
            <line number="37" hits="0" branch="False" />
            <line number="38" hits="0" branch="False" />
            <line number="40" hits="6" branch="False" />
            <line number="18" hits="1" branch="False" />
          </lines>
        </class>
        <class name="EncoreAssessment.ErrorHandle.EncoreAssessmentException" filename="EncorePorting/EncorePorting/EncoreAssessment/ErrorHandle/EncoreAssessmentException.cs" line-rate="0" branch-rate="1" complexity="3">
          <methods>
            <method name=".ctor" signature="()" line-rate="0" branch-rate="1">
              <lines>
                <line number="6" hits="0" branch="False" />
                <line number="7" hits="0" branch="False" />
              </lines>
            </method>
            <method name=".ctor" signature="(System.String)" line-rate="0" branch-rate="1">
              <lines>
                <line number="9" hits="0" branch="False" />
                <line number="10" hits="0" branch="False" />
              </lines>
            </method>
            <method name=".ctor" signature="(System.String,System.Exception)" line-rate="0" branch-rate="1">
              <lines>
                <line number="13" hits="0" branch="False" />
                <line number="14" hits="0" branch="False" />
              </lines>
            </method>
          </methods>
          <lines>
            <line number="6" hits="0" branch="False" />
            <line number="7" hits="0" branch="False" />
            <line number="9" hits="0" branch="False" />
            <line number="10" hits="0" branch="False" />
            <line number="13" hits="0" branch="False" />
            <line number="14" hits="0" branch="False" />
          </lines>
        </class>
      </classes>
    </package>
    <package name="AmazonSourceCodeModel" line-rate="0" branch-rate="0" complexity="164">
      <classes>
        <class name="Amazon.CodeAnalysis.Model.ApiRecommendationModelImpl" filename="AmazonSourceCodeModel/Impl/ApiRecommendationModelImpl.cs" line-rate="0" branch-rate="0" complexity="3">
          <methods>
            <method name="OverrideParameters" signature="()" line-rate="0" branch-rate="0">
              <lines>
                <line number="16" hits="0" branch="False" />
                <line number="17" hits="0" branch="True" condition-coverage="0% (0/2)">
                  <conditions>
                    <condition number="7" type="jump" coverage="0%" />
                  </conditions>
                </line>
                <line number="18" hits="0" branch="False" />
              </lines>
            </method>
            <method name=".ctor" signature="()" line-rate="0" branch-rate="1">
              <lines>
                <line number="11" hits="0" branch="False" />
                <line number="12" hits="0" branch="False" />
                <line number="13" hits="0" branch="False" />
              </lines>
            </method>
          </methods>
          <lines>
            <line number="16" hits="0" branch="False" />
            <line number="17" hits="0" branch="True" condition-coverage="0% (0/2)">
              <conditions>
                <condition number="7" type="jump" coverage="0%" />
              </conditions>
            </line>
            <line number="18" hits="0" branch="False" />
            <line number="11" hits="0" branch="False" />
            <line number="12" hits="0" branch="False" />
            <line number="13" hits="0" branch="False" />
          </lines>
        </class>
        <class name="Amazon.CodeAnalysis.Model.ArgumentModelImpl" filename="AmazonSourceCodeModel/Impl/ArgumentModelImpl.cs" line-rate="0" branch-rate="0" complexity="8">
          <methods>
            <method name="get_Type" signature="()" line-rate="0" branch-rate="1">
              <lines>
                <line number="19" hits="0" branch="False" />
              </lines>
            </method>
            <method name="Equals" signature="(System.Object)" line-rate="0" branch-rate="0">
              <lines>
                <line number="22" hits="0" branch="False" />
                <line number="23" hits="0" branch="True" condition-coverage="0% (0/4)">
                  <conditions>
                    <condition number="9" type="jump" coverage="0%" />
                    <condition number="28" type="jump" coverage="0%" />
                  </conditions>
                </line>
                <line number="24" hits="0" branch="False" />
                <line number="25" hits="0" branch="False" />
                <line number="26" hits="0" branch="False" />
              </lines>
            </method>
            <method name="GetHashCode" signature="()" line-rate="0" branch-rate="1">
              <lines>
                <line number="29" hits="0" branch="False" />
                <line number="30" hits="0" branch="False" />
                <line number="31" hits="0" branch="False" />
              </lines>
            </method>
            <method name="ToString" signature="()" line-rate="0" branch-rate="1">
              <lines>
                <line number="34" hits="0" branch="False" />
                <line number="35" hits="0" branch="False" />
                <line number="36" hits="0" branch="False" />
              </lines>
            </method>
            <method name=".ctor" signature="(System.String,System.String)" line-rate="0" branch-rate="1">
              <lines>
                <line number="13" hits="0" branch="False" />
                <line number="14" hits="0" branch="False" />
                <line number="15" hits="0" branch="False" />
                <line number="16" hits="0" branch="False" />
                <line number="17" hits="0" branch="False" />
              </lines>
            </method>
          </methods>
          <lines>
            <line number="19" hits="0" branch="False" />
            <line number="22" hits="0" branch="False" />
            <line number="23" hits="0" branch="True" condition-coverage="0% (0/4)">
              <conditions>
                <condition number="9" type="jump" coverage="0%" />
                <condition number="28" type="jump" coverage="0%" />
              </conditions>
            </line>
            <line number="24" hits="0" branch="False" />
            <line number="25" hits="0" branch="False" />
            <line number="26" hits="0" branch="False" />
            <line number="29" hits="0" branch="False" />
            <line number="30" hits="0" branch="False" />
            <line number="31" hits="0" branch="False" />
            <line number="34" hits="0" branch="False" />
            <line number="35" hits="0" branch="False" />
            <line number="36" hits="0" branch="False" />
            <line number="13" hits="0" branch="False" />
            <line number="14" hits="0" branch="False" />
            <line number="15" hits="0" branch="False" />
            <line number="16" hits="0" branch="False" />
            <line number="17" hits="0" branch="False" />
          </lines>
        </class>
        <class name="Amazon.CodeAnalysis.Model.AssemblyModelImpl" filename="AmazonSourceCodeModel/Impl/AssemblyModelImpl.cs" line-rate="0" branch-rate="0" complexity="11">
          <methods>
            <method name="get_ModuleName" signature="()" line-rate="0" branch-rate="1">
              <lines>
                <line number="21" hits="0" branch="False" />
              </lines>
            </method>
            <method name="get_ModuleVersion" signature="()" line-rate="0" branch-rate="1">
              <lines>
                <line number="22" hits="0" branch="False" />
              </lines>
            </method>
            <method name="Equals" signature="(System.Object)" line-rate="0" branch-rate="0">
              <lines>
                <line number="25" hits="0" branch="False" />
                <line number="26" hits="0" branch="True" condition-coverage="0% (0/6)">
                  <conditions>
                    <condition number="9" type="jump" coverage="0%" />
                    <condition number="18" type="jump" coverage="0%" />
                    <condition number="37" type="jump" coverage="0%" />
                  </conditions>
                </line>
                <line number="27" hits="0" branch="False" />
                <line number="28" hits="0" branch="False" />
                <line number="29" hits="0" branch="False" />
                <line number="30" hits="0" branch="False" />
              </lines>
            </method>
            <method name="GetHashCode" signature="()" line-rate="0" branch-rate="1">
              <lines>
                <line number="33" hits="0" branch="False" />
                <line number="34" hits="0" branch="False" />
                <line number="35" hits="0" branch="False" />
              </lines>
            </method>
            <method name="ToString" signature="()" line-rate="0" branch-rate="1">
              <lines>
                <line number="38" hits="0" branch="False" />
                <line number="39" hits="0" branch="False" />
                <line number="40" hits="0" branch="False" />
              </lines>
            </method>
            <method name=".ctor" signature="(System.String,System.String,System.String)" line-rate="0" branch-rate="1">
              <lines>
                <line number="14" hits="0" branch="False" />
                <line number="15" hits="0" branch="False" />
                <line number="16" hits="0" branch="False" />
                <line number="17" hits="0" branch="False" />
                <line number="18" hits="0" branch="False" />
                <line number="19" hits="0" branch="False" />
              </lines>
            </method>
          </methods>
          <lines>
            <line number="21" hits="0" branch="False" />
            <line number="22" hits="0" branch="False" />
            <line number="25" hits="0" branch="False" />
            <line number="26" hits="0" branch="True" condition-coverage="0% (0/6)">
              <conditions>
                <condition number="9" type="jump" coverage="0%" />
                <condition number="18" type="jump" coverage="0%" />
                <condition number="37" type="jump" coverage="0%" />
              </conditions>
            </line>
            <line number="27" hits="0" branch="False" />
            <line number="28" hits="0" branch="False" />
            <line number="29" hits="0" branch="False" />
            <line number="30" hits="0" branch="False" />
            <line number="33" hits="0" branch="False" />
            <line number="34" hits="0" branch="False" />
            <line number="35" hits="0" branch="False" />
            <line number="38" hits="0" branch="False" />
            <line number="39" hits="0" branch="False" />
            <line number="40" hits="0" branch="False" />
            <line number="14" hits="0" branch="False" />
            <line number="15" hits="0" branch="False" />
            <line number="16" hits="0" branch="False" />
            <line number="17" hits="0" branch="False" />
            <line number="18" hits="0" branch="False" />
            <line number="19" hits="0" branch="False" />
          </lines>
        </class>
        <class name="Amazon.CodeAnalysis.Model.BaseObjectModelImpl" filename="AmazonSourceCodeModel/Impl/BaseObjectModelImpl.cs" line-rate="0" branch-rate="0" complexity="26">
          <methods>
            <method name="get_Location" signature="()" line-rate="0" branch-rate="1">
              <lines>
                <line number="25" hits="0" branch="False" />
              </lines>
            </method>
            <method name="get_ChildNodes" signature="()" line-rate="0" branch-rate="1">
              <lines>
                <line number="26" hits="0" branch="False" />
              </lines>
            </method>
            <method name="get_Kind" signature="()" line-rate="0" branch-rate="1">
              <lines>
                <line number="27" hits="0" branch="False" />
              </lines>
            </method>
            <method name="get_Name" signature="()" line-rate="0" branch-rate="1">
              <lines>
                <line number="28" hits="0" branch="False" />
              </lines>
            </method>
            <method name="AddChild" signature="(Amazon.CodeAnalysis.Model.BaseObjectModel)" line-rate="0" branch-rate="1">
              <lines>
                <line number="31" hits="0" branch="False" />
                <line number="32" hits="0" branch="False" />
                <line number="33" hits="0" branch="False" />
              </lines>
            </method>
            <method name="Equals" signature="(System.Object)" line-rate="0" branch-rate="0">
              <lines>
                <line number="36" hits="0" branch="False" />
                <line number="37" hits="0" branch="True" condition-coverage="0% (0/6)">
                  <conditions>
                    <condition number="9" type="jump" coverage="0%" />
                    <condition number="33" type="jump" coverage="0%" />
                    <condition number="57" type="jump" coverage="0%" />
                  </conditions>
                </line>
                <line number="38" hits="0" branch="False" />
                <line number="39" hits="0" branch="False" />
                <line number="40" hits="0" branch="False" />
                <line number="41" hits="0" branch="False" />
              </lines>
            </method>
            <method name="GetHashCode" signature="()" line-rate="0" branch-rate="1">
              <lines>
                <line number="44" hits="0" branch="False" />
                <line number="45" hits="0" branch="False" />
                <line number="46" hits="0" branch="False" />
              </lines>
            </method>
            <method name="ToString" signature="()" line-rate="0" branch-rate="0">
              <lines>
                <line number="49" hits="0" branch="False" />
                <line number="50" hits="0" branch="False" />
                <line number="51" hits="0" branch="False" />
                <line number="52" hits="0" branch="True" condition-coverage="0% (0/4)">
                  <conditions>
                    <condition number="42" type="jump" coverage="0%" />
                    <condition number="68" type="jump" coverage="0%" />
[...]
                <line number="10" hits="1" branch="False" />
              </lines>
            </method>
            <method name=".ctor" signature="(System.Xml.Linq.XElement,System.String)" line-rate="1" branch-rate="1">
              <lines>
                <line number="12" hits="15" branch="False" />
                <line number="13" hits="15" branch="False" />
                <line number="14" hits="15" branch="False" />
                <line number="15" hits="15" branch="False" />
                <line number="16" hits="15" branch="False" />
                <line number="17" hits="15" branch="False" />
                <line number="18" hits="15" branch="False" />
              </lines>
            </method>
          </methods>
          <lines>
            <line number="10" hits="1" branch="False" />
            <line number="12" hits="15" branch="False" />
            <line number="13" hits="15" branch="False" />
            <line number="14" hits="15" branch="False" />
            <line number="15" hits="15" branch="False" />
            <line number="16" hits="15" branch="False" />
            <line number="17" hits="15" branch="False" />
            <line number="18" hits="15" branch="False" />
          </lines>
        </class>
        <class name="EncoreCommon.Model.Solution" filename="EncorePorting/EncorePorting/EncoreCommon/Model/Solution.cs" line-rate="0.5" branch-rate="1" complexity="2">
          <methods>
            <method name="get_SolutionPath" signature="()" line-rate="0" branch-rate="1">
              <lines>
                <line number="5" hits="0" branch="False" />
              </lines>
            </method>
            <method name="get_NumProjects" signature="()" line-rate="1" branch-rate="1">
              <lines>
                <line number="6" hits="2" branch="False" />
              </lines>
            </method>
          </methods>
          <lines>
            <line number="5" hits="0" branch="False" />
            <line number="6" hits="2" branch="False" />
          </lines>
        </class>
        <class name="EncoreCommon.Model.NamespaceReplaceStrategy" filename="EncorePorting/EncorePorting/EncoreCommon/Model/UpgradeStrategy.cs" line-rate="0" branch-rate="1" complexity="5">
          <methods>
            <method name="get_Type" signature="()" line-rate="0" branch-rate="1">
              <lines>
                <line number="6" hits="0" branch="False" />
                <line number="7" hits="0" branch="False" />
                <line number="8" hits="0" branch="False" />
              </lines>
            </method>
            <method name="get_PackageId" signature="()" line-rate="0" branch-rate="1">
              <lines>
                <line number="10" hits="0" branch="False" />
              </lines>
            </method>
            <method name="get_LatestVersion" signature="()" line-rate="0" branch-rate="1">
              <lines>
                <line number="11" hits="0" branch="False" />
              </lines>
            </method>
            <method name="get_OldNamespace" signature="()" line-rate="0" branch-rate="1">
              <lines>
                <line number="12" hits="0" branch="False" />
              </lines>
            </method>
            <method name="get_NewNamespace" signature="()" line-rate="0" branch-rate="1">
              <lines>
                <line number="13" hits="0" branch="False" />
              </lines>
            </method>
          </methods>
          <lines>
            <line number="6" hits="0" branch="False" />
            <line number="7" hits="0" branch="False" />
            <line number="8" hits="0" branch="False" />
            <line number="10" hits="0" branch="False" />
            <line number="11" hits="0" branch="False" />
            <line number="12" hits="0" branch="False" />
            <line number="13" hits="0" branch="False" />
          </lines>
        </class>
      </classes>
    </package>
    <package name="EncorePortingBuildTargets" line-rate="1" branch-rate="1" complexity="0">
      <classes />
    </package>
    <package name="EncorePrivateCompatibilityCheck" line-rate="0.9605" branch-rate="0.875" complexity="23">
      <classes>
        <class name="EncorePrivateCompatibilityCheck.EncoreInternalCheckCompatibilityHandler" filename="EncorePorting/EncorePorting/EncorePrivateCompatibilityCheck/EncoreInternalCheckCompatibilityHandler.cs" line-rate="1" branch-rate="1" complexity="1">
          <methods>
            <method name=".ctor" signature="(Microsoft.Extensions.Logging.ILogger`1&lt;EncorePrivateCompatibilityCheck.EncoreInternalCheckCompatibilityHandler&gt;)" line-rate="1" branch-rate="1">
              <lines>
                <line number="21" hits="4" branch="False" />
                <line number="22" hits="4" branch="False" />
                <line number="23" hits="4" branch="False" />
                <line number="24" hits="4" branch="False" />
              </lines>
            </method>
          </methods>
          <lines>
            <line number="21" hits="4" branch="False" />
            <line number="22" hits="4" branch="False" />
            <line number="23" hits="4" branch="False" />
            <line number="24" hits="4" branch="False" />
          </lines>
        </class>
        <class name="EncorePrivateCompatibilityCheck.EncoreInternalCheckCompatibilityHandler/&lt;&gt;c__DisplayClass2_0" filename="EncorePorting/EncorePorting/EncorePrivateCompatibilityCheck/EncoreInternalCheckCompatibilityHandler.cs" line-rate="1" branch-rate="1" complexity="3">
          <methods>
            <method name="&lt;CheckCompatibilityAsync&gt;b__3" signature="(NuGet.Packaging.FrameworkSpecificGroup)" line-rate="1" branch-rate="1">
              <lines>
                <line number="79" hits="36" branch="False" />
                <line number="80" hits="36" branch="False" />
              </lines>
            </method>
            <method name="&lt;CheckCompatibilityAsync&gt;b__5" signature="(NuGet.Packaging.FrameworkSpecificGroup)" line-rate="1" branch-rate="1">
              <lines>
                <line number="87" hits="36" branch="False" />
              </lines>
            </method>
            <method name="&lt;CheckCompatibilityAsync&gt;b__9" signature="(System.String)" line-rate="1" branch-rate="1">
              <lines>
                <line number="93" hits="68" branch="False" />
              </lines>
            </method>
          </methods>
          <lines>
            <line number="79" hits="36" branch="False" />
            <line number="80" hits="36" branch="False" />
            <line number="87" hits="36" branch="False" />
            <line number="93" hits="68" branch="False" />
          </lines>
        </class>
        <class name="EncorePrivateCompatibilityCheck.EncoreInternalCheckCompatibilityHandler/&lt;&gt;c" filename="EncorePorting/EncorePorting/EncorePrivateCompatibilityCheck/EncoreInternalCheckCompatibilityHandler.cs" line-rate="1" branch-rate="1" complexity="7">
          <methods>
            <method name="&lt;CheckCompatibilityAsync&gt;b__2_0" signature="(NuGet.Protocol.Core.Types.SourceRepository)" line-rate="1" branch-rate="1">
              <lines>
                <line number="37" hits="17" branch="False" />
              </lines>
            </method>
            <method name="&lt;CheckCompatibilityAsync&gt;b__2_1" signature="(NuGet.Packaging.PackageDependencyGroup)" line-rate="1" branch-rate="1">
              <lines>
                <line number="74" hits="42" branch="False" />
              </lines>
            </method>
            <method name="&lt;CheckCompatibilityAsync&gt;b__2_4" signature="(NuGet.Frameworks.NuGetFramework)" line-rate="1" branch-rate="1">
              <lines>
                <line number="82" hits="32" branch="False" />
              </lines>
            </method>
            <method name="&lt;CheckCompatibilityAsync&gt;b__2_6" signature="(NuGet.Packaging.FrameworkSpecificGroup)" line-rate="1" branch-rate="1">
              <lines>
                <line number="88" hits="10" branch="False" />
              </lines>
            </method>
            <method name="&lt;CheckCompatibilityAsync&gt;b__2_7" signature="(System.String)" line-rate="1" branch-rate="1">
              <lines>
                <line number="89" hits="16" branch="False" />
              </lines>
            </method>
            <method name="&lt;CheckCompatibilityAsync&gt;b__2_8" signature="(NuGet.Packaging.FrameworkSpecificGroup)" line-rate="1" branch-rate="1">
              <lines>
                <line number="92" hits="36" branch="False" />
              </lines>
            </method>
            <method name="&lt;CheckCompatibilityAsync&gt;b__2_10" signature="(System.String)" line-rate="1" branch-rate="1">
              <lines>
                <line number="94" hits="62" branch="False" />
              </lines>
            </method>
          </methods>
          <lines>
            <line number="37" hits="17" branch="False" />
            <line number="74" hits="42" branch="False" />
            <line number="82" hits="32" branch="False" />
            <line number="88" hits="10" branch="False" />
            <line number="89" hits="16" branch="False" />
            <line number="92" hits="36" branch="False" />
            <line number="94" hits="62" branch="False" />
          </lines>
        </class>
        <class name="EncorePrivateCompatibilityCheck.EncoreInternalCheckCompatibilityHandler/&lt;CheckCompatibilityAsync&gt;d__2" filename="EncorePorting/EncorePorting/EncorePrivateCompatibilityCheck/EncoreInternalCheckCompatibilityHandler.cs" line-rate="1" branch-rate="0.875" complexity="8">
          <methods>
            <method name="MoveNext" signature="()" line-rate="1" branch-rate="0.875">
              <lines>
                <line number="27" hits="6" branch="False" />
                <line number="28" hits="6" branch="False" />
                <line number="30" hits="6" branch="False" />
                <line number="31" hits="6" branch="False" />
                <line number="32" hits="6" branch="False" />
                <line number="33" hits="6" branch="False" />
                <line number="35" hits="6" branch="False" />
                <line number="36" hits="6" branch="False" />
                <line number="39" hits="6" branch="False" />
                <line number="40" hits="6" branch="False" />
                <line number="41" hits="6" branch="False" />
                <line number="44" hits="6" branch="False" />
                <line number="45" hits="24" branch="True" condition-coverage="100% (2/2)">
                  <conditions>
                    <condition number="629" type="jump" coverage="100%" />
                  </conditions>
                </line>
                <line number="46" hits="5" branch="False" />
                <line number="47" hits="5" branch="False" />
                <line number="48" hits="5" branch="False" />
                <line number="49" hits="5" branch="False" />
                <line number="50" hits="5" branch="True" condition-coverage="100% (2/2)">
                  <conditions>
                    <condition number="598" type="jump" coverage="100%" />
                  </conditions>
                </line>
                <line number="51" hits="4" branch="False" />
                <line number="52" hits="4" branch="False" />
                <line number="54" hits="1" branch="False" />
                <line number="57" hits="6" branch="True" condition-coverage="100% (2/2)">
                  <conditions>
                    <condition number="681" type="jump" coverage="100%" />
                  </conditions>
                </line>
                <line number="58" hits="2" branch="False" />
                <line number="59" hits="2" branch="False" />
                <line number="60" hits="2" branch="False" />
                <line number="63" hits="4" branch="False" />
                <line number="64" hits="4" branch="False" />
                <line number="65" hits="4" branch="False" />
                <line number="66" hits="4" branch="False" />
                <line number="67" hits="4" branch="False" />
                <line number="68" hits="4" branch="False" />
                <line number="69" hits="4" branch="False" />
                <line number="70" hits="4" branch="False" />
                <line number="71" hits="4" branch="False" />
                <line number="73" hits="4" branch="False" />
                <line number="77" hits="4" branch="False" />
                <line number="78" hits="4" branch="False" />
                <line number="81" hits="4" branch="True" condition-coverage="50% (1/2)">
                  <conditions>
                    <condition number="1272" type="jump" coverage="50%" />
                  </conditions>
                </line>
                <line number="83" hits="4" branch="False" />
                <line number="85" hits="4" branch="False" />
                <line number="86" hits="4" branch="False" />
                <line number="90" hits="4" branch="False" />
                <line number="91" hits="4" branch="False" />
                <line number="95" hits="4" branch="False" />
                <line number="97" hits="4" branch="False" />
                <line number="98" hits="4" branch="False" />
                <line number="99" hits="4" branch="False" />
                <line number="100" hits="4" branch="False" />
                <line number="101" hits="4" branch="False" />
                <line number="102" hits="4" branch="False" />
                <line number="103" hits="4" branch="False" />
                <line number="104" hits="4" branch="False" />
                <line number="105" hits="4" branch="False" />
              </lines>
            </method>
          </methods>
          <lines>
            <line number="27" hits="6" branch="False" />
            <line number="28" hits="6" branch="False" />
            <line number="30" hits="6" branch="False" />
            <line number="31" hits="6" branch="False" />
            <line number="32" hits="6" branch="False" />
            <line number="33" hits="6" branch="False" />
            <line number="35" hits="6" branch="False" />
            <line number="36" hits="6" branch="False" />
            <line number="39" hits="6" branch="False" />
            <line number="40" hits="6" branch="False" />
            <line number="41" hits="6" branch="False" />
            <line number="44" hits="6" branch="False" />
            <line number="45" hits="24" branch="True" condition-coverage="100% (2/2)">
              <conditions>
                <condition number="629" type="jump" coverage="100%" />
              </conditions>
            </line>
            <line number="46" hits="5" branch="False" />
            <line number="47" hits="5" branch="False" />
            <line number="48" hits="5" branch="False" />
            <line number="49" hits="5" branch="False" />
            <line number="50" hits="5" branch="True" condition-coverage="100% (2/2)">
              <conditions>
                <condition number="598" type="jump" coverage="100%" />
              </conditions>
            </line>
            <line number="51" hits="4" branch="False" />
            <line number="52" hits="4" branch="False" />
            <line number="54" hits="1" branch="False" />
            <line number="57" hits="6" branch="True" condition-coverage="100% (2/2)">
              <conditions>
                <condition number="681" type="jump" coverage="100%" />
              </conditions>
            </line>
            <line number="58" hits="2" branch="False" />
            <line number="59" hits="2" branch="False" />
            <line number="60" hits="2" branch="False" />
            <line number="63" hits="4" branch="False" />
            <line number="64" hits="4" branch="False" />
            <line number="65" hits="4" branch="False" />
            <line number="66" hits="4" branch="False" />
            <line number="67" hits="4" branch="False" />
            <line number="68" hits="4" branch="False" />
            <line number="69" hits="4" branch="False" />
            <line number="70" hits="4" branch="False" />
            <line number="71" hits="4" branch="False" />
            <line number="73" hits="4" branch="False" />
            <line number="77" hits="4" branch="False" />
            <line number="78" hits="4" branch="False" />
            <line number="81" hits="4" branch="True" condition-coverage="50% (1/2)">
              <conditions>
                <condition number="1272" type="jump" coverage="50%" />
              </conditions>
            </line>
            <line number="83" hits="4" branch="False" />
            <line number="85" hits="4" branch="False" />
            <line number="86" hits="4" branch="False" />
            <line number="90" hits="4" branch="False" />
            <line number="91" hits="4" branch="False" />
            <line number="95" hits="4" branch="False" />
            <line number="97" hits="4" branch="False" />
            <line number="98" hits="4" branch="False" />
            <line number="99" hits="4" branch="False" />
            <line number="100" hits="4" branch="False" />
            <line number="101" hits="4" branch="False" />
            <line number="102" hits="4" branch="False" />
            <line number="103" hits="4" branch="False" />
            <line number="104" hits="4" branch="False" />
            <line number="105" hits="4" branch="False" />
          </lines>
        </class>
        <class name="EncorePrivateCompatibilityCheck.PackageSourceNotFoundException" filename="EncorePorting/EncorePorting/EncorePrivateCompatibilityCheck/PackageSourceNotFoundException.cs" line-rate="0.5" branch-rate="1" complexity="2">
          <methods>
            <method name=".ctor" signature="()" line-rate="1" branch-rate="1">
              <lines>
                <line number="6" hits="2" branch="False" />
                <line number="7" hits="2" branch="False" />
                <line number="8" hits="2" branch="False" />
              </lines>
            </method>
            <method name=".ctor" signature="(System.String)" line-rate="0" branch-rate="1">
              <lines>
                <line number="11" hits="0" branch="False" />
                <line number="12" hits="0" branch="False" />
                <line number="13" hits="0" branch="False" />
              </lines>
            </method>
          </methods>
          <lines>
            <line number="6" hits="2" branch="False" />
            <line number="7" hits="2" branch="False" />
            <line number="8" hits="2" branch="False" />
            <line number="11" hits="0" branch="False" />
            <line number="12" hits="0" branch="False" />
            <line number="13" hits="0" branch="False" />
          </lines>
        </class>
        <class name="EncorePrivateCompatibilityCheck.Model.CompatibilityResult" filename="EncorePorting/EncorePorting/EncorePrivateCompatibilityCheck/Model/CompatibilityResult.cs" line-rate="1" branch-rate="1" complexity="2">
          <methods>
            <method name="get_IsCompatible" signature="()" line-rate="1" branch-rate="1">
              <lines>
                <line number="7" hits="20" branch="False" />
              </lines>
            </method>
            <method name="get_source" signature="()" line-rate="1" branch-rate="1">
              <lines>
                <line number="8" hits="16" branch="False" />
              </lines>
            </method>
          </methods>
          <lines>
            <line number="7" hits="20" branch="False" />
            <line number="8" hits="16" branch="False" />
          </lines>
        </class>
      </classes>
    </package>
  </packages>
</coverage>