<?xml version="1.0" encoding="utf-8"?>
<coverage line-rate="0.32539999999999997" branch-rate="0.3849" version="1.9" timestamp="1591046741" lines-covered="649" lines-valid="1994" branches-covered="97" branches-valid="252">
  <sources>
    <source>/Users/lwwnz/Workplace/Encore/src/</source>
  </sources>
  <packages>
    <package name="EncoreCache" line-rate="0.8256" branch-rate="0.8793000000000001" complexity="68">
      <classes>
        <class name="EncoreCache.EncoreCacheHandler" filename="EncorePorting/EncorePorting/EncoreCache/EncoreCacheHandler.cs" line-rate="0.95" branch-rate="0.8887999999999999" complexity="19">
          <methods>
            <method name="IsCompatible" signature="(System.Collections.Generic.IReadOnlyList`1&lt;EncoreCommon.Model.PackageVersionPair&gt;,System.String)" line-rate="1" branch-rate="1">
              <lines>
                <line number="39" hits="13" branch="False" />
                <line number="41" hits="13" branch="False" />
                <line number="43" hits="13" branch="False" />
                <line number="44" hits="32" branch="False" />
                <line number="45" hits="32" branch="False" />
                <line number="46" hits="32" branch="False" />
                <line number="47" hits="32" branch="False" />
                <line number="48" hits="32" branch="False" />
                <line number="49" hits="32" branch="False" />
                <line number="50" hits="32" branch="False" />
                <line number="51" hits="32" branch="False" />
                <line number="52" hits="32" branch="True" condition-coverage="100% (2/2)">
                  <conditions>
                    <condition number="51" type="jump" coverage="100%" />
                  </conditions>
                </line>
                <line number="53" hits="28" branch="False" />
                <line number="54" hits="28" branch="False" />
                <line number="55" hits="28" branch="False" />
                <line number="56" hits="32" branch="False" />
                <line number="57" hits="13" branch="False" />
                <line number="58" hits="32" branch="False" />
                <line number="59" hits="70" branch="False" />
                <line number="61" hits="13" branch="False" />
                <line number="62" hits="13" branch="True" condition-coverage="100% (2/2)">
                  <conditions>
                    <condition number="169" type="jump" coverage="100%" />
                  </conditions>
                </line>
                <line number="63" hits="11" branch="False" />
                <line number="64" hits="11" branch="False" />
                <line number="65" hits="11" branch="False" />
                <line number="67" hits="13" branch="False" />
                <line number="68" hits="13" branch="False" />
              </lines>
            </method>
            <method name="ProcessCompatibility" signature="(System.Collections.Generic.IReadOnlyList`1&lt;EncoreCommon.Model.PackageVersionPair&gt;,System.String)" line-rate="0.9068999999999999" branch-rate="0.8571">
              <lines>
                <line number="71" hits="11" branch="False" />
                <line number="72" hits="11" branch="False" />
                <line number="73" hits="41" branch="False" />
                <line number="74" hits="77" branch="True" condition-coverage="100% (2/2)">
                  <conditions>
                    <condition number="157" type="jump" coverage="100%" />
                  </conditions>
                </line>
                <line number="75" hits="22" branch="False" />
                <line number="77" hits="22" branch="False" />
                <line number="78" hits="22" branch="False" />
                <line number="79" hits="22" branch="False" />
                <line number="80" hits="0" branch="False" />
                <line number="81" hits="0" branch="False" />
                <line number="82" hits="0" branch="False" />
                <line number="83" hits="0" branch="False" />
                <line number="84" hits="22" branch="False" />
                <line number="86" hits="63" branch="True" condition-coverage="100% (2/2)">
                  <conditions>
                    <condition number="343" type="jump" coverage="100%" />
                  </conditions>
                </line>
                <line number="87" hits="15" branch="False" />
                <line number="88" hits="45" branch="False" />
                <line number="89" hits="45" branch="False" />
                <line number="90" hits="15" branch="False" />
                <line number="91" hits="45" branch="True" condition-coverage="100% (2/2)">
                  <conditions>
                    <condition number="8" type="jump" coverage="100%" />
                  </conditions>
                </line>
                <line number="92" hits="75" branch="False" />
                <line number="93" hits="75" branch="True" condition-coverage="75% (3/4)">
                  <conditions>
                    <condition number="25" type="jump" coverage="50%" />
                    <condition number="38" type="jump" coverage="100%" />
                  </conditions>
                </line>
                <line number="94" hits="65" branch="False" />
                <line number="95" hits="65" branch="False" />
                <line number="96" hits="65" branch="False" />
                <line number="97" hits="65" branch="False" />
                <line number="98" hits="45" branch="False" />
                <line number="99" hits="75" branch="False" />
                <line number="101" hits="15" branch="False" />
                <line number="102" hits="20" branch="False" />
                <line number="103" hits="30" branch="True" condition-coverage="75% (3/4)">
                  <conditions>
                    <condition number="48" type="jump" coverage="50%" />
                    <condition number="89" type="jump" coverage="100%" />
                  </conditions>
                </line>
                <line number="104" hits="20" branch="False" />
                <line number="105" hits="20" branch="False" />
                <line number="106" hits="20" branch="False" />
                <line number="107" hits="20" branch="False" />
                <line number="108" hits="20" branch="False" />
                <line number="109" hits="20" branch="False" />
                <line number="110" hits="20" branch="False" />
                <line number="111" hits="20" branch="False" />
                <line number="112" hits="25" branch="False" />
                <line number="113" hits="15" branch="False" />
                <line number="114" hits="20" branch="False" />
                <line number="115" hits="15" branch="False" />
                <line number="116" hits="11" branch="False" />
              </lines>
            </method>
            <method name=".ctor" signature="(Microsoft.Extensions.Logging.ILogger`1&lt;EncoreCache.EncoreCacheHandler&gt;,System.Collections.Generic.IEnumerable`1&lt;EncoreCache.ICompatibilityChecker&gt;,EncoreCommon.ErrorHandle.IApiErrorHandler)" line-rate="1" branch-rate="1">
              <lines>
                <line number="26" hits="12" branch="False" />
                <line number="27" hits="12" branch="False" />
                <line number="28" hits="12" branch="False" />
                <line number="29" hits="12" branch="False" />
                <line number="30" hits="12" branch="False" />
                <line number="31" hits="12" branch="False" />
                <line number="32" hits="12" branch="False" />
                <line number="33" hits="12" branch="False" />
                <line number="34" hits="12" branch="False" />
                <line number="35" hits="12" branch="False" />
                <line number="36" hits="12" branch="False" />
              </lines>
            </method>
          </methods>
          <lines>
            <line number="39" hits="13" branch="False" />
            <line number="41" hits="13" branch="False" />
            <line number="43" hits="13" branch="False" />
            <line number="44" hits="32" branch="False" />
            <line number="45" hits="32" branch="False" />
            <line number="46" hits="32" branch="False" />
            <line number="47" hits="32" branch="False" />
            <line number="48" hits="32" branch="False" />
            <line number="49" hits="32" branch="False" />
            <line number="50" hits="32" branch="False" />
            <line number="51" hits="32" branch="False" />
            <line number="52" hits="32" branch="True" condition-coverage="100% (2/2)">
              <conditions>
                <condition number="51" type="jump" coverage="100%" />
              </conditions>
            </line>
            <line number="53" hits="28" branch="False" />
            <line number="54" hits="28" branch="False" />
            <line number="55" hits="28" branch="False" />
            <line number="56" hits="32" branch="False" />
            <line number="57" hits="13" branch="False" />
            <line number="58" hits="32" branch="False" />
            <line number="59" hits="70" branch="False" />
            <line number="61" hits="13" branch="False" />
            <line number="62" hits="13" branch="True" condition-coverage="100% (2/2)">
              <conditions>
                <condition number="169" type="jump" coverage="100%" />
              </conditions>
            </line>
            <line number="63" hits="11" branch="False" />
            <line number="64" hits="11" branch="False" />
            <line number="65" hits="11" branch="False" />
            <line number="67" hits="13" branch="False" />
            <line number="68" hits="13" branch="False" />
            <line number="71" hits="11" branch="False" />
            <line number="72" hits="11" branch="False" />
            <line number="73" hits="41" branch="False" />
            <line number="74" hits="77" branch="True" condition-coverage="100% (2/2)">
              <conditions>
                <condition number="157" type="jump" coverage="100%" />
              </conditions>
            </line>
            <line number="75" hits="22" branch="False" />
            <line number="77" hits="22" branch="False" />
            <line number="78" hits="22" branch="False" />
            <line number="79" hits="22" branch="False" />
            <line number="80" hits="0" branch="False" />
            <line number="81" hits="0" branch="False" />
            <line number="82" hits="0" branch="False" />
            <line number="83" hits="0" branch="False" />
            <line number="84" hits="22" branch="False" />
            <line number="86" hits="63" branch="True" condition-coverage="100% (2/2)">
              <conditions>
                <condition number="343" type="jump" coverage="100%" />
              </conditions>
            </line>
            <line number="87" hits="15" branch="False" />
            <line number="88" hits="45" branch="False" />
            <line number="89" hits="45" branch="False" />
            <line number="90" hits="15" branch="False" />
            <line number="91" hits="45" branch="True" condition-coverage="100% (2/2)">
              <conditions>
                <condition number="8" type="jump" coverage="100%" />
              </conditions>
            </line>
            <line number="92" hits="75" branch="False" />
            <line number="93" hits="75" branch="True" condition-coverage="75% (3/4)">
              <conditions>
                <condition number="25" type="jump" coverage="50%" />
                <condition number="38" type="jump" coverage="100%" />
              </conditions>
            </line>
            <line number="94" hits="65" branch="False" />
            <line number="95" hits="65" branch="False" />
            <line number="96" hits="65" branch="False" />
            <line number="97" hits="65" branch="False" />
            <line number="98" hits="45" branch="False" />
            <line number="99" hits="75" branch="False" />
            <line number="101" hits="15" branch="False" />
            <line number="102" hits="20" branch="False" />
            <line number="103" hits="30" branch="True" condition-coverage="75% (3/4)">
              <conditions>
                <condition number="48" type="jump" coverage="50%" />
                <condition number="89" type="jump" coverage="100%" />
              </conditions>
            </line>
            <line number="104" hits="20" branch="False" />
            <line number="105" hits="20" branch="False" />
            <line number="106" hits="20" branch="False" />
            <line number="107" hits="20" branch="False" />
            <line number="108" hits="20" branch="False" />
            <line number="109" hits="20" branch="False" />
            <line number="110" hits="20" branch="False" />
            <line number="111" hits="20" branch="False" />
            <line number="112" hits="25" branch="False" />
            <line number="113" hits="15" branch="False" />
            <line number="114" hits="20" branch="False" />
            <line number="115" hits="15" branch="False" />
            <line number="116" hits="11" branch="False" />
            <line number="26" hits="12" branch="False" />
            <line number="27" hits="12" branch="False" />
            <line number="28" hits="12" branch="False" />
            <line number="29" hits="12" branch="False" />
            <line number="30" hits="12" branch="False" />
            <line number="31" hits="12" branch="False" />
            <line number="32" hits="12" branch="False" />
            <line number="33" hits="12" branch="False" />
            <line number="34" hits="12" branch="False" />
            <line number="35" hits="12" branch="False" />
            <line number="36" hits="12" branch="False" />
          </lines>
        </class>
        <class name="EncoreCache.EncoreCacheHandler/PackageVersionPairResult" filename="EncorePorting/EncorePorting/EncoreCache/EncoreCacheHandler.cs" line-rate="1" branch-rate="1" complexity="2">
          <methods>
            <method name="get_cts" signature="()" line-rate="1" branch-rate="1">
              <lines>
                <line number="120" hits="54" branch="False" />
              </lines>
            </method>
            <method name="get_taskCompletionSource" signature="()" line-rate="1" branch-rate="1">
              <lines>
                <line number="121" hits="63" branch="False" />
              </lines>
            </method>
          </methods>
          <lines>
            <line number="120" hits="54" branch="False" />
            <line number="121" hits="63" branch="False" />
          </lines>
        </class>
        <class name="EncoreCache.EndPointOptions" filename="EncorePorting/EncorePorting/EncoreCache/EncoreCacheHandlerOptions.cs" line-rate="0" branch-rate="1" complexity="4">
          <methods>
            <method name="get_CompatibilityEndpoint" signature="()" line-rate="0" branch-rate="1">
              <lines>
                <line number="7" hits="0" branch="False" />
              </lines>
            </method>
            <method name="get_Region" signature="()" line-rate="0" branch-rate="1">
              <lines>
                <line number="8" hits="0" branch="False" />
              </lines>
            </method>
            <method name="get_AwsAccessKey" signature="()" line-rate="0" branch-rate="1">
              <lines>
                <line number="9" hits="0" branch="False" />
              </lines>
            </method>
            <method name="get_AwsSecretKey" signature="()" line-rate="0" branch-rate="1">
              <lines>
                <line number="10" hits="0" branch="False" />
              </lines>
            </method>
          </methods>
          <lines>
            <line number="7" hits="0" branch="False" />
            <line number="8" hits="0" branch="False" />
            <line number="9" hits="0" branch="False" />
            <line number="10" hits="0" branch="False" />
          </lines>
        </class>
        <class name="EncoreCache.ExternalPackagesCompatibilityChecker" filename="EncorePorting/EncorePorting/EncoreCache/ExternalPackagesCompatibilityChecker.cs" line-rate="0.9687" branch-rate="1" complexity="4">
          <methods>
            <method name="CheckAsync" signature="(System.Collections.Generic.IReadOnlyList`1&lt;EncoreCommon.Model.PackageVersionPair&gt;,System.String,System.Collections.Generic.Dictionary`2&lt;EncoreCommon.Model.PackageVersionPair,System.Threading.CancellationTokenSource&gt;)" line-rate="0.9375" branch-rate="1">
              <lines>
                <line number="49" hits="15" branch="False" />
                <line number="50" hits="15" branch="False" />
                <line number="51" hits="34" branch="False" />
                <line number="52" hits="34" branch="False" />
                <line number="53" hits="72" branch="False" />
                <line number="55" hits="15" branch="False" />
                <line number="56" hits="15" branch="True" condition-coverage="100% (2/2)">
                  <conditions>
                    <condition number="154" type="jump" coverage="100%" />
                  </conditions>
                </line>
                <line number="57" hits="15" branch="False" />
                <line number="58" hits="15" branch="False" />
                <line number="59" hits="19" branch="False" />
                <line number="60" hits="19" branch="False" />
                <line number="61" hits="19" branch="False" />
                <line number="62" hits="0" branch="False" />
                <line number="63" hits="15" branch="False" />
                <line number="65" hits="53" branch="False" />
                <line number="67" hits="15" branch="False" />
              </lines>
            </method>
            <method name=".ctor" signature="(System.Net.Http.IHttpClientFactory,Microsoft.Extensions.Logging.ILogger`1&lt;EncoreCache.ExternalPackagesCompatibilityChecker&gt;,Microsoft.Extensions.Options.IOptions`1&lt;EncoreCommon.EndpointOptions&gt;,EncoreCommon.ErrorHandle.IApiErrorHandler)" line-rate="1" branch-rate="1">
              <lines>
                <line number="31" hits="14" branch="False" />
                <line number="32" hits="14" branch="False" />
                <line number="33" hits="14" branch="False" />
                <line number="34" hits="14" branch="False" />
                <line number="35" hits="14" branch="False" />
                <line number="36" hits="14" branch="False" />
                <line number="37" hits="14" branch="False" />
                <line number="38" hits="14" branch="False" />
                <line number="39" hits="14" branch="False" />
                <line number="40" hits="14" branch="False" />
                <line number="41" hits="14" branch="False" />
                <line number="42" hits="14" branch="False" />
              </lines>
            </method>
            <method name=".cctor" signature="()" line-rate="1" branch-rate="1">
              <lines>
                <line number="26" hits="1" branch="False" />
                <line number="27" hits="1" branch="False" />
                <line number="28" hits="1" branch="False" />
                <line number="29" hits="1" branch="False" />
              </lines>
            </method>
          </methods>
          <lines>
            <line number="49" hits="15" branch="False" />
            <line number="50" hits="15" branch="False" />
            <line number="51" hits="34" branch="False" />
            <line number="52" hits="34" branch="False" />
            <line number="53" hits="72" branch="False" />
            <line number="55" hits="15" branch="False" />
            <line number="56" hits="15" branch="True" condition-coverage="100% (2/2)">
              <conditions>
                <condition number="154" type="jump" coverage="100%" />
              </conditions>
            </line>
            <line number="57" hits="15" branch="False" />
            <line number="58" hits="15" branch="False" />
            <line number="59" hits="19" branch="False" />
            <line number="60" hits="19" branch="False" />
            <line number="61" hits="19" branch="False" />
            <line number="62" hits="0" branch="False" />
            <line number="63" hits="15" branch="False" />
            <line number="65" hits="53" branch="False" />
            <line number="67" hits="15" branch="False" />
            <line number="31" hits="14" branch="False" />
            <line number="32" hits="14" branch="False" />
            <line number="33" hits="14" branch="False" />
            <line number="34" hits="14" branch="False" />
            <line number="35" hits="14" branch="False" />
            <line number="36" hits="14" branch="False" />
            <line number="37" hits="14" branch="False" />
            <line number="38" hits="14" branch="False" />
            <line number="39" hits="14" branch="False" />
            <line number="40" hits="14" branch="False" />
            <line number="41" hits="14" branch="False" />
            <line number="42" hits="14" branch="False" />
            <line number="26" hits="1" branch="False" />
            <line number="27" hits="1" branch="False" />
            <line number="28" hits="1" branch="False" />
            <line number="29" hits="1" branch="False" />
          </lines>
        </class>
        <class name="EncoreCache.ExternalPackagesCompatibilityChecker/&lt;ProcessCompatibility&gt;d__7" filename="EncorePorting/EncorePorting/EncoreCache/ExternalPackagesCompatibilityChecker.cs" line-rate="0.8552" branch-rate="0.8845999999999999" complexity="26">
          <methods>
            <method name="MoveNext" signature="()" line-rate="0.8552" branch-rate="0.8845999999999999">
              <lines>
                <line number="70" hits="15" branch="True" condition-coverage="100% (2/2)">
                  <conditions>
                    <condition number="16" type="jump" coverage="100%" />
                  </conditions>
                </line>
                <line number="71" hits="15" branch="False" />
                <line number="73" hits="15" branch="False" />
                <line number="74" hits="15" branch="False" />
                <line number="75" hits="15" branch="False" />
                <line number="76" hits="15" branch="False" />
                <line number="77" hits="15" branch="False" />
                <line number="78" hits="15" branch="False" />
                <line number="79" hits="15" branch="False" />
                <line number="80" hits="15" branch="False" />
                <line number="81" hits="15" branch="False" />
                <line number="82" hits="15" branch="False" />
                <line number="84" hits="15" branch="True" condition-coverage="50% (2/4)">
                  <conditions>
                    <condition number="362" type="switch" coverage="50%" />
                  </conditions>
                </line>
                <line number="87" hits="15" branch="False" />
                <line number="88" hits="15" branch="False" />
                <line number="89" hits="15" branch="True" condition-coverage="50% (1/2)">
                  <conditions>
                    <condition number="553" type="jump" coverage="50%" />
                  </conditions>
                </line>
                <line number="90" hits="0" branch="False" />
                <line number="91" hits="0" branch="False" />
                <line number="92" hits="0" branch="False" />
                <line number="93" hits="0" branch="False" />
                <line number="95" hits="0" branch="False" />
                <line number="97" hits="15" branch="False" />
                <line number="98" hits="15" branch="False" />
                <line number="99" hits="11" branch="False" />
                <line number="101" hits="99" branch="True" condition-coverage="100% (2/2)">
                  <conditions>
                    <condition number="1294" type="jump" coverage="100%" />
                  </conditions>
                </line>
                <line number="102" hits="33" branch="False" />
                <line number="103" hits="33" branch="False" />
                <line number="104" hits="33" branch="False" />
                <line number="105" hits="33" branch="False" />
                <line number="106" hits="33" branch="False" />
                <line number="107" hits="33" branch="False" />
                <line number="108" hits="33" branch="True" condition-coverage="100% (2/2)">
                  <conditions>
                    <condition number="1077" type="jump" coverage="100%" />
                  </conditions>
                </line>
                <line number="109" hits="10" branch="False" />
                <line number="110" hits="0" branch="True" condition-coverage="100% (2/2)">
                  <conditions>
                    <condition number="1119" type="jump" coverage="100%" />
                  </conditions>
                </line>
                <line number="112" hits="10" branch="False" />
                <line number="113" hits="10" branch="False" />
                <line number="115" hits="10" branch="True" condition-coverage="100% (2/2)">
                  <conditions>
                    <condition number="1203" type="jump" coverage="100%" />
                  </conditions>
                </line>
                <line number="116" hits="9" branch="False" />
                <line number="117" hits="9" branch="False" />
                <line number="118" hits="9" branch="False" />
                <line number="119" hits="10" branch="False" />
                <line number="120" hits="10" branch="False" />
                <line number="122" hits="33" branch="False" />
                <line number="123" hits="33" branch="False" />
                <line number="125" hits="63" branch="True" condition-coverage="100% (2/2)">
                  <conditions>
                    <condition number="1587" type="jump" coverage="100%" />
                  </conditions>
                </line>
                <line number="126" hits="15" branch="False" />
                <line number="127" hits="15" branch="True" condition-coverage="100% (2/2)">
                  <conditions>
                    <condition number="1398" type="jump" coverage="100%" />
                  </conditions>
                </line>
                <line number="128" hits="5" branch="False" />
                <line number="129" hits="5" branch="True" condition-coverage="100% (2/2)">
                  <conditions>
                    <condition number="1431" type="jump" coverage="100%" />
                  </conditions>
                </line>
                <line number="130" hits="5" branch="False" />
                <line number="132" hits="5" branch="False" />
                <line number="133" hits="5" branch="False" />
                <line number="134" hits="5" branch="False" />
                <line number="135" hits="5" branch="False" />
                <line number="136" hits="5" branch="False" />
                <line number="137" hits="5" branch="False" />
                <line number="138" hits="5" branch="False" />
                <line number="139" hits="15" branch="False" />
                <line number="140" hits="11" branch="False" />
                <line number="141" hits="0" branch="False" />
                <line number="142" hits="0" branch="False" />
                <line number="143" hits="0" branch="False" />
                <line number="144" hits="0" branch="False" />
                <line number="145" hits="4" branch="False" />
                <line number="146" hits="4" branch="False" />
                <line number="147" hits="20" branch="True" condition-coverage="100% (2/2)">
                  <conditions>
                    <condition number="1854" type="jump" coverage="100%" />
                  </conditions>
                </line>
                <line number="148" hits="4" branch="False" />
                <line number="150" hits="4" branch="True" condition-coverage="100% (2/2)">
                  <conditions>
                    <condition number="1779" type="jump" coverage="100%" />
                  </conditions>
                </line>
                <line number="151" hits="4" branch="False" />
                <line number="152" hits="4" branch="False" />
                <line number="153" hits="4" branch="False" />
                <line number="154" hits="4" branch="False" />
                <line number="155" hits="4" branch="False" />
                <line number="157" hits="4" branch="False" />
                <line number="158" hits="0" branch="False" />
                <line number="159" hits="11" branch="False" />
              </lines>
            </method>
          </methods>
          <lines>
            <line number="70" hits="15" branch="True" condition-coverage="100% (2/2)">
              <conditions>
                <condition number="16" type="jump" coverage="100%" />
              </conditions>
            </line>
            <line number="71" hits="15" branch="False" />
            <line number="73" hits="15" branch="False" />
            <line number="74" hits="15" branch="False" />
            <line number="75" hits="15" branch="False" />
            <line number="76" hits="15" branch="False" />
            <line number="77" hits="15" branch="False" />
            <line number="78" hits="15" branch="False" />
            <line number="79" hits="15" branch="False" />
            <line number="80" hits="15" branch="False" />
            <line number="81" hits="15" branch="False" />
            <line number="82" hits="15" branch="False" />
            <line number="84" hits="15" branch="True" condition-coverage="50% (2/4)">
              <conditions>
                <condition number="362" type="switch" coverage="50%" />
              </conditions>
            </line>
            <line number="87" hits="15" branch="False" />
            <line number="88" hits="15" branch="False" />
            <line number="89" hits="15" branch="True" condition-coverage="50% (1/2)">
              <conditions>
                <condition number="553" type="jump" coverage="50%" />
              </conditions>
            </line>
            <line number="90" hits="0" branch="False" />
            <line number="91" hits="0" branch="False" />
            <line number="92" hits="0" branch="False" />
            <line number="93" hits="0" branch="False" />
            <line number="95" hits="0" branch="False" />
            <line number="97" hits="15" branch="False" />
            <line number="98" hits="15" branch="False" />
            <line number="99" hits="11" branch="False" />
            <line number="101" hits="99" branch="True" condition-coverage="100% (2/2)">
              <conditions>
                <condition number="1294" type="jump" coverage="100%" />
              </conditions>
            </line>
            <line number="102" hits="33" branch="False" />
            <line number="103" hits="33" branch="False" />
            <line number="104" hits="33" branch="False" />
            <line number="105" hits="33" branch="False" />
            <line number="106" hits="33" branch="False" />
            <line number="107" hits="33" branch="False" />
            <line number="108" hits="33" branch="True" condition-coverage="100% (2/2)">
              <conditions>
                <condition number="1077" type="jump" coverage="100%" />
              </conditions>
            </line>
            <line number="109" hits="10" branch="False" />
            <line number="110" hits="0" branch="True" condition-coverage="100% (2/2)">
              <conditions>
                <condition number="1119" type="jump" coverage="100%" />
              </conditions>
            </line>
            <line number="112" hits="10" branch="False" />
            <line number="113" hits="10" branch="False" />
            <line number="115" hits="10" branch="True" condition-coverage="100% (2/2)">
              <conditions>
                <condition number="1203" type="jump" coverage="100%" />
              </conditions>
            </line>
            <line number="116" hits="9" branch="False" />
            <line number="117" hits="9" branch="False" />
            <line number="118" hits="9" branch="False" />
            <line number="119" hits="10" branch="False" />
            <line number="120" hits="10" branch="False" />
            <line number="122" hits="33" branch="False" />
            <line number="123" hits="33" branch="False" />
            <line number="125" hits="63" branch="True" condition-coverage="100% (2/2)">
              <conditions>
                <condition number="1587" type="jump" coverage="100%" />
              </conditions>
            </line>
            <line number="126" hits="15" branch="False" />
            <line number="127" hits="15" branch="True" condition-coverage="100% (2/2)">
              <conditions>
                <condition number="1398" type="jump" coverage="100%" />
              </conditions>
            </line>
            <line number="128" hits="5" branch="False" />
            <line number="129" hits="5" branch="True" condition-coverage="100% (2/2)">
              <conditions>
                <condition number="1431" type="jump" coverage="100%" />
              </conditions>
            </line>
            <line number="130" hits="5" branch="False" />
            <line number="132" hits="5" branch="False" />
            <line number="133" hits="5" branch="False" />
            <line number="134" hits="5" branch="False" />
            <line number="135" hits="5" branch="False" />
            <line number="136" hits="5" branch="False" />
            <line number="137" hits="5" branch="False" />
            <line number="138" hits="5" branch="False" />
            <line number="139" hits="15" branch="False" />
            <line number="140" hits="11" branch="False" />
            <line number="141" hits="0" branch="False" />
            <line number="142" hits="0" branch="False" />
            <line number="143" hits="0" branch="False" />
            <line number="144" hits="0" branch="False" />
            <line number="145" hits="4" branch="False" />
            <line number="146" hits="4" branch="False" />
            <line number="147" hits="20" branch="True" condition-coverage="100% (2/2)">
              <conditions>
                <condition number="1854" type="jump" coverage="100%" />
              </conditions>
            </line>
            <line number="148" hits="4" branch="False" />
            <line number="150" hits="4" branch="True" condition-coverage="100% (2/2)">
              <conditions>
                <condition number="1779" type="jump" coverage="100%" />
              </conditions>
            </line>
            <line number="151" hits="4" branch="False" />
            <line number="152" hits="4" branch="False" />
            <line number="153" hits="4" branch="False" />
            <line number="154" hits="4" branch="False" />
            <line number="155" hits="4" branch="False" />
            <line number="157" hits="4" branch="False" />
            <line number="158" hits="0" branch="False" />
            <line number="159" hits="11" branch="False" />
          </lines>
        </class>
        <class name="EncoreCache.InternalPackagesCompatibilityChecker" filename="EncorePorting/EncorePorting/EncoreCache/InternalPackagesCompatibilityChecker.cs" line-rate="0.7333" branch-rate="0.5" complexity="5">
          <methods>
            <method name="CheckAsync" signature="(System.Collections.Generic.IReadOnlyList`1&lt;EncoreCommon.Model.PackageVersionPair&gt;,System.String,System.Collections.Generic.Dictionary`2&lt;EncoreCommon.Model.PackageVersionPair,System.Threading.CancellationTokenSource&gt;)" line-rate="1" branch-rate="1">
              <lines>
                <line number="41" hits="11" branch="False" />
                <line number="42" hits="11" branch="False" />
                <line number="43" hits="11" branch="False" />
                <line number="45" hits="11" branch="False" />
                <line number="46" hits="11" branch="False" />
                <line number="47" hits="26" branch="False" />
                <line number="48" hits="26" branch="False" />
                <line number="49" hits="26" branch="True" condition-coverage="100% (2/2)">
                  <conditions>
                    <condition number="21" type="jump" coverage="100%" />
                  </conditions>
                </line>
                <line number="50" hits="21" branch="False" />
                <line number="51" hits="21" branch="False" />
                <line number="52" hits="21" branch="False" />
                <line number="53" hits="11" branch="False" />
                <line number="54" hits="16" branch="False" />
                <line number="55" hits="16" branch="False" />
                <line number="56" hits="16" branch="False" />
                <line number="57" hits="16" branch="False" />
                <line number="58" hits="16" branch="False" />
                <line number="59" hits="16" branch="False" />
                <line number="60" hits="16" branch="False" />
                <line number="61" hits="11" branch="False" />
                <line number="62" hits="26" branch="False" />
                <line number="63" hits="56" branch="False" />
                <line number="65" hits="11" branch="False" />
                <line number="66" hits="11" branch="False" />
              </lines>
            </method>
            <method name="GetInternalRepository" signature="(System.String)" line-rate="0" branch-rate="0">
              <lines>
                <line number="108" hits="0" branch="False" />
                <line number="109" hits="0" branch="False" />
                <line number="110" hits="0" branch="False" />
                <line number="111" hits="0" branch="False" />
                <line number="112" hits="0" branch="False" />
                <line number="113" hits="0" branch="False" />
                <line number="115" hits="0" branch="False" />
                <line number="116" hits="0" branch="False" />
                <line number="117" hits="0" branch="True" condition-coverage="0% (0/2)">
                  <conditions>
                    <condition number="26" type="jump" coverage="0%" />
                  </conditions>
                </line>
                <line number="118" hits="0" branch="False" />
                <line number="120" hits="0" branch="False" />
                <line number="121" hits="0" branch="False" />
              </lines>
            </method>
            <method name=".ctor" signature="(EncorePrivateCompatibilityCheck.IEncoreInternalCheckCompatibilityHandler,Microsoft.Extensions.Logging.ILogger`1&lt;EncoreCache.InternalPackagesCompatibilityChecker&gt;,EncoreCommon.ErrorHandle.IApiErrorHandler)" line-rate="1" branch-rate="1">
              <lines>
                <line number="26" hits="12" branch="False" />
                <line number="27" hits="12" branch="False" />
                <line number="28" hits="12" branch="False" />
                <line number="29" hits="12" branch="False" />
                <line number="30" hits="12" branch="False" />
                <line number="31" hits="12" branch="False" />
                <line number="32" hits="12" branch="False" />
                <line number="33" hits="12" branch="False" />
                <line number="34" hits="12" branch="False" />
              </lines>
            </method>
          </methods>
          <lines>
            <line number="41" hits="11" branch="False" />
            <line number="42" hits="11" branch="False" />
            <line number="43" hits="11" branch="False" />
            <line number="45" hits="11" branch="False" />
            <line number="46" hits="11" branch="False" />
            <line number="47" hits="26" branch="False" />
            <line number="48" hits="26" branch="False" />
            <line number="49" hits="26" branch="True" condition-coverage="100% (2/2)">
              <conditions>
                <condition number="21" type="jump" coverage="100%" />
              </conditions>
            </line>
            <line number="50" hits="21" branch="False" />
            <line number="51" hits="21" branch="False" />
            <line number="52" hits="21" branch="False" />
            <line number="53" hits="11" branch="False" />
            <line number="54" hits="16" branch="False" />
            <line number="55" hits="16" branch="False" />
            <line number="56" hits="16" branch="False" />
            <line number="57" hits="16" branch="False" />
            <line number="58" hits="16" branch="False" />
            <line number="59" hits="16" branch="False" />
            <line number="60" hits="16" branch="False" />
            <line number="61" hits="11" branch="False" />
            <line number="62" hits="26" branch="False" />
            <line number="63" hits="56" branch="False" />
            <line number="65" hits="11" branch="False" />
            <line number="66" hits="11" branch="False" />
            <line number="108" hits="0" branch="False" />
            <line number="109" hits="0" branch="False" />
            <line number="110" hits="0" branch="False" />
            <line number="111" hits="0" branch="False" />
            <line number="112" hits="0" branch="False" />
            <line number="113" hits="0" branch="False" />
            <line number="115" hits="0" branch="False" />
            <line number="116" hits="0" branch="False" />
            <line number="117" hits="0" branch="True" condition-coverage="0% (0/2)">
              <conditions>
                <condition number="26" type="jump" coverage="0%" />
              </conditions>
            </line>
            <line number="118" hits="0" branch="False" />
            <line number="120" hits="0" branch="False" />
            <line number="121" hits="0" branch="False" />
            <line number="26" hits="12" branch="False" />
            <line number="27" hits="12" branch="False" />
            <line number="28" hits="12" branch="False" />
            <line number="29" hits="12" branch="False" />
            <line number="30" hits="12" branch="False" />
            <line number="31" hits="12" branch="False" />
            <line number="32" hits="12" branch="False" />
            <line number="33" hits="12" branch="False" />
            <line number="34" hits="12" branch="False" />
          </lines>
        </class>
        <class name="EncoreCache.InternalPackagesCompatibilityChecker/&lt;processCompatibility&gt;d__5" filename="EncorePorting/EncorePorting/EncoreCache/InternalPackagesCompatibilityChecker.cs" line-rate="0.6129" branch-rate="1" complexity="2">
          <methods>
            <method name="MoveNext" signature="()" line-rate="0.6129" branch-rate="1">
              <lines>
                <line number="73" hits="10" branch="False" />
                <line number="75" hits="10" branch="False" />
                <line number="76" hits="10" branch="False" />
                <line number="77" hits="10" branch="False" />
                <line number="78" hits="10" branch="False" />
                <line number="79" hits="10" branch="False" />
                <line number="80" hits="10" branch="False" />
                <line number="81" hits="10" branch="False" />
                <line number="82" hits="10" branch="False" />
                <line number="84" hits="10" branch="True" condition-coverage="100% (2/2)">
                  <conditions>
                    <condition number="263" type="jump" coverage="100%" />
                  </conditions>
                </line>
                <line number="85" hits="10" branch="False" />
                <line number="86" hits="10" branch="False" />
                <line number="87" hits="10" branch="False" />
                <line number="88" hits="10" branch="False" />
                <line number="89" hits="10" branch="False" />
                <line number="90" hits="10" branch="False" />
                <line number="91" hits="10" branch="False" />
                <line number="92" hits="10" branch="False" />
                <line number="93" hits="0" branch="False" />
                <line number="94" hits="0" branch="False" />
                <line number="95" hits="0" branch="False" />
                <line number="96" hits="0" branch="False" />
                <line number="97" hits="0" branch="False" />
                <line number="98" hits="0" branch="False" />
                <line number="99" hits="0" branch="False" />
                <line number="100" hits="0" branch="False" />
                <line number="101" hits="0" branch="False" />
                <line number="102" hits="0" branch="False" />
                <line number="103" hits="0" branch="False" />
                <line number="104" hits="0" branch="False" />
                <line number="105" hits="10" branch="False" />
              </lines>
            </method>
          </methods>
          <lines>
            <line number="73" hits="10" branch="False" />
            <line number="75" hits="10" branch="False" />
            <line number="76" hits="10" branch="False" />
            <line number="77" hits="10" branch="False" />
            <line number="78" hits="10" branch="False" />
            <line number="79" hits="10" branch="False" />
            <line number="80" hits="10" branch="False" />
            <line number="81" hits="10" branch="False" />
            <line number="82" hits="10" branch="False" />
            <line number="84" hits="10" branch="True" condition-coverage="100% (2/2)">
              <conditions>
                <condition number="263" type="jump" coverage="100%" />
              </conditions>
            </line>
            <line number="85" hits="10" branch="False" />
            <line number="86" hits="10" branch="False" />
            <line number="87" hits="10" branch="False" />
            <line number="88" hits="10" branch="False" />
            <line number="89" hits="10" branch="False" />
            <line number="90" hits="10" branch="False" />
            <line number="91" hits="10" branch="False" />
            <line number="92" hits="10" branch="False" />
            <line number="93" hits="0" branch="False" />
            <line number="94" hits="0" branch="False" />
            <line number="95" hits="0" branch="False" />
            <line number="96" hits="0" branch="False" />
            <line number="97" hits="0" branch="False" />
            <line number="98" hits="0" branch="False" />
            <line number="99" hits="0" branch="False" />
            <line number="100" hits="0" branch="False" />
            <line number="101" hits="0" branch="False" />
            <line number="102" hits="0" branch="False" />
            <line number="103" hits="0" branch="False" />
            <line number="104" hits="0" branch="False" />
            <line number="105" hits="10" branch="False" />
          </lines>
        </class>
        <class name="EncoreCache.InternalPackagesCompatibilityChecker/&lt;getInternalPackagesAsync&gt;d__7" filename="EncorePorting/EncorePorting/EncoreCache/InternalPackagesCompatibilityChecker.cs" line-rate="0.7352" branch-rate="1" complexity="6">
          <methods>
            <method name="MoveNext" signature="()" line-rate="0.7352" branch-rate="1">
              <lines>
                <line number="128" hits="11" branch="False" />
                <line number="129" hits="11" branch="False" />
                <line number="131" hits="55" branch="True" condition-coverage="100% (2/2)">
                  <conditions>
                    <condition number="876" type="jump" coverage="100%" />
                  </conditions>
                </line>
                <line number="132" hits="11" branch="False" />
                <line number="133" hits="11" branch="False" />
                <line number="134" hits="11" branch="False" />
                <line number="135" hits="11" branch="False" />
                <line number="137" hits="63" branch="True" condition-coverage="100% (2/2)">
                  <conditions>
                    <condition number="797" type="jump" coverage="100%" />
                  </conditions>
                </line>
                <line number="138" hits="15" branch="False" />
                <line number="140" hits="15" branch="False" />
                <line number="141" hits="15" branch="False" />
                <line number="142" hits="15" branch="False" />
                <line number="143" hits="15" branch="False" />
                <line number="144" hits="15" branch="False" />
                <line number="145" hits="15" branch="False" />
                <line number="146" hits="15" branch="False" />
                <line number="147" hits="15" branch="True" condition-coverage="100% (2/2)">
                  <conditions>
                    <condition number="489" type="jump" coverage="100%" />
                  </conditions>
                </line>
                <line number="148" hits="10" branch="False" />
                <line number="149" hits="10" branch="False" />
                <line number="150" hits="10" branch="False" />
                <line number="151" hits="15" branch="False" />
                <line number="152" hits="0" branch="False" />
                <line number="153" hits="0" branch="False" />
                <line number="154" hits="0" branch="False" />
                <line number="155" hits="0" branch="False" />
                <line number="157" hits="0" branch="False" />
                <line number="158" hits="0" branch="False" />
                <line number="159" hits="0" branch="False" />
                <line number="160" hits="0" branch="False" />
                <line number="161" hits="0" branch="False" />
                <line number="162" hits="15" branch="False" />
                <line number="163" hits="11" branch="False" />
                <line number="164" hits="11" branch="False" />
                <line number="165" hits="11" branch="False" />
              </lines>
            </method>
          </methods>
          <lines>
            <line number="128" hits="11" branch="False" />
            <line number="129" hits="11" branch="False" />
            <line number="131" hits="55" branch="True" condition-coverage="100% (2/2)">
              <conditions>
                <condition number="876" type="jump" coverage="100%" />
              </conditions>
            </line>
            <line number="132" hits="11" branch="False" />
            <line number="133" hits="11" branch="False" />
            <line number="134" hits="11" branch="False" />
            <line number="135" hits="11" branch="False" />
            <line number="137" hits="63" branch="True" condition-coverage="100% (2/2)">
              <conditions>
                <condition number="797" type="jump" coverage="100%" />
              </conditions>
            </line>
            <line number="138" hits="15" branch="False" />
            <line number="140" hits="15" branch="False" />
            <line number="141" hits="15" branch="False" />
            <line number="142" hits="15" branch="False" />
            <line number="143" hits="15" branch="False" />
            <line number="144" hits="15" branch="False" />
            <line number="145" hits="15" branch="False" />
            <line number="146" hits="15" branch="False" />
            <line number="147" hits="15" branch="True" condition-coverage="100% (2/2)">
              <conditions>
                <condition number="489" type="jump" coverage="100%" />
              </conditions>
            </line>
            <line number="148" hits="10" branch="False" />
            <line number="149" hits="10" branch="False" />
            <line number="150" hits="10" branch="False" />
            <line number="151" hits="15" branch="False" />
            <line number="152" hits="0" branch="False" />
            <line number="153" hits="0" branch="False" />
            <line number="154" hits="0" branch="False" />
            <line number="155" hits="0" branch="False" />
            <line number="157" hits="0" branch="False" />
            <line number="158" hits="0" branch="False" />
            <line number="159" hits="0" branch="False" />
            <line number="160" hits="0" branch="False" />
            <line number="161" hits="0" branch="False" />
            <line number="162" hits="15" branch="False" />
            <line number="163" hits="11" branch="False" />
            <line number="164" hits="11" branch="False" />
            <line number="165" hits="11" branch="False" />
          </lines>
        </class>
      </classes>
    </package>
    <package name="EncoreApiCommon" line-rate="0" branch-rate="0" complexity="28">
      <classes>
        <class name="EncoreApiCommon.DependencyInjection" filename="EncorePorting/EncorePorting/EncoreApiCommon/DependencyInjection.cs" line-rate="0" branch-rate="1" complexity="1">
          <methods>
            <method name="AddAssessment" signature="(Microsoft.Extensions.DependencyInjection.IServiceCollection,Microsoft.Extensions.Configuration.IConfiguration)" line-rate="0" branch-rate="1">
              <lines>
                <line number="19" hits="0" branch="False" />
                <line number="20" hits="0" branch="False" />
                <line number="21" hits="0" branch="False" />
                <line number="22" hits="0" branch="False" />
                <line number="23" hits="0" branch="False" />
                <line number="24" hits="0" branch="False" />
                <line number="25" hits="0" branch="False" />
                <line number="26" hits="0" branch="False" />
                <line number="27" hits="0" branch="False" />
                <line number="28" hits="0" branch="False" />
                <line number="29" hits="0" branch="False" />
                <line number="30" hits="0" branch="False" />
                <line number="31" hits="0" branch="False" />
                <line number="32" hits="0" branch="False" />
                <line number="33" hits="0" branch="False" />
              </lines>
            </method>
          </methods>
          <lines>
            <line number="19" hits="0" branch="False" />
            <line number="20" hits="0" branch="False" />
            <line number="21" hits="0" branch="False" />
            <line number="22" hits="0" branch="False" />
            <line number="23" hits="0" branch="False" />
            <line number="24" hits="0" branch="False" />
            <line number="25" hits="0" branch="False" />
            <line number="26" hits="0" branch="False" />
            <line number="27" hits="0" branch="False" />
            <line number="28" hits="0" branch="False" />
            <line number="29" hits="0" branch="False" />
            <line number="30" hits="0" branch="False" />
            <line number="31" hits="0" branch="False" />
            <line number="32" hits="0" branch="False" />
            <line number="33" hits="0" branch="False" />
          </lines>
        </class>
        <class name="EncoreApiCommon.Services.AssessmentService" filename="EncorePorting/EncorePorting/EncoreApiCommon/Services/AssesmentService.cs" line-rate="0" branch-rate="0" complexity="8">
          <methods>
            <method name="GetSolutions" signature="(EncoreApiCommon.Model.GetSolutionsRequest)" line-rate="0" branch-rate="1">
              <lines>
                <line number="32" hits="0" branch="False" />
                <line number="34" hits="0" branch="False" />
                <line number="35" hits="0" branch="False" />
                <line number="36" hits="0" branch="False" />
                <line number="37" hits="0" branch="False" />
                <line number="38" hits="0" branch="False" />
                <line number="39" hits="0" branch="False" />
                <line number="41" hits="0" branch="False" />
                <line number="42" hits="0" branch="False" />
                <line number="43" hits="0" branch="False" />
                <line number="44" hits="0" branch="False" />
                <line number="45" hits="0" branch="False" />
                <line number="46" hits="0" branch="False" />
                <line number="49" hits="0" branch="False" />
              </lines>
            </method>
            <method name="GetProjects" signature="(EncoreApiCommon.Model.GetProjectsRequest)" line-rate="0" branch-rate="0">
              <lines>
                <line number="52" hits="0" branch="False" />
                <line number="54" hits="0" branch="False" />
                <line number="55" hits="0" branch="False" />
                <line number="57" hits="0" branch="True" condition-coverage="0% (0/2)">
                  <conditions>
                    <condition number="37" type="jump" coverage="0%" />
                  </conditions>
                </line>
                <line number="58" hits="0" branch="False" />
                <line number="60" hits="0" branch="False" />
                <line number="61" hits="0" branch="False" />
                <line number="62" hits="0" branch="False" />
                <line number="63" hits="0" branch="False" />
                <line number="65" hits="0" branch="False" />
                <line number="66" hits="0" branch="False" />
                <line number="67" hits="0" branch="False" />
                <line number="68" hits="0" branch="False" />
                <line number="69" hits="0" branch="False" />
                <line number="71" hits="0" branch="False" />
                <line number="72" hits="0" branch="False" />
                <line number="73" hits="0" branch="False" />
                <line number="74" hits="0" branch="False" />
                <line number="75" hits="0" branch="False" />
                <line number="77" hits="0" branch="False" />
                <line number="78" hits="0" branch="False" />
                <line number="79" hits="0" branch="False" />
                <line number="80" hits="0" branch="False" />
                <line number="81" hits="0" branch="False" />
                <line number="82" hits="0" branch="False" />
                <line number="84" hits="0" branch="False" />
              </lines>
            </method>
            <method name="AddNugetPackageListener" signature="(EncoreApiCommon.Listener.OnNugetPackageUpdate)" line-rate="0" branch-rate="1">
              <lines>
                <line number="87" hits="0" branch="False" />
                <line number="88" hits="0" branch="False" />
                <line number="89" hits="0" branch="False" />
              </lines>
            </method>
            <method name="AddApiAnalysisListener" signature="(EncoreApiCommon.Listener.OnApiAnalysisUpdate)" line-rate="0" branch-rate="1">
              <lines>
                <line number="92" hits="0" branch="False" />
                <line number="93" hits="0" branch="False" />
                <line number="94" hits="0" branch="False" />
              </lines>
            </method>
            <method name="AddErrorListener" signature="(EncoreCommon.ErrorHandle.OnErrorUpdate)" line-rate="0" branch-rate="1">
              <lines>
                <line number="97" hits="0" branch="False" />
                <line number="98" hits="0" branch="False" />
                <line number="99" hits="0" branch="False" />
              </lines>
            </method>
            <method name=".ctor" signature="(Microsoft.Extensions.Logging.ILogger`1&lt;EncoreApiCommon.Services.AssessmentService&gt;,EncoreAssessment.IAssessmentHandler,EncoreCommon.ErrorHandle.IApiErrorHandler)" line-rate="0" branch-rate="1">
              <lines>
                <line number="22" hits="0" branch="False" />
                <line number="23" hits="0" branch="False" />
                <line number="24" hits="0" branch="False" />
                <line number="25" hits="0" branch="False" />
                <line number="26" hits="0" branch="False" />
                <line number="27" hits="0" branch="False" />
                <line number="28" hits="0" branch="False" />
                <line number="29" hits="0" branch="False" />
              </lines>
            </method>
            <method name=".cctor" signature="()" line-rate="0" branch-rate="1">
              <lines>
                <line number="19" hits="0" branch="False" />
                <line number="20" hits="0" branch="False" />
              </lines>
            </method>
          </methods>
          <lines>
            <line number="32" hits="0" branch="False" />
            <line number="34" hits="0" branch="False" />
            <line number="35" hits="0" branch="False" />
            <line number="36" hits="0" branch="False" />
            <line number="37" hits="0" branch="False" />
            <line number="38" hits="0" branch="False" />
            <line number="39" hits="0" branch="False" />
            <line number="41" hits="0" branch="False" />
            <line number="42" hits="0" branch="False" />
            <line number="43" hits="0" branch="False" />
            <line number="44" hits="0" branch="False" />
            <line number="45" hits="0" branch="False" />
            <line number="46" hits="0" branch="False" />
            <line number="49" hits="0" branch="False" />
            <line number="52" hits="0" branch="False" />
            <line number="54" hits="0" branch="False" />
            <line number="55" hits="0" branch="False" />
            <line number="57" hits="0" branch="True" condition-coverage="0% (0/2)">
              <conditions>
                <condition number="37" type="jump" coverage="0%" />
              </conditions>
            </line>
            <line number="58" hits="0" branch="False" />
            <line number="60" hits="0" branch="False" />
            <line number="61" hits="0" branch="False" />
            <line number="62" hits="0" branch="False" />
            <line number="63" hits="0" branch="False" />
            <line number="65" hits="0" branch="False" />
            <line number="66" hits="0" branch="False" />
            <line number="67" hits="0" branch="False" />
            <line number="68" hits="0" branch="False" />
            <line number="69" hits="0" branch="False" />
            <line number="71" hits="0" branch="False" />
            <line number="72" hits="0" branch="False" />
            <line number="73" hits="0" branch="False" />
            <line number="74" hits="0" branch="False" />
            <line number="75" hits="0" branch="False" />
            <line number="77" hits="0" branch="False" />
            <line number="78" hits="0" branch="False" />
            <line number="79" hits="0" branch="False" />
            <line number="80" hits="0" branch="False" />
            <line number="81" hits="0" branch="False" />
            <line number="82" hits="0" branch="False" />
            <line number="84" hits="0" branch="False" />
            <line number="87" hits="0" branch="False" />
            <line number="88" hits="0" branch="False" />
            <line number="89" hits="0" branch="False" />
            <line number="92" hits="0" branch="False" />
            <line number="93" hits="0" branch="False" />
            <line number="94" hits="0" branch="False" />
            <line number="97" hits="0" branch="False" />
            <line number="98" hits="0" branch="False" />
            <line number="99" hits="0" branch="False" />
            <line number="22" hits="0" branch="False" />
            <line number="23" hits="0" branch="False" />
            <line number="24" hits="0" branch="False" />
            <line number="25" hits="0" branch="False" />
            <line number="26" hits="0" branch="False" />
            <line number="27" hits="0" branch="False" />
            <line number="28" hits="0" branch="False" />
            <line number="29" hits="0" branch="False" />
            <line number="19" hits="0" branch="False" />
            <line number="20" hits="0" branch="False" />
          </lines>
        </class>
        <class name="EncoreApiCommon.Services.PortingService" filename="EncorePorting/EncorePorting/EncoreApiCommon/Services/PortingService.cs" line-rate="0" branch-rate="1" complexity="2">
          <methods>
            <method name="ApplyPortingProjectFileChanges" signature="(EncoreApiCommon.Model.ApplyPortingProjectFileChangesRequest)" line-rate="0" branch-rate="1">
              <lines>
                <line number="20" hits="0" branch="False" />
                <line number="22" hits="0" branch="False" />
                <line number="23" hits="0" branch="False" />
                <line number="24" hits="0" branch="False" />
                <line number="25" hits="0" branch="False" />
                <line number="26" hits="0" branch="False" />
                <line number="28" hits="0" branch="False" />
                <line number="29" hits="0" branch="False" />
                <line number="30" hits="0" branch="False" />
                <line number="31" hits="0" branch="False" />
                <line number="32" hits="0" branch="False" />
                <line number="33" hits="0" branch="False" />
                <line number="35" hits="0" branch="False" />
              </lines>
            </method>
            <method name=".ctor" signature="(Microsoft.Extensions.Logging.ILogger`1&lt;EncoreApiCommon.Services.PortingService&gt;,EncorePorting.IPortingHandler)" line-rate="0" branch-rate="1">
              <lines>
                <line number="13" hits="0" branch="False" />
                <line number="14" hits="0" branch="False" />
                <line number="15" hits="0" branch="False" />
                <line number="16" hits="0" branch="False" />
                <line number="17" hits="0" branch="False" />
              </lines>
            </method>
          </methods>
          <lines>
            <line number="20" hits="0" branch="False" />
            <line number="22" hits="0" branch="False" />
            <line number="23" hits="0" branch="False" />
            <line number="24" hits="0" branch="False" />
            <line number="25" hits="0" branch="False" />
            <line number="26" hits="0" branch="False" />
            <line number="28" hits="0" branch="False" />
            <line number="29" hits="0" branch="False" />
            <line number="30" hits="0" branch="False" />
            <line number="31" hits="0" branch="False" />
            <line number="32" hits="0" branch="False" />
            <line number="33" hits="0" branch="False" />
            <line number="35" hits="0" branch="False" />
            <line number="13" hits="0" branch="False" />
            <line number="14" hits="0" branch="False" />
            <line number="15" hits="0" branch="False" />
            <line number="16" hits="0" branch="False" />
            <line number="17" hits="0" branch="False" />
          </lines>
        </class>
        <class name="EncoreApiCommon.Model.ApplyPortingProjectFileChangesRequest" filename="EncorePorting/EncorePorting/EncoreApiCommon/Model/ApplyPortingProjectFileChangesRequest.cs" line-rate="0" branch-rate="1" complexity="2">
          <methods>
            <method name="get_ProjectPaths" signature="()" line-rate="0" branch-rate="1">
              <lines>
                <line number="7" hits="0" branch="False" />
              </lines>
            </method>
            <method name="get_SolutionPath" signature="()" line-rate="0" branch-rate="1">
              <lines>
                <line number="8" hits="0" branch="False" />
              </lines>
            </method>
          </methods>
          <lines>
            <line number="7" hits="0" branch="False" />
            <line number="8" hits="0" branch="False" />
          </lines>
        </class>
        <class name="EncoreApiCommon.Model.GetPortingProjectFileChangesRequest" filename="EncorePorting/EncorePorting/EncoreApiCommon/Model/GetPortingProjectFileChangesRequest.cs" line-rate="0" branch-rate="1" complexity="2">
          <methods>
            <method name="get_ProjectPaths" signature="()" line-rate="0" branch-rate="1">
              <lines>
                <line number="7" hits="0" branch="False" />
              </lines>
            </method>
            <method name="get_SolutionPath" signature="()" line-rate="0" branch-rate="1">
              <lines>
                <line number="8" hits="0" branch="False" />
              </lines>
            </method>
          </methods>
          <lines>
            <line number="7" hits="0" branch="False" />
            <line number="8" hits="0" branch="False" />
          </lines>
        </class>
        <class name="EncoreApiCommon.Model.GetProjectsRequest" filename="EncorePorting/EncorePorting/EncoreApiCommon/Model/GetProjectsRequest.cs" line-rate="0" branch-rate="1" complexity="2">
          <methods>
            <method name="get_SolutionPath" signature="()" line-rate="0" branch-rate="1">
              <lines>
                <line number="5" hits="0" branch="False" />
              </lines>
            </method>
            <method name="get_ProjectsOnly" signature="()" line-rate="0" branch-rate="1">
              <lines>
                <line number="6" hits="0" branch="False" />
              </lines>
            </method>
          </methods>
          <lines>
            <line number="5" hits="0" branch="False" />
            <line number="6" hits="0" branch="False" />
          </lines>
        </class>
        <class name="EncoreApiCommon.Model.GetProjectsResponse" filename="EncorePorting/EncorePorting/EncoreApiCommon/Model/GetProjectsResponse.cs" line-rate="0" branch-rate="1" complexity="1">
          <methods>
            <method name="get_Projects" signature="()" line-rate="0" branch-rate="1">
              <lines>
                <line number="8" hits="0" branch="False" />
              </lines>
            </method>
          </methods>
          <lines>
            <line number="8" hits="0" branch="False" />
          </lines>
        </class>
        <class name="EncoreApiCommon.Model.GetSolutionsRequest" filename="EncorePorting/EncorePorting/EncoreApiCommon/Model/GetSolutionsRequest.cs" line-rate="0" branch-rate="1" complexity="1">
          <methods>
            <method name="get_SolutionPaths" signature="()" line-rate="0" branch-rate="1">
              <lines>
                <line number="7" hits="0" branch="False" />
              </lines>
            </method>
          </methods>
          <lines>
            <line number="7" hits="0" branch="False" />
          </lines>
        </class>
        <class name="EncoreApiCommon.Model.GetSolutionsResponse" filename="EncorePorting/EncorePorting/EncoreApiCommon/Model/GetSolutionsResponse.cs" line-rate="0" branch-rate="1" complexity="1">
          <methods>
            <method name="get_Solutions" signature="()" line-rate="0" branch-rate="1">
              <lines>
                <line number="8" hits="0" branch="False" />
              </lines>
            </method>
          </methods>
          <lines>
            <line number="8" hits="0" branch="False" />
          </lines>
        </class>
        <class name="EncoreApiCommon.Model.Response" filename="EncorePorting/EncorePorting/EncoreApiCommon/Model/Response.cs" line-rate="0" branch-rate="1" complexity="3">
          <methods>
            <method name="get_Status" signature="()" line-rate="0" branch-rate="1">
              <lines>
                <line number="22" hits="0" branch="False" />
              </lines>
            </method>
            <method name="Success" signature="()" line-rate="0" branch-rate="1">
              <lines>
                <line number="25" hits="0" branch="False" />
                <line number="26" hits="0" branch="False" />
                <line number="27" hits="0" branch="False" />
                <line number="28" hits="0" branch="False" />
                <line number="29" hits="0" branch="False" />
                <line number="30" hits="0" branch="False" />
              </lines>
            </method>
            <method name="Failed" signature="(System.Exception)" line-rate="0" branch-rate="1">
              <lines>
                <line number="33" hits="0" branch="False" />
                <line number="34" hits="0" branch="False" />
                <line number="35" hits="0" branch="False" />
                <line number="36" hits="0" branch="False" />
                <line number="37" hits="0" branch="False" />
                <line number="38" hits="0" branch="False" />
                <line number="39" hits="0" branch="False" />
              </lines>
            </method>
          </methods>
          <lines>
            <line number="22" hits="0" branch="False" />
            <line number="25" hits="0" branch="False" />
            <line number="26" hits="0" branch="False" />
            <line number="27" hits="0" branch="False" />
            <line number="28" hits="0" branch="False" />
            <line number="29" hits="0" branch="False" />
            <line number="30" hits="0" branch="False" />
            <line number="33" hits="0" branch="False" />
            <line number="34" hits="0" branch="False" />
            <line number="35" hits="0" branch="False" />
            <line number="36" hits="0" branch="False" />
            <line number="37" hits="0" branch="False" />
            <line number="38" hits="0" branch="False" />
            <line number="39" hits="0" branch="False" />
          </lines>
        </class>
        <class name="EncoreApiCommon.Model.Response/ResponseStatus" filename="EncorePorting/EncorePorting/EncoreApiCommon/Model/Response.cs" line-rate="0" branch-rate="1" complexity="2">
          <methods>
            <method name="get_Status" signature="()" line-rate="0" branch-rate="1">
              <lines>
                <line number="18" hits="0" branch="False" />
              </lines>
            </method>
            <method name="get_ErrorMessage" signature="()" line-rate="0" branch-rate="1">
              <lines>
                <line number="19" hits="0" branch="False" />
              </lines>
            </method>
          </methods>
          <lines>
            <line number="18" hits="0" branch="False" />
            <line number="19" hits="0" branch="False" />
          </lines>
        </class>
        <class name="EncoreApiCommon.ErrorHandle.EncoreApiException" filename="EncorePorting/EncorePorting/EncoreApiCommon/ErrorHandle/EncoreApiException.cs" line-rate="0" branch-rate="1" complexity="3">
          <methods>
            <method name=".ctor" signature="()" line-rate="0" branch-rate="1">
              <lines>
                <line number="6" hits="0" branch="False" />
                <line number="7" hits="0" branch="False" />
              </lines>
            </method>
            <method name=".ctor" signature="(System.String)" line-rate="0" branch-rate="1">
              <lines>
                <line number="10" hits="0" branch="False" />
                <line number="11" hits="0" branch="False" />
              </lines>
            </method>
            <method name=".ctor" signature="(System.String,System.SystemException)" line-rate="0" branch-rate="1">
              <lines>
                <line number="14" hits="0" branch="False" />
                <line number="15" hits="0" branch="False" />
              </lines>
            </method>
          </methods>
          <lines>
            <line number="6" hits="0" branch="False" />
            <line number="7" hits="0" branch="False" />
            <line number="10" hits="0" branch="False" />
            <line number="11" hits="0" branch="False" />
            <line number="14" hits="0" branch="False" />
            <line number="15" hits="0" branch="False" />
          </lines>
        </class>
      </classes>
    </package>
    <package name="EncoreAssessment" line-rate="0.7961" branch-rate="0.625" complexity="30">
      <classes>
        <class name="EncoreAssesmentPipeline.PreAssesmentValidator" filename="EncorePorting/EncorePorting/EncoreAssessment/PreAssesmentValidator.cs" line-rate="0" branch-rate="1" complexity="2">
          <methods>
            <method name="isProjectSupported" signature="()" line-rate="0" branch-rate="1">
              <lines>
                <line number="12" hits="0" branch="False" />
                <line number="13" hits="0" branch="False" />
                <line number="14" hits="0" branch="False" />
              </lines>
            </method>
            <method name=".ctor" signature="(System.String)" line-rate="0" branch-rate="1">
              <lines>
                <line number="7" hits="0" branch="False" />
                <line number="8" hits="0" branch="False" />
                <line number="9" hits="0" branch="False" />
                <line number="10" hits="0" branch="False" />
              </lines>
            </method>
          </methods>
          <lines>
            <line number="12" hits="0" branch="False" />
            <line number="13" hits="0" branch="False" />
            <line number="14" hits="0" branch="False" />
            <line number="7" hits="0" branch="False" />
            <line number="8" hits="0" branch="False" />
            <line number="9" hits="0" branch="False" />
            <line number="10" hits="0" branch="False" />
          </lines>
        </class>
        <class name="EncoreAssessment.AssessmentHandler" filename="EncorePorting/EncorePorting/EncoreAssessment/AssessmentHandler.cs" line-rate="0.8823000000000001" branch-rate="0.625" complexity="10">
          <methods>
            <method name="GetSolutions" signature="(System.Collections.Generic.List`1&lt;System.String&gt;)" line-rate="0.8234999999999999" branch-rate="1">
              <lines>
                <line number="31" hits="1" branch="False" />
                <line number="32" hits="1" branch="False" />
                <line number="33" hits="5" branch="True" condition-coverage="100% (2/2)">
                  <conditions>
                    <condition number="88" type="jump" coverage="100%" />
                  </conditions>
                </line>
                <line number="34" hits="1" branch="False" />
                <line number="36" hits="1" branch="False" />
                <line number="37" hits="1" branch="False" />
                <line number="38" hits="1" branch="False" />
                <line number="39" hits="1" branch="False" />
                <line number="40" hits="1" branch="False" />
                <line number="41" hits="1" branch="False" />
                <line number="42" hits="1" branch="False" />
                <line number="43" hits="0" branch="False" />
                <line number="44" hits="0" branch="False" />
                <line number="46" hits="0" branch="False" />
                <line number="48" hits="1" branch="False" />
                <line number="49" hits="1" branch="False" />
                <line number="50" hits="1" branch="False" />
[...]
            </line>
            <line number="25" hits="10" branch="False" />
            <line number="26" hits="10" branch="False" />
            <line number="27" hits="10" branch="False" />
            <line number="28" hits="4" branch="False" />
          </lines>
        </class>
        <class name="EncoreApiAnalysis.Request.CompatibilityRequest" filename="EncorePorting/EncorePorting/EncoreApiAnalysis/Request/CompatibilityRequest.cs" line-rate="0" branch-rate="1" complexity="1">
          <methods>
            <method name=".cctor" signature="()" line-rate="0" branch-rate="1">
              <lines>
                <line number="22" hits="0" branch="False" />
                <line number="23" hits="0" branch="False" />
                <line number="24" hits="0" branch="False" />
                <line number="25" hits="0" branch="False" />
              </lines>
            </method>
          </methods>
          <lines>
            <line number="22" hits="0" branch="False" />
            <line number="23" hits="0" branch="False" />
            <line number="24" hits="0" branch="False" />
            <line number="25" hits="0" branch="False" />
          </lines>
        </class>
        <class name="EncoreApiAnalysis.Request.CompatibilityRequest/&lt;&gt;c" filename="EncorePorting/EncorePorting/EncoreApiAnalysis/Request/CompatibilityRequest.cs" line-rate="0" branch-rate="1" complexity="3">
          <methods>
            <method name="&lt;CheckInvocationCompatibility&gt;b__1_0" signature="(EncoreApiAnalysis.Model.EncoreApiCompatibilityResponse)" line-rate="0" branch-rate="1">
              <lines>
                <line number="54" hits="0" branch="False" />
              </lines>
            </method>
            <method name="&lt;generateRequest&gt;b__2_0" signature="(System.String)" line-rate="0" branch-rate="1">
              <lines>
                <line number="72" hits="0" branch="False" />
                <line number="73" hits="0" branch="False" />
                <line number="74" hits="0" branch="False" />
                <line number="75" hits="0" branch="False" />
              </lines>
            </method>
            <method name="&lt;generateRequest&gt;b__2_1" signature="(EncoreCommon.Model.PackageVersionPair)" line-rate="0" branch-rate="1">
              <lines>
                <line number="76" hits="0" branch="False" />
                <line number="77" hits="0" branch="False" />
                <line number="78" hits="0" branch="False" />
                <line number="79" hits="0" branch="False" />
                <line number="80" hits="0" branch="False" />
              </lines>
            </method>
          </methods>
          <lines>
            <line number="54" hits="0" branch="False" />
            <line number="72" hits="0" branch="False" />
            <line number="73" hits="0" branch="False" />
            <line number="74" hits="0" branch="False" />
            <line number="75" hits="0" branch="False" />
            <line number="76" hits="0" branch="False" />
            <line number="77" hits="0" branch="False" />
            <line number="78" hits="0" branch="False" />
            <line number="79" hits="0" branch="False" />
            <line number="80" hits="0" branch="False" />
          </lines>
        </class>
        <class name="EncoreApiAnalysis.Request.CompatibilityRequest/&lt;CheckInvocationCompatibility&gt;d__1" filename="EncorePorting/EncorePorting/EncoreApiAnalysis/Request/CompatibilityRequest.cs" line-rate="0" branch-rate="0" complexity="2">
          <methods>
            <method name="MoveNext" signature="()" line-rate="0" branch-rate="0">
              <lines>
                <line number="32" hits="0" branch="False" />
                <line number="33" hits="0" branch="False" />
                <line number="35" hits="0" branch="False" />
                <line number="37" hits="0" branch="True" condition-coverage="0% (0/2)">
                  <conditions>
                    <condition number="355" type="jump" coverage="0%" />
                  </conditions>
                </line>
                <line number="38" hits="0" branch="False" />
                <line number="39" hits="0" branch="False" />
                <line number="40" hits="0" branch="False" />
                <line number="41" hits="0" branch="False" />
                <line number="42" hits="0" branch="False" />
                <line number="43" hits="0" branch="False" />
                <line number="45" hits="0" branch="False" />
                <line number="48" hits="0" branch="False" />
                <line number="49" hits="0" branch="False" />
                <line number="51" hits="0" branch="False" />
                <line number="52" hits="0" branch="False" />
                <line number="57" hits="0" branch="False" />
                <line number="58" hits="0" branch="False" />
                <line number="59" hits="0" branch="False" />
                <line number="60" hits="0" branch="False" />
                <line number="61" hits="0" branch="False" />
                <line number="62" hits="0" branch="False" />
                <line number="64" hits="0" branch="False" />
              </lines>
            </method>
          </methods>
          <lines>
            <line number="32" hits="0" branch="False" />
            <line number="33" hits="0" branch="False" />
            <line number="35" hits="0" branch="False" />
            <line number="37" hits="0" branch="True" condition-coverage="0% (0/2)">
              <conditions>
                <condition number="355" type="jump" coverage="0%" />
              </conditions>
            </line>
            <line number="38" hits="0" branch="False" />
            <line number="39" hits="0" branch="False" />
            <line number="40" hits="0" branch="False" />
            <line number="41" hits="0" branch="False" />
            <line number="42" hits="0" branch="False" />
            <line number="43" hits="0" branch="False" />
            <line number="45" hits="0" branch="False" />
            <line number="48" hits="0" branch="False" />
            <line number="49" hits="0" branch="False" />
            <line number="51" hits="0" branch="False" />
            <line number="52" hits="0" branch="False" />
            <line number="57" hits="0" branch="False" />
            <line number="58" hits="0" branch="False" />
            <line number="59" hits="0" branch="False" />
            <line number="60" hits="0" branch="False" />
            <line number="61" hits="0" branch="False" />
            <line number="62" hits="0" branch="False" />
            <line number="64" hits="0" branch="False" />
          </lines>
        </class>
        <class name="EncoreApiAnalysis.Request.CompatibilityRequest/&lt;generateRequest&gt;d__2" filename="EncorePorting/EncorePorting/EncoreApiAnalysis/Request/CompatibilityRequest.cs" line-rate="0" branch-rate="1" complexity="1">
          <methods>
            <method name="MoveNext" signature="()" line-rate="0" branch-rate="1">
              <lines>
                <line number="68" hits="0" branch="False" />
                <line number="69" hits="0" branch="False" />
                <line number="70" hits="0" branch="False" />
                <line number="71" hits="0" branch="False" />
                <line number="81" hits="0" branch="False" />
                <line number="83" hits="0" branch="False" />
                <line number="84" hits="0" branch="False" />
                <line number="85" hits="0" branch="False" />
                <line number="86" hits="0" branch="False" />
                <line number="88" hits="0" branch="False" />
                <line number="90" hits="0" branch="False" />
                <line number="91" hits="0" branch="False" />
                <line number="92" hits="0" branch="False" />
                <line number="93" hits="0" branch="False" />
                <line number="94" hits="0" branch="False" />
                <line number="95" hits="0" branch="False" />
                <line number="96" hits="0" branch="False" />
                <line number="98" hits="0" branch="False" />
                <line number="99" hits="0" branch="False" />
                <line number="101" hits="0" branch="False" />
                <line number="102" hits="0" branch="False" />
              </lines>
            </method>
          </methods>
          <lines>
            <line number="68" hits="0" branch="False" />
            <line number="69" hits="0" branch="False" />
            <line number="70" hits="0" branch="False" />
            <line number="71" hits="0" branch="False" />
            <line number="81" hits="0" branch="False" />
            <line number="83" hits="0" branch="False" />
            <line number="84" hits="0" branch="False" />
            <line number="85" hits="0" branch="False" />
            <line number="86" hits="0" branch="False" />
            <line number="88" hits="0" branch="False" />
            <line number="90" hits="0" branch="False" />
            <line number="91" hits="0" branch="False" />
            <line number="92" hits="0" branch="False" />
            <line number="93" hits="0" branch="False" />
            <line number="94" hits="0" branch="False" />
            <line number="95" hits="0" branch="False" />
            <line number="96" hits="0" branch="False" />
            <line number="98" hits="0" branch="False" />
            <line number="99" hits="0" branch="False" />
            <line number="101" hits="0" branch="False" />
            <line number="102" hits="0" branch="False" />
          </lines>
        </class>
        <class name="EncoreApiAnalysis.Model.EncoreApiCompatibilityRequest" filename="EncorePorting/EncorePorting/EncoreApiAnalysis/Model/EncoreApiCompatibilityRequest.cs" line-rate="0" branch-rate="1" complexity="2">
          <methods>
            <method name="get_NugetPackages" signature="()" line-rate="0" branch-rate="1">
              <lines>
                <line number="8" hits="0" branch="False" />
              </lines>
            </method>
            <method name="get_MethodSignatures" signature="()" line-rate="0" branch-rate="1">
              <lines>
                <line number="9" hits="0" branch="False" />
              </lines>
            </method>
          </methods>
          <lines>
            <line number="8" hits="0" branch="False" />
            <line number="9" hits="0" branch="False" />
          </lines>
        </class>
        <class name="EncoreApiAnalysis.Model.EncoreApiCompatibilityRequest/EncoreMethodSignature" filename="EncorePorting/EncorePorting/EncoreApiAnalysis/Model/EncoreApiCompatibilityRequest.cs" line-rate="0" branch-rate="1" complexity="1">
          <methods>
            <method name="get_MethodSignature" signature="()" line-rate="0" branch-rate="1">
              <lines>
                <line number="13" hits="0" branch="False" />
              </lines>
            </method>
          </methods>
          <lines>
            <line number="13" hits="0" branch="False" />
          </lines>
        </class>
        <class name="EncoreApiAnalysis.Model.EncoreApiCompatibilityResponse" filename="EncorePorting/EncorePorting/EncoreApiAnalysis/Model/EncoreApiCompatibilityResponse.cs" line-rate="0.7333" branch-rate="1" complexity="14">
          <methods>
            <method name="get_Compatible" signature="()" line-rate="1" branch-rate="1">
              <lines>
                <line number="11" hits="27" branch="False" />
              </lines>
            </method>
            <method name="get_MethodSignature" signature="()" line-rate="1" branch-rate="1">
              <lines>
                <line number="12" hits="19" branch="False" />
              </lines>
            </method>
            <method name="get_Package" signature="()" line-rate="1" branch-rate="1">
              <lines>
                <line number="13" hits="11" branch="False" />
              </lines>
            </method>
            <method name="get_Version" signature="()" line-rate="1" branch-rate="1">
              <lines>
                <line number="14" hits="11" branch="False" />
              </lines>
            </method>
            <method name="get_Upgrades" signature="()" line-rate="0" branch-rate="1">
              <lines>
                <line number="15" hits="0" branch="False" />
              </lines>
            </method>
            <method name="Equals" signature="(System.Object)" line-rate="1" branch-rate="1">
              <lines>
                <line number="18" hits="4" branch="False" />
                <line number="19" hits="4" branch="True" condition-coverage="100% (8/8)">
                  <conditions>
                    <condition number="9" type="jump" coverage="100%" />
                    <condition number="28" type="jump" coverage="100%" />
                    <condition number="42" type="jump" coverage="100%" />
                    <condition number="61" type="jump" coverage="100%" />
                  </conditions>
                </line>
                <line number="20" hits="4" branch="False" />
                <line number="21" hits="4" branch="False" />
                <line number="22" hits="4" branch="False" />
                <line number="23" hits="4" branch="False" />
                <line number="24" hits="4" branch="False" />
              </lines>
            </method>
            <method name="GetHashCode" signature="()" line-rate="0" branch-rate="1">
              <lines>
                <line number="27" hits="0" branch="False" />
                <line number="28" hits="0" branch="False" />
                <line number="29" hits="0" branch="False" />
              </lines>
            </method>
          </methods>
          <lines>
            <line number="11" hits="27" branch="False" />
            <line number="12" hits="19" branch="False" />
            <line number="13" hits="11" branch="False" />
            <line number="14" hits="11" branch="False" />
            <line number="15" hits="0" branch="False" />
            <line number="18" hits="4" branch="False" />
            <line number="19" hits="4" branch="True" condition-coverage="100% (8/8)">
              <conditions>
                <condition number="9" type="jump" coverage="100%" />
                <condition number="28" type="jump" coverage="100%" />
                <condition number="42" type="jump" coverage="100%" />
                <condition number="61" type="jump" coverage="100%" />
              </conditions>
            </line>
            <line number="20" hits="4" branch="False" />
            <line number="21" hits="4" branch="False" />
            <line number="22" hits="4" branch="False" />
            <line number="23" hits="4" branch="False" />
            <line number="24" hits="4" branch="False" />
            <line number="27" hits="0" branch="False" />
            <line number="28" hits="0" branch="False" />
            <line number="29" hits="0" branch="False" />
          </lines>
        </class>
        <class name="EncoreApiAnalysis.Model.EncoreApiCompatibilityResponse/Upgrade" filename="EncorePorting/EncorePorting/EncoreApiAnalysis/Model/EncoreApiCompatibilityResponse.cs" line-rate="0" branch-rate="1" complexity="1">
          <methods>
            <method name="get_Newest" signature="()" line-rate="0" branch-rate="1">
              <lines>
                <line number="33" hits="0" branch="False" />
              </lines>
            </method>
          </methods>
          <lines>
            <line number="33" hits="0" branch="False" />
          </lines>
        </class>
        <class name="EncoreApiAnalysis.Analyzer.EncoreApiAnalysisAnalyzer" filename="EncorePorting/EncorePorting/EncoreApiAnalysis/Analyzer/EncoreApiAnalysisAnalyzer.cs" line-rate="0" branch-rate="1" complexity="2">
          <methods>
            <method name="Walker" signature="(Microsoft.CodeAnalysis.SyntaxTree,Microsoft.CodeAnalysis.SemanticModel)" line-rate="0" branch-rate="1">
              <lines>
                <line number="16" hits="0" branch="False" />
                <line number="17" hits="0" branch="False" />
                <line number="18" hits="0" branch="False" />
              </lines>
            </method>
            <method name=".ctor" signature="(System.String,Amazon.CodeAnalysis.Analyzer.AnalyzerOptions)" line-rate="0" branch-rate="1">
              <lines>
                <line number="11" hits="0" branch="False" />
                <line number="12" hits="0" branch="False" />
                <line number="13" hits="0" branch="False" />
              </lines>
            </method>
          </methods>
          <lines>
            <line number="16" hits="0" branch="False" />
            <line number="17" hits="0" branch="False" />
            <line number="18" hits="0" branch="False" />
            <line number="11" hits="0" branch="False" />
            <line number="12" hits="0" branch="False" />
            <line number="13" hits="0" branch="False" />
          </lines>
        </class>
        <class name="EncoreApiAnalysis.Analyzer.EncoreApiAnalysisWalker" filename="EncorePorting/EncorePorting/EncoreApiAnalysis/Analyzer/EncoreApiAnalysisWalker.cs" line-rate="0" branch-rate="1" complexity="1">
          <methods>
            <method name=".ctor" signature="(Microsoft.CodeAnalysis.SyntaxTree,Microsoft.CodeAnalysis.SemanticModel)" line-rate="0" branch-rate="1">
              <lines>
                <line number="9" hits="0" branch="False" />
                <line number="10" hits="0" branch="False" />
                <line number="11" hits="0" branch="False" />
              </lines>
            </method>
          </methods>
          <lines>
            <line number="9" hits="0" branch="False" />
            <line number="10" hits="0" branch="False" />
            <line number="11" hits="0" branch="False" />
          </lines>
        </class>
      </classes>
    </package>
    <package name="EncorePorting" line-rate="0" branch-rate="1" complexity="2">
      <classes>
        <class name="EncorePorting.PortingHandler" filename="EncorePorting/EncorePorting/EncorePorting/PortingHandler.cs" line-rate="0" branch-rate="1" complexity="2">
          <methods>
            <method name="ApplyPortProjectFileChanges" signature="(System.Collections.Generic.List`1&lt;System.String&gt;,System.String)" line-rate="0" branch-rate="1">
              <lines>
                <line number="21" hits="0" branch="False" />
                <line number="22" hits="0" branch="False" />
                <line number="23" hits="0" branch="False" />
              </lines>
            </method>
            <method name=".ctor" signature="(Microsoft.Extensions.Logging.ILogger`1&lt;EncorePorting.PortingHandler&gt;,EncorePortingProjectFile.IPortingProjectFileHandler)" line-rate="0" branch-rate="1">
              <lines>
                <line number="14" hits="0" branch="False" />
                <line number="15" hits="0" branch="False" />
                <line number="16" hits="0" branch="False" />
                <line number="17" hits="0" branch="False" />
                <line number="18" hits="0" branch="False" />
              </lines>
            </method>
          </methods>
          <lines>
            <line number="21" hits="0" branch="False" />
            <line number="22" hits="0" branch="False" />
            <line number="23" hits="0" branch="False" />
            <line number="14" hits="0" branch="False" />
            <line number="15" hits="0" branch="False" />
            <line number="16" hits="0" branch="False" />
            <line number="17" hits="0" branch="False" />
            <line number="18" hits="0" branch="False" />
          </lines>
        </class>
      </classes>
    </package>
  </packages>
</coverage>