<?xml version="1.0" encoding="utf-8"?>
<coverage line-rate="0.6806" branch-rate="0.5768" version="1.9" timestamp="1667004313" lines-covered="2114" lines-valid="3106" branches-covered="424" branches-valid="735">
  <sources>
    <source>D:\repos\porting-assistant-dotnet-client\src\</source>
  </sources>
  <packages>
    <package name="PortingAssistant.Client.Analysis" line-rate="0.7702" branch-rate="0.6318" complexity="380">
      <classes>
        <class name="PortingAssistant.Client.Analysis.PortingAssistantAnalysisHandler" filename="PortingAssistant.Client.Analysis\AnalysisHandler.cs" line-rate="0.9054000000000001" branch-rate="0.7646999999999999" complexity="38">
          <methods>
            <method name="AnalyzeFileActionsIncremental" signature="(System.String,CTA.Rules.Models.RootNodes,System.String,System.String,System.String,Codelyzer.Analysis.Build.IDEProjectResult)" line-rate="1" branch-rate="1" complexity="1">
              <lines>
                <line number="203" hits="2" branch="False" />
                <line number="204" hits="2" branch="False" />
                <line number="206" hits="2" branch="False" />
                <line number="207" hits="2" branch="False" />
                <line number="208" hits="2" branch="False" />
                <line number="209" hits="2" branch="False" />
                <line number="210" hits="2" branch="False" />
                <line number="211" hits="2" branch="False" />
                <line number="212" hits="2" branch="False" />
                <line number="213" hits="2" branch="False" />
                <line number="215" hits="2" branch="False" />
                <line number="217" hits="2" branch="False" />
                <line number="219" hits="2" branch="False" />
                <line number="220" hits="2" branch="False" />
                <line number="221" hits="2" branch="False" />
              </lines>
            </method>
            <method name="AnalyzeActions" signature="(System.Collections.Generic.List`1&lt;System.String&gt;,System.String,System.Collections.Generic.List`1&lt;Codelyzer.Analysis.AnalyzerResult&gt;,System.String)" line-rate="1" branch-rate="0.6666" complexity="6">
              <lines>
                <line number="326" hits="4" branch="False" />
                <line number="327" hits="4" branch="False" />
                <line number="328" hits="4" branch="False" />
                <line number="330" hits="4" branch="False" />
                <line number="332" hits="4" branch="False" />
                <line number="333" hits="4" branch="False" />
                <line number="334" hits="8" branch="True" condition-coverage="50% (2/4)">
                  <conditions>
                    <condition number="7" type="jump" coverage="50%" />
                    <condition number="18" type="jump" coverage="50%" />
                  </conditions>
                </line>
                <line number="335" hits="8" branch="False" />
                <line number="336" hits="4" branch="False" />
                <line number="337" hits="8" branch="False" />
                <line number="339" hits="18" branch="True" condition-coverage="100% (2/2)">
                  <conditions>
                    <condition number="172" type="jump" coverage="100%" />
                  </conditions>
                </line>
                <line number="340" hits="3" branch="False" />
                <line number="341" hits="3" branch="False" />
                <line number="342" hits="3" branch="False" />
                <line number="343" hits="3" branch="False" />
                <line number="344" hits="3" branch="False" />
                <line number="345" hits="3" branch="False" />
                <line number="346" hits="3" branch="False" />
                <line number="347" hits="3" branch="False" />
                <line number="348" hits="3" branch="False" />
                <line number="350" hits="3" branch="False" />
                <line number="351" hits="3" branch="False" />
                <line number="352" hits="4" branch="False" />
                <line number="353" hits="4" branch="False" />
                <line number="355" hits="4" branch="False" />
                <line number="356" hits="4" branch="False" />
                <line number="358" hits="4" branch="False" />
                <line number="359" hits="4" branch="False" />
              </lines>
            </method>
            <method name="SourceFileToCodeTokens" signature="(Codelyzer.Analysis.Model.RootUstNode)" line-rate="1" branch-rate="1" complexity="1">
              <lines>
                <line number="362" hits="14" branch="False" />
                <line number="363" hits="14" branch="False" />
                <line number="364" hits="14" branch="False" />
                <line number="365" hits="14" branch="False" />
                <line number="366" hits="14" branch="False" />
                <line number="367" hits="14" branch="False" />
                <line number="368" hits="14" branch="False" />
                <line number="369" hits="14" branch="False" />
                <line number="370" hits="14" branch="False" />
                <line number="372" hits="14" branch="False" />
                <line number="373" hits="14" branch="False" />
              </lines>
            </method>
            <method name="AnalyzeProjects" signature="(System.String,System.Collections.Generic.List`1&lt;System.String&gt;,System.Collections.Generic.List`1&lt;Codelyzer.Analysis.AnalyzerResult&gt;,System.Collections.Generic.List`1&lt;CTA.Rules.Models.ProjectResult&gt;,System.Boolean,System.String)" line-rate="1" branch-rate="1" complexity="1">
              <lines>
                <line number="382" hits="4" branch="False" />
                <line number="383" hits="4" branch="False" />
                <line number="384" hits="4" branch="False" />
                <line number="386" hits="4" branch="False" />
                <line number="387" hits="4" branch="False" />
                <line number="388" hits="4" branch="False" />
                <line number="389" hits="4" branch="False" />
                <line number="390" hits="4" branch="False" />
                <line number="391" hits="4" branch="False" />
                <line number="392" hits="4" branch="False" />
                <line number="393" hits="4" branch="False" />
                <line number="394" hits="4" branch="False" />
                <line number="395" hits="4" branch="False" />
                <line number="396" hits="4" branch="False" />
                <line number="397" hits="10" branch="False" />
                <line number="399" hits="4" branch="False" />
                <line number="400" hits="4" branch="False" />
                <line number="402" hits="4" branch="False" />
                <line number="403" hits="4" branch="False" />
              </lines>
            </method>
            <method name="AnalyzeProject" signature="(System.String,System.String,System.Collections.Generic.List`1&lt;Codelyzer.Analysis.AnalyzerResult&gt;,System.Collections.Generic.List`1&lt;CTA.Rules.Models.ProjectResult&gt;,System.Boolean,System.String)" line-rate="0.8079999999999999" branch-rate="0.7916" complexity="24">
              <lines>
                <line number="407" hits="4" branch="False" />
                <line number="409" hits="4" branch="False" />
                <line number="410" hits="8" branch="True" condition-coverage="50% (2/4)">
                  <conditions>
                    <condition number="7" type="jump" coverage="50%" />
                    <condition number="18" type="jump" coverage="50%" />
                  </conditions>
                </line>
                <line number="411" hits="8" branch="False" />
                <line number="413" hits="7" branch="True" condition-coverage="100% (2/2)">
                  <conditions>
                    <condition number="92" type="jump" coverage="100%" />
                  </conditions>
                </line>
                <line number="414" hits="7" branch="False" />
                <line number="416" hits="7" branch="True" condition-coverage="100% (4/4)">
                  <conditions>
                    <condition number="144" type="jump" coverage="100%" />
                    <condition number="156" type="jump" coverage="100%" />
                  </conditions>
                </line>
                <line number="418" hits="4" branch="True" condition-coverage="100% (4/4)">
                  <conditions>
                    <condition number="167" type="jump" coverage="100%" />
                    <condition number="185" type="jump" coverage="100%" />
                  </conditions>
                </line>
                <line number="419" hits="1" branch="False" />
                <line number="420" hits="1" branch="False" />
                <line number="421" hits="1" branch="False" />
                <line number="424" hits="3" branch="False" />
                <line number="425" hits="12" branch="False" />
                <line number="426" hits="12" branch="False" />
                <line number="427" hits="39" branch="False" />
                <line number="429" hits="3" branch="False" />
                <line number="431" hits="3" branch="False" />
                <line number="432" hits="12" branch="False" />
                <line number="433" hits="120" branch="False" />
                <line number="434" hits="12" branch="False" />
                <line number="435" hits="15" branch="False" />
                <line number="437" hits="3" branch="True" condition-coverage="50% (1/2)">
                  <conditions>
                    <condition number="406" type="jump" coverage="50%" />
                  </conditions>
                </line>
                <line number="438" hits="3" branch="False" />
                <line number="440" hits="3" branch="False" />
                <line number="441" hits="9" branch="False" />
                <line number="442" hits="3" branch="False" />
                <line number="443" hits="12" branch="False" />
                <line number="445" hits="3" branch="False" />
                <line number="446" hits="0" branch="False" />
                <line number="447" hits="3" branch="False" />
                <line number="449" hits="17" branch="False" />
                <line number="450" hits="17" branch="False" />
                <line number="451" hits="17" branch="False" />
                <line number="452" hits="17" branch="False" />
                <line number="453" hits="17" branch="False" />
                <line number="454" hits="17" branch="False" />
                <line number="455" hits="3" branch="False" />
                <line number="456" hits="17" branch="True" condition-coverage="100% (2/2)">
                  <conditions>
                    <condition number="11" type="jump" coverage="100%" />
                  </conditions>
                </line>
                <line number="457" hits="17" branch="False" />
                <line number="459" hits="3" branch="False" />
                <line number="460" hits="3" branch="False" />
                <line number="461" hits="3" branch="False" />
                <line number="462" hits="3" branch="False" />
                <line number="466" hits="3" branch="True" condition-coverage="100% (2/2)">
                  <conditions>
                    <condition number="699" type="jump" coverage="100%" />
                  </conditions>
                </line>
                <line number="467" hits="1" branch="False" />
                <line number="469" hits="2" branch="False" />
                <line number="471" hits="3" branch="False" />
                <line number="473" hits="3" branch="False" />
                <line number="474" hits="9" branch="False" />
                <line number="475" hits="9" branch="False" />
                <line number="476" hits="9" branch="False" />
                <line number="477" hits="9" branch="False" />
                <line number="478" hits="30" branch="False" />
                <line number="480" hits="3" branch="False" />
                <line number="482" hits="3" branch="False" />
                <line number="483" hits="3" branch="False" />
                <line number="484" hits="3" branch="True" condition-coverage="50% (1/2)">
                  <conditions>
                    <condition number="915" type="jump" coverage="50%" />
                  </conditions>
                </line>
                <line number="486" hits="3" branch="True" condition-coverage="50% (1/2)">
                  <conditions>
                    <condition number="1080" type="jump" coverage="50%" />
                  </conditions>
                </line>
                <line number="487" hits="3" branch="False" />
                <line number="488" hits="3" branch="False" />
                <line number="489" hits="3" branch="False" />
                <line number="490" hits="3" branch="False" />
                <line number="491" hits="3" branch="False" />
                <line number="492" hits="0" branch="False" />
                <line number="493" hits="3" branch="False" />
                <line number="494" hits="3" branch="False" />
                <line number="495" hits="3" branch="False" />
                <line number="496" hits="3" branch="False" />
                <line number="497" hits="3" branch="False" />
                <line number="498" hits="3" branch="False" />
                <line number="499" hits="3" branch="False" />
                <line number="500" hits="456" branch="False" />
                <line number="501" hits="3" branch="False" />
                <line number="502" hits="3" branch="False" />
                <line number="503" hits="3" branch="False" />
                <line number="504" hits="3" branch="False" />
                <line number="505" hits="3" branch="False" />
                <line number="506" hits="3" branch="False" />
                <line number="508" hits="0" branch="False" />
                <line number="509" hits="0" branch="False" />
                <line number="510" hits="0" branch="False" />
                <line number="511" hits="0" branch="False" />
                <line number="512" hits="0" branch="False" />
                <line number="513" hits="0" branch="False" />
                <line number="514" hits="0" branch="False" />
                <line number="515" hits="0" branch="False" />
                <line number="516" hits="0" branch="False" />
                <line number="517" hits="0" branch="False" />
                <line number="518" hits="0" branch="False" />
                <line number="519" hits="0" branch="False" />
                <line number="520" hits="0" branch="False" />
                <line number="521" hits="0" branch="False" />
                <line number="522" hits="0" branch="False" />
                <line number="523" hits="0" branch="False" />
                <line number="524" hits="0" branch="False" />
                <line number="527" hits="4" branch="False" />
                <line number="528" hits="4" branch="False" />
                <line number="529" hits="4" branch="False" />
                <line number="530" hits="4" branch="False" />
              </lines>
            </method>
            <method name="GetAnalyzerConfiguration" signature="(System.Collections.Generic.List`1&lt;System.String&gt;)" line-rate="1" branch-rate="0.75" complexity="4">
              <lines>
                <line number="533" hits="4" branch="False" />
                <line number="534" hits="4" branch="False" />
                <line number="535" hits="8" branch="True" condition-coverage="75% (3/4)">
                  <conditions>
                    <condition number="8" type="jump" coverage="50%" />
                    <condition number="62" type="jump" coverage="100%" />
                  </conditions>
                </line>
                <line number="536" hits="1" branch="False" />
                <line number="537" hits="1" branch="False" />
                <line number="538" hits="1" branch="False" />
                <line number="539" hits="4" branch="False" />
                <line number="540" hits="4" branch="False" />
                <line number="541" hits="4" branch="False" />
                <line number="542" hits="4" branch="False" />
                <line number="543" hits="4" branch="False" />
                <line number="544" hits="4" branch="False" />
                <line number="545" hits="4" branch="False" />
                <line number="546" hits="4" branch="False" />
                <line number="547" hits="4" branch="False" />
                <line number="548" hits="4" branch="False" />
                <line number="549" hits="4" branch="False" />
                <line number="550" hits="4" branch="False" />
                <line number="551" hits="4" branch="False" />
                <line number="552" hits="4" branch="False" />
                <line number="553" hits="4" branch="False" />
                <line number="554" hits="4" branch="False" />
              </lines>
            </method>
            <method name=".ctor" signature="(Microsoft.Extensions.Logging.ILogger`1&lt;PortingAssistant.Client.Analysis.PortingAssistantAnalysisHandler&gt;,PortingAssistant.Client.NuGet.IPortingAssistantNuGetHandler,PortingAssistant.Client.NuGet.IPortingAssistantRecommendationHandler)" line-rate="1" branch-rate="1" complexity="1">
              <lines>
                <line number="31" hits="2" branch="False" />
                <line number="32" hits="2" branch="False" />
                <line number="33" hits="2" branch="False" />
                <line number="34" hits="2" branch="False" />
                <line number="35" hits="2" branch="False" />
                <line number="36" hits="2" branch="False" />
                <line number="37" hits="2" branch="False" />
              </lines>
            </method>
          </methods>
          <lines>
            <line number="203" hits="2" branch="False" />
            <line number="204" hits="2" branch="False" />
            <line number="206" hits="2" branch="False" />
            <line number="207" hits="2" branch="False" />
            <line number="208" hits="2" branch="False" />
            <line number="209" hits="2" branch="False" />
            <line number="210" hits="2" branch="False" />
            <line number="211" hits="2" branch="False" />
            <line number="212" hits="2" branch="False" />
            <line number="213" hits="2" branch="False" />
            <line number="215" hits="2" branch="False" />
            <line number="217" hits="2" branch="False" />
            <line number="219" hits="2" branch="False" />
            <line number="220" hits="2" branch="False" />
            <line number="221" hits="2" branch="False" />
            <line number="326" hits="4" branch="False" />
            <line number="327" hits="4" branch="False" />
            <line number="328" hits="4" branch="False" />
            <line number="330" hits="4" branch="False" />
            <line number="332" hits="4" branch="False" />
            <line number="333" hits="4" branch="False" />
            <line number="334" hits="8" branch="True" condition-coverage="50% (2/4)">
              <conditions>
                <condition number="7" type="jump" coverage="50%" />
                <condition number="18" type="jump" coverage="50%" />
              </conditions>
            </line>
            <line number="335" hits="8" branch="False" />
            <line number="336" hits="4" branch="False" />
            <line number="337" hits="8" branch="False" />
            <line number="339" hits="18" branch="True" condition-coverage="100% (2/2)">
              <conditions>
                <condition number="172" type="jump" coverage="100%" />
              </conditions>
            </line>
            <line number="340" hits="3" branch="False" />
            <line number="341" hits="3" branch="False" />
            <line number="342" hits="3" branch="False" />
            <line number="343" hits="3" branch="False" />
            <line number="344" hits="3" branch="False" />
            <line number="345" hits="3" branch="False" />
            <line number="346" hits="3" branch="False" />
            <line number="347" hits="3" branch="False" />
            <line number="348" hits="3" branch="False" />
            <line number="350" hits="3" branch="False" />
            <line number="351" hits="3" branch="False" />
            <line number="352" hits="4" branch="False" />
            <line number="353" hits="4" branch="False" />
            <line number="355" hits="4" branch="False" />
            <line number="356" hits="4" branch="False" />
            <line number="358" hits="4" branch="False" />
            <line number="359" hits="4" branch="False" />
            <line number="362" hits="14" branch="False" />
            <line number="363" hits="14" branch="False" />
            <line number="364" hits="14" branch="False" />
            <line number="365" hits="14" branch="False" />
            <line number="366" hits="14" branch="False" />
            <line number="367" hits="14" branch="False" />
            <line number="368" hits="14" branch="False" />
            <line number="369" hits="14" branch="False" />
            <line number="370" hits="14" branch="False" />
            <line number="372" hits="14" branch="False" />
            <line number="373" hits="14" branch="False" />
            <line number="382" hits="4" branch="False" />
            <line number="383" hits="4" branch="False" />
            <line number="384" hits="4" branch="False" />
            <line number="386" hits="4" branch="False" />
            <line number="387" hits="4" branch="False" />
            <line number="388" hits="4" branch="False" />
            <line number="389" hits="4" branch="False" />
            <line number="390" hits="4" branch="False" />
            <line number="391" hits="4" branch="False" />
            <line number="392" hits="4" branch="False" />
            <line number="393" hits="4" branch="False" />
            <line number="394" hits="4" branch="False" />
            <line number="395" hits="4" branch="False" />
            <line number="396" hits="4" branch="False" />
            <line number="397" hits="10" branch="False" />
            <line number="399" hits="4" branch="False" />
            <line number="400" hits="4" branch="False" />
            <line number="402" hits="4" branch="False" />
            <line number="403" hits="4" branch="False" />
            <line number="407" hits="4" branch="False" />
            <line number="409" hits="4" branch="False" />
            <line number="410" hits="8" branch="True" condition-coverage="50% (2/4)">
              <conditions>
                <condition number="7" type="jump" coverage="50%" />
                <condition number="18" type="jump" coverage="50%" />
              </conditions>
            </line>
            <line number="411" hits="8" branch="False" />
            <line number="413" hits="7" branch="True" condition-coverage="100% (2/2)">
              <conditions>
                <condition number="92" type="jump" coverage="100%" />
              </conditions>
            </line>
            <line number="414" hits="7" branch="False" />
            <line number="416" hits="7" branch="True" condition-coverage="100% (4/4)">
              <conditions>
                <condition number="144" type="jump" coverage="100%" />
                <condition number="156" type="jump" coverage="100%" />
              </conditions>
            </line>
            <line number="418" hits="4" branch="True" condition-coverage="100% (4/4)">
              <conditions>
                <condition number="167" type="jump" coverage="100%" />
                <condition number="185" type="jump" coverage="100%" />
              </conditions>
            </line>
            <line number="419" hits="1" branch="False" />
            <line number="420" hits="1" branch="False" />
            <line number="421" hits="1" branch="False" />
            <line number="424" hits="3" branch="False" />
            <line number="425" hits="12" branch="False" />
            <line number="426" hits="12" branch="False" />
            <line number="427" hits="39" branch="False" />
            <line number="429" hits="3" branch="False" />
            <line number="431" hits="3" branch="False" />
            <line number="432" hits="12" branch="False" />
            <line number="433" hits="120" branch="False" />
            <line number="434" hits="12" branch="False" />
            <line number="435" hits="15" branch="False" />
            <line number="437" hits="3" branch="True" condition-coverage="50% (1/2)">
              <conditions>
                <condition number="406" type="jump" coverage="50%" />
              </conditions>
            </line>
            <line number="438" hits="3" branch="False" />
            <line number="440" hits="3" branch="False" />
            <line number="441" hits="9" branch="False" />
            <line number="442" hits="3" branch="False" />
            <line number="443" hits="12" branch="False" />
            <line number="445" hits="3" branch="False" />
            <line number="446" hits="0" branch="False" />
            <line number="447" hits="3" branch="False" />
            <line number="449" hits="17" branch="False" />
            <line number="450" hits="17" branch="False" />
            <line number="451" hits="17" branch="False" />
            <line number="452" hits="17" branch="False" />
            <line number="453" hits="17" branch="False" />
            <line number="454" hits="17" branch="False" />
            <line number="455" hits="3" branch="False" />
            <line number="456" hits="17" branch="True" condition-coverage="100% (2/2)">
              <conditions>
                <condition number="11" type="jump" coverage="100%" />
              </conditions>
            </line>
            <line number="457" hits="17" branch="False" />
            <line number="459" hits="3" branch="False" />
            <line number="460" hits="3" branch="False" />
            <line number="461" hits="3" branch="False" />
            <line number="462" hits="3" branch="False" />
            <line number="466" hits="3" branch="True" condition-coverage="100% (2/2)">
              <conditions>
                <condition number="699" type="jump" coverage="100%" />
              </conditions>
            </line>
            <line number="467" hits="1" branch="False" />
            <line number="469" hits="2" branch="False" />
            <line number="471" hits="3" branch="False" />
            <line number="473" hits="3" branch="False" />
            <line number="474" hits="9" branch="False" />
            <line number="475" hits="9" branch="False" />
            <line number="476" hits="9" branch="False" />
            <line number="477" hits="9" branch="False" />
            <line number="478" hits="30" branch="False" />
            <line number="480" hits="3" branch="False" />
            <line number="482" hits="3" branch="False" />
            <line number="483" hits="3" branch="False" />
            <line number="484" hits="3" branch="True" condition-coverage="50% (1/2)">
              <conditions>
                <condition number="915" type="jump" coverage="50%" />
              </conditions>
            </line>
            <line number="486" hits="3" branch="True" condition-coverage="50% (1/2)">
              <conditions>
                <condition number="1080" type="jump" coverage="50%" />
              </conditions>
            </line>
            <line number="487" hits="3" branch="False" />
            <line number="488" hits="3" branch="False" />
            <line number="489" hits="3" branch="False" />
            <line number="490" hits="3" branch="False" />
            <line number="491" hits="3" branch="False" />
            <line number="492" hits="0" branch="False" />
            <line number="493" hits="3" branch="False" />
            <line number="494" hits="3" branch="False" />
            <line number="495" hits="3" branch="False" />
            <line number="496" hits="3" branch="False" />
            <line number="497" hits="3" branch="False" />
            <line number="498" hits="3" branch="False" />
            <line number="499" hits="3" branch="False" />
            <line number="500" hits="456" branch="False" />
            <line number="501" hits="3" branch="False" />
            <line number="502" hits="3" branch="False" />
            <line number="503" hits="3" branch="False" />
            <line number="504" hits="3" branch="False" />
            <line number="505" hits="3" branch="False" />
            <line number="506" hits="3" branch="False" />
            <line number="508" hits="0" branch="False" />
            <line number="509" hits="0" branch="False" />
            <line number="510" hits="0" branch="False" />
            <line number="511" hits="0" branch="False" />
            <line number="512" hits="0" branch="False" />
            <line number="513" hits="0" branch="False" />
            <line number="514" hits="0" branch="False" />
            <line number="515" hits="0" branch="False" />
            <line number="516" hits="0" branch="False" />
            <line number="517" hits="0" branch="False" />
            <line number="518" hits="0" branch="False" />
            <line number="519" hits="0" branch="False" />
            <line number="520" hits="0" branch="False" />
            <line number="521" hits="0" branch="False" />
            <line number="522" hits="0" branch="False" />
            <line number="523" hits="0" branch="False" />
            <line number="524" hits="0" branch="False" />
            <line number="527" hits="4" branch="False" />
            <line number="528" hits="4" branch="False" />
            <line number="529" hits="4" branch="False" />
            <line number="530" hits="4" branch="False" />
            <line number="533" hits="4" branch="False" />
            <line number="534" hits="4" branch="False" />
            <line number="535" hits="8" branch="True" condition-coverage="75% (3/4)">
              <conditions>
                <condition number="8" type="jump" coverage="50%" />
                <condition number="62" type="jump" coverage="100%" />
              </conditions>
            </line>
            <line number="536" hits="1" branch="False" />
            <line number="537" hits="1" branch="False" />
            <line number="538" hits="1" branch="False" />
            <line number="539" hits="4" branch="False" />
            <line number="540" hits="4" branch="False" />
            <line number="541" hits="4" branch="False" />
            <line number="542" hits="4" branch="False" />
            <line number="543" hits="4" branch="False" />
            <line number="544" hits="4" branch="False" />
            <line number="545" hits="4" branch="False" />
            <line number="546" hits="4" branch="False" />
            <line number="547" hits="4" branch="False" />
            <line number="548" hits="4" branch="False" />
            <line number="549" hits="4" branch="False" />
            <line number="550" hits="4" branch="False" />
            <line number="551" hits="4" branch="False" />
            <line number="552" hits="4" branch="False" />
            <line number="553" hits="4" branch="False" />
            <line number="554" hits="4" branch="False" />
            <line number="31" hits="2" branch="False" />
            <line number="32" hits="2" branch="False" />
            <line number="33" hits="2" branch="False" />
            <line number="34" hits="2" branch="False" />
            <line number="35" hits="2" branch="False" />
            <line number="36" hits="2" branch="False" />
            <line number="37" hits="2" branch="False" />
          </lines>
        </class>
        <class name="PortingAssistant.Client.Analysis.PortingAssistantAnalysisHandler/&lt;&gt;c" filename="PortingAssistant.Client.Analysis\AnalysisHandler.cs" line-rate="0.9655" branch-rate="1" complexity="9">
          <methods>
            <method name="&lt;AnalyzeFileIncremental&gt;b__6_1" signature="(System.Collections.Generic.KeyValuePair`2&lt;System.String,Codelyzer.Analysis.Model.UstList`1&lt;Codelyzer.Analysis.Model.UstNode&gt;&gt;)" line-rate="1" branch-rate="1" complexity="1">
              <lines>
                <line number="75" hits="6" branch="False" />
              </lines>
            </method>
            <method name="&lt;AnalyzeFileIncremental&gt;b__6_3" signature="(System.Collections.Generic.HashSet`1&lt;System.String&gt;,System.Collections.Generic.KeyValuePair`2&lt;System.String,System.Collections.Generic.List`1&lt;PortingAssistant.Client.Model.CodeEntityDetails&gt;&gt;)" line-rate="1" branch-rate="1" complexity="1">
              <lines>
                <line number="80" hits="2" branch="False" />
                <line number="81" hits="18" branch="False" />
                <line number="82" hits="2" branch="False" />
                <line number="83" hits="4" branch="False" />
              </lines>
            </method>
            <method name="&lt;AnalyzeFileIncremental&gt;b__6_4" signature="(Codelyzer.Analysis.Model.ExternalReference)" line-rate="1" branch-rate="1" complexity="1">
              <lines>
                <line number="86" hits="3" branch="False" />
              </lines>
            </method>
            <method name="&lt;AnalyzeFileIncremental&gt;b__6_5" signature="(PortingAssistant.Client.Model.PackageVersionPair)" line-rate="1" branch-rate="1" complexity="1">
              <lines>
                <line number="88" hits="5" branch="False" />
              </lines>
            </method>
            <method name="&lt;AnalyzeFileIncremental&gt;b__6_6" signature="(Codelyzer.Analysis.Model.ExternalReference)" line-rate="0" branch-rate="1" complexity="1">
              <lines>
                <line number="91" hits="0" branch="False" />
              </lines>
            </method>
            <method name="&lt;AnalyzeFileIncremental&gt;b__6_7" signature="(System.String)" line-rate="1" branch-rate="1" complexity="1">
              <lines>
                <line number="95" hits="4" branch="False" />
                <line number="96" hits="4" branch="False" />
                <line number="97" hits="4" branch="False" />
                <line number="98" hits="4" branch="False" />
                <line number="99" hits="4" branch="False" />
                <line number="100" hits="4" branch="False" />
              </lines>
            </method>
            <method name="&lt;AnalyzeFileIncremental&gt;b__6_0" signature="(CTA.Rules.Models.IDEFileActions)" line-rate="1" branch-rate="1" complexity="1">
              <lines>
                <line number="117" hits="1" branch="False" />
                <line number="118" hits="1" branch="False" />
                <line number="119" hits="1" branch="False" />
                <line number="120" hits="1" branch="False" />
                <line number="121" hits="1" branch="False" />
                <line number="122" hits="1" branch="False" />
                <line number="123" hits="1" branch="False" />
                <line number="124" hits="1" branch="False" />
                <line number="125" hits="1" branch="False" />
                <line number="126" hits="1" branch="False" />
                <line number="127" hits="1" branch="False" />
                <line number="128" hits="1" branch="False" />
                <line number="129" hits="1" branch="False" />
              </lines>
            </method>
            <method name="&lt;AnalyzeSolutionIncremental&gt;b__8_1" signature="(System.Collections.Generic.KeyValuePair`2&lt;System.String,CTA.Rules.Models.ProjectActions&gt;)" line-rate="1" branch-rate="1" complexity="1">
              <lines>
                <line number="183" hits="1" branch="False" />
              </lines>
            </method>
            <method name="&lt;AnalyzeSolutionIncremental&gt;b__8_2" signature="(System.Collections.Generic.KeyValuePair`2&lt;System.String,CTA.Rules.Models.ProjectActions&gt;)" line-rate="1" branch-rate="1" complexity="1">
              <lines>
                <line number="184" hits="3" branch="False" />
              </lines>
            </method>
          </methods>
          <lines>
            <line number="75" hits="6" branch="False" />
            <line number="80" hits="2" branch="False" />
            <line number="81" hits="18" branch="False" />
            <line number="82" hits="2" branch="False" />
            <line number="83" hits="4" branch="False" />
            <line number="86" hits="3" branch="False" />
            <line number="88" hits="5" branch="False" />
            <line number="91" hits="0" branch="False" />
            <line number="95" hits="4" branch="False" />
            <line number="96" hits="4" branch="False" />
            <line number="97" hits="4" branch="False" />
            <line number="98" hits="4" branch="False" />
            <line number="99" hits="4" branch="False" />
            <line number="100" hits="4" branch="False" />
            <line number="117" hits="1" branch="False" />
            <line number="118" hits="1" branch="False" />
            <line number="119" hits="1" branch="False" />
            <line number="120" hits="1" branch="False" />
            <line number="121" hits="1" branch="False" />
            <line number="122" hits="1" branch="False" />
            <line number="123" hits="1" branch="False" />
            <line number="124" hits="1" branch="False" />
            <line number="125" hits="1" branch="False" />
            <line number="126" hits="1" branch="False" />
            <line number="127" hits="1" branch="False" />
            <line number="128" hits="1" branch="False" />
            <line number="129" hits="1" branch="False" />
            <line number="183" hits="1" branch="False" />
            <line number="184" hits="3" branch="False" />
          </lines>
        </class>
        <class name="PortingAssistant.Client.Analysis.PortingAssistantAnalysisHandler/&lt;&gt;c__DisplayClass6_0" filename="PortingAssistant.Client.Analysis\AnalysisHandler.cs" line-rate="1" branch-rate="1" complexity="2">
          <methods>
            <method name="&lt;AnalyzeFileIncremental&gt;b__8" signature="(PortingAssistant.Client.Model.PackageVersionPair)" line-rate="1" branch-rate="1" complexity="2">
              <lines>
                <line number="102" hits="5" branch="True" condition-coverage="100% (2/2)">
                  <conditions>
                    <condition number="11" type="jump" coverage="100%" />
                  </conditions>
                </line>
                <line number="103" hits="5" branch="False" />
              </lines>
            </method>
          </methods>
          <lines>
            <line number="102" hits="5" branch="True" condition-coverage="100% (2/2)">
              <conditions>
                <condition number="11" type="jump" coverage="100%" />
              </conditions>
            </line>
            <line number="103" hits="5" branch="False" />
          </lines>
        </class>
        <class name="PortingAssistant.Client.Analysis.PortingAssistantAnalysisHandler/&lt;&gt;c__DisplayClass8_0" filename="PortingAssistant.Client.Analysis\AnalysisHandler.cs" line-rate="1" branch-rate="0.5" complexity="4">
          <methods>
            <method name="&lt;AnalyzeSolutionIncremental&gt;b__0" signature="(System.String)" line-rate="1" branch-rate="0.5" complexity="4">
              <lines>
                <line number="181" hits="1" branch="True" condition-coverage="50% (2/4)">
                  <conditions>
                    <condition number="43" type="jump" coverage="50%" />
                    <condition number="55" type="jump" coverage="50%" />
                  </conditions>
                </line>
                <line number="182" hits="2" branch="False" />
              </lines>
            </method>
          </methods>
          <lines>
            <line number="181" hits="1" branch="True" condition-coverage="50% (2/4)">
              <conditions>
                <condition number="43" type="jump" coverage="50%" />
                <condition number="55" type="jump" coverage="50%" />
              </conditions>
            </line>
            <line number="182" hits="2" branch="False" />
          </lines>
        </class>
        <class name="PortingAssistant.Client.Analysis.PortingAssistantAnalysisHandler/&lt;AnalyzeFileIncremental&gt;d__6" filename="PortingAssistant.Client.Analysis\AnalysisHandler.cs" line-rate="0.8043" branch-rate="0.6428" complexity="14">
          <methods>
            <method name="MoveNext" signature="()" line-rate="0.8043" branch-rate="0.6428" complexity="14">
              <lines>
                <line number="59" hits="2" branch="False" />
                <line number="61" hits="2" branch="False" />
                <line number="62" hits="2" branch="False" />
                <line number="64" hits="2" branch="False" />
                <line number="65" hits="2" branch="False" />
                <line number="67" hits="2" branch="False" />
                <line number="69" hits="2" branch="False" />
                <line number="70" hits="2" branch="False" />
                <line number="71" hits="2" branch="False" />
                <line number="73" hits="2" branch="True" condition-coverage="100% (2/2)">
                  <conditions>
                    <condition number="311" type="jump" coverage="100%" />
                  </conditions>
                </line>
                <line number="74" hits="2" branch="False" />
                <line number="77" hits="2" branch="False" />
                <line number="79" hits="2" branch="False" />
                <line number="85" hits="2" branch="True" condition-coverage="66.66% (4/6)">
                  <conditions>
                    <condition number="515" type="jump" coverage="100%" />
                    <condition number="527" type="jump" coverage="50%" />
                    <condition number="570" type="jump" coverage="50%" />
                  </conditions>
                </line>
                <line number="87" hits="2" branch="False" />
                <line number="90" hits="1" branch="True" condition-coverage="50% (2/4)">
                  <conditions>
                    <condition number="652" type="jump" coverage="50%" />
                    <condition number="664" type="jump" coverage="50%" />
                  </conditions>
                </line>
                <line number="92" hits="1" branch="False" />
                <line number="94" hits="1" branch="False" />
                <line number="101" hits="1" branch="False" />
                <line number="105" hits="1" branch="False" />
                <line number="106" hits="1" branch="False" />
                <line number="107" hits="1" branch="False" />
                <line number="108" hits="1" branch="False" />
                <line number="110" hits="1" branch="False" />
                <line number="112" hits="1" branch="False" />
                <line number="113" hits="1" branch="False" />
                <line number="115" hits="1" branch="False" />
                <line number="131" hits="1" branch="False" />
                <line number="133" hits="1" branch="False" />
                <line number="134" hits="1" branch="False" />
                <line number="137" hits="1" branch="True" condition-coverage="50% (1/2)">
                  <conditions>
                    <condition number="1094" type="jump" coverage="50%" />
                  </conditions>
                </line>
                <line number="138" hits="0" branch="False" />
                <line number="139" hits="0" branch="False" />
                <line number="140" hits="0" branch="False" />
                <line number="141" hits="0" branch="False" />
                <line number="142" hits="0" branch="False" />
                <line number="143" hits="0" branch="False" />
                <line number="144" hits="0" branch="False" />
                <line number="145" hits="0" branch="False" />
                <line number="146" hits="0" branch="False" />
                <line number="148" hits="1" branch="False" />
                <line number="151" hits="1" branch="False" />
                <line number="154" hits="2" branch="False" />
                <line number="155" hits="2" branch="False" />
                <line number="156" hits="2" branch="False" />
                <line number="157" hits="1" branch="False" />
              </lines>
            </method>
          </methods>
          <lines>
            <line number="59" hits="2" branch="False" />
            <line number="61" hits="2" branch="False" />
            <line number="62" hits="2" branch="False" />
            <line number="64" hits="2" branch="False" />
            <line number="65" hits="2" branch="False" />
            <line number="67" hits="2" branch="False" />
            <line number="69" hits="2" branch="False" />
            <line number="70" hits="2" branch="False" />
            <line number="71" hits="2" branch="False" />
            <line number="73" hits="2" branch="True" condition-coverage="100% (2/2)">
              <conditions>
                <condition number="311" type="jump" coverage="100%" />
              </conditions>
            </line>
            <line number="74" hits="2" branch="False" />
            <line number="77" hits="2" branch="False" />
            <line number="79" hits="2" branch="False" />
            <line number="85" hits="2" branch="True" condition-coverage="66.66% (4/6)">
              <conditions>
                <condition number="515" type="jump" coverage="100%" />
                <condition number="527" type="jump" coverage="50%" />
                <condition number="570" type="jump" coverage="50%" />
              </conditions>
            </line>
            <line number="87" hits="2" branch="False" />
            <line number="90" hits="1" branch="True" condition-coverage="50% (2/4)">
              <conditions>
                <condition number="652" type="jump" coverage="50%" />
                <condition number="664" type="jump" coverage="50%" />
              </conditions>
            </line>
            <line number="92" hits="1" branch="False" />
            <line number="94" hits="1" branch="False" />
            <line number="101" hits="1" branch="False" />
            <line number="105" hits="1" branch="False" />
            <line number="106" hits="1" branch="False" />
            <line number="107" hits="1" branch="False" />
            <line number="108" hits="1" branch="False" />
            <line number="110" hits="1" branch="False" />
            <line number="112" hits="1" branch="False" />
            <line number="113" hits="1" branch="False" />
            <line number="115" hits="1" branch="False" />
            <line number="131" hits="1" branch="False" />
            <line number="133" hits="1" branch="False" />
            <line number="134" hits="1" branch="False" />
            <line number="137" hits="1" branch="True" condition-coverage="50% (1/2)">
              <conditions>
                <condition number="1094" type="jump" coverage="50%" />
              </conditions>
            </line>
            <line number="138" hits="0" branch="False" />
            <line number="139" hits="0" branch="False" />
            <line number="140" hits="0" branch="False" />
            <line number="141" hits="0" branch="False" />
            <line number="142" hits="0" branch="False" />
            <line number="143" hits="0" branch="False" />
            <line number="144" hits="0" branch="False" />
            <line number="145" hits="0" branch="False" />
            <line number="146" hits="0" branch="False" />
            <line number="148" hits="1" branch="False" />
            <line number="151" hits="1" branch="False" />
            <line number="154" hits="2" branch="False" />
            <line number="155" hits="2" branch="False" />
            <line number="156" hits="2" branch="False" />
            <line number="157" hits="1" branch="False" />
          </lines>
        </class>
        <class name="PortingAssistant.Client.Analysis.PortingAssistantAnalysisHandler/&lt;AnalyzeFileIncremental&gt;d__7" filename="PortingAssistant.Client.Analysis\AnalysisHandler.cs" line-rate="1" branch-rate="1" complexity="1">
          <methods>
            <method name="MoveNext" signature="()" line-rate="1" branch-rate="1" complexity="1">
              <lines>
                <line number="161" hits="1" branch="False" />
                <line number="162" hits="1" branch="False" />
                <line number="163" hits="1" branch="False" />
                <line number="164" hits="1" branch="False" />
              </lines>
            </method>
          </methods>
          <lines>
            <line number="161" hits="1" branch="False" />
            <line number="162" hits="1" branch="False" />
            <line number="163" hits="1" branch="False" />
            <line number="164" hits="1" branch="False" />
          </lines>
        </class>
        <class name="PortingAssistant.Client.Analysis.PortingAssistantAnalysisHandler/&lt;AnalyzeProjectFiles&gt;d__10" filename="PortingAssistant.Client.Analysis\AnalysisHandler.cs" line-rate="0.8275" branch-rate="1" complexity="1">
          <methods>
            <method name="MoveNext" signature="()" line-rate="0.8275" branch-rate="1" complexity="1">
              <lines>
                <line number="224" hits="2" branch="False" />
                <line number="226" hits="2" branch="False" />
                <line number="227" hits="2" branch="False" />
                <line number="228" hits="2" branch="False" />
                <line number="229" hits="2" branch="False" />
                <line number="230" hits="2" branch="False" />
                <line number="231" hits="2" branch="False" />
                <line number="232" hits="2" branch="False" />
                <line number="233" hits="2" branch="False" />
                <line number="234" hits="2" branch="False" />
                <line number="235" hits="2" branch="False" />
                <line number="236" hits="2" branch="False" />
                <line number="237" hits="2" branch="False" />
                <line number="238" hits="2" branch="False" />
                <line number="239" hits="2" branch="False" />
                <line number="240" hits="2" branch="False" />
                <line number="241" hits="2" branch="False" />
                <line number="242" hits="2" branch="False" />
                <line number="243" hits="2" branch="False" />
                <line number="245" hits="2" branch="False" />
                <line number="247" hits="0" branch="False" />
                <line number="248" hits="0" branch="False" />
                <line number="249" hits="0" branch="False" />
                <line number="250" hits="0" branch="False" />
                <line number="252" hits="2" branch="False" />
                <line number="253" hits="2" branch="False" />
                <line number="254" hits="2" branch="False" />
                <line number="255" hits="0" branch="False" />
                <line number="256" hits="2" branch="False" />
              </lines>
            </method>
          </methods>
          <lines>
            <line number="224" hits="2" branch="False" />
            <line number="226" hits="2" branch="False" />
            <line number="227" hits="2" branch="False" />
            <line number="228" hits="2" branch="False" />
            <line number="229" hits="2" branch="False" />
            <line number="230" hits="2" branch="False" />
            <line number="231" hits="2" branch="False" />
            <line number="232" hits="2" branch="False" />
            <line number="233" hits="2" branch="False" />
            <line number="234" hits="2" branch="False" />
            <line number="235" hits="2" branch="False" />
            <line number="236" hits="2" branch="False" />
            <line number="237" hits="2" branch="False" />
            <line number="238" hits="2" branch="False" />
            <line number="239" hits="2" branch="False" />
            <line number="240" hits="2" branch="False" />
            <line number="241" hits="2" branch="False" />
            <line number="242" hits="2" branch="False" />
            <line number="243" hits="2" branch="False" />
            <line number="245" hits="2" branch="False" />
            <line number="247" hits="0" branch="False" />
            <line number="248" hits="0" branch="False" />
            <line number="249" hits="0" branch="False" />
            <line number="250" hits="0" branch="False" />
            <line number="252" hits="2" branch="False" />
            <line number="253" hits="2" branch="False" />
            <line number="254" hits="2" branch="False" />
            <line number="255" hits="0" branch="False" />
            <line number="256" hits="2" branch="False" />
          </lines>
        </class>
        <class name="PortingAssistant.Client.Analysis.PortingAssistantAnalysisHandler/&lt;AnalyzeSolution&gt;d__11" filename="PortingAssistant.Client.Analysis\AnalysisHandler.cs" line-rate="0.7222" branch-rate="1" complexity="1">
          <methods>
            <method name="MoveNext" signature="()" line-rate="0.7222" branch-rate="1" complexity="1">
              <lines>
                <line number="260" hits="5" branch="False" />
                <line number="262" hits="5" branch="False" />
                <line number="263" hits="5" branch="False" />
                <line number="265" hits="3" branch="False" />
                <line number="267" hits="3" branch="False" />
                <line number="268" hits="3" branch="False" />
                <line number="269" hits="3" branch="False" />
                <line number="270" hits="3" branch="False" />
                <line number="272" hits="3" branch="False" />
                <line number="274" hits="0" branch="False" />
                <line number="275" hits="0" branch="False" />
                <line number="276" hits="0" branch="False" />
                <line number="277" hits="0" branch="False" />
                <line number="278" hits="0" branch="False" />
                <line number="281" hits="5" branch="False" />
                <line number="282" hits="5" branch="False" />
                <line number="283" hits="5" branch="False" />
                <line number="285" hits="3" branch="False" />
              </lines>
            </method>
          </methods>
          <lines>
            <line number="260" hits="5" branch="False" />
            <line number="262" hits="5" branch="False" />
            <line number="263" hits="5" branch="False" />
            <line number="265" hits="3" branch="False" />
            <line number="267" hits="3" branch="False" />
            <line number="268" hits="3" branch="False" />
            <line number="269" hits="3" branch="False" />
            <line number="270" hits="3" branch="False" />
            <line number="272" hits="3" branch="False" />
            <line number="274" hits="0" branch="False" />
            <line number="275" hits="0" branch="False" />
            <line number="276" hits="0" branch="False" />
            <line number="277" hits="0" branch="False" />
            <line number="278" hits="0" branch="False" />
            <line number="281" hits="5" branch="False" />
            <line number="282" hits="5" branch="False" />
            <line number="283" hits="5" branch="False" />
            <line number="285" hits="3" branch="False" />
          </lines>
        </class>
        <class name="PortingAssistant.Client.Analysis.PortingAssistantAnalysisHandler/&lt;AnalyzeSolutionGeneratorAsync&gt;d__12" filename="PortingAssistant.Client.Analysis\AnalysisHandler.cs" line-rate="0" branch-rate="0" complexity="6">
          <methods>
            <method name="MoveNext" signature="()" line-rate="0" branch-rate="0" complexity="6">
              <lines>
                <line number="288" hits="0" branch="False" />
                <line number="289" hits="0" branch="False" />
                <line number="290" hits="0" branch="False" />
                <line number="291" hits="0" branch="False" />
                <line number="293" hits="0" branch="False" />
                <line number="294" hits="0" branch="False" />
                <line number="296" hits="0" branch="True" condition-coverage="0% (0/2)">
                  <conditions>
                    <condition number="736" type="jump" coverage="0%" />
                  </conditions>
                </line>
                <line number="297" hits="0" branch="False" />
                <line number="298" hits="0" branch="False" />
                <line number="299" hits="0" branch="True" condition-coverage="0% (0/4)">
                  <conditions>
                    <condition number="252" type="jump" coverage="0%" />
                    <condition number="264" type="jump" coverage="0%" />
                  </conditions>
                </line>
                <line number="300" hits="0" branch="False" />
                <line number="301" hits="0" branch="False" />
                <line number="302" hits="0" branch="False" />
                <line number="303" hits="0" branch="False" />
                <line number="304" hits="0" branch="False" />
                <line number="305" hits="0" branch="False" />
                <line number="306" hits="0" branch="False" />
                <line number="307" hits="0" branch="False" />
                <line number="309" hits="0" branch="False" />
                <line number="311" hits="0" branch="False" />
                <line number="313" hits="0" branch="False" />
                <line number="314" hits="0" branch="False" />
                <line number="315" hits="0" branch="False" />
                <line number="317" hits="0" branch="False" />
                <line number="318" hits="0" branch="False" />
                <line number="320" hits="0" branch="False" />
                <line number="321" hits="0" branch="False" />
                <line number="322" hits="0" branch="False" />
                <line number="323" hits="0" branch="False" />
              </lines>
            </method>
          </methods>
          <lines>
            <line number="288" hits="0" branch="False" />
            <line number="289" hits="0" branch="False" />
            <line number="290" hits="0" branch="False" />
            <line number="291" hits="0" branch="False" />
            <line number="293" hits="0" branch="False" />
            <line number="294" hits="0" branch="False" />
            <line number="296" hits="0" branch="True" condition-coverage="0% (0/2)">
              <conditions>
                <condition number="736" type="jump" coverage="0%" />
              </conditions>
            </line>
            <line number="297" hits="0" branch="False" />
            <line number="298" hits="0" branch="False" />
            <line number="299" hits="0" branch="True" condition-coverage="0% (0/4)">
              <conditions>
                <condition number="252" type="jump" coverage="0%" />
                <condition number="264" type="jump" coverage="0%" />
              </conditions>
            </line>
            <line number="300" hits="0" branch="False" />
            <line number="301" hits="0" branch="False" />
            <line number="302" hits="0" branch="False" />
            <line number="303" hits="0" branch="False" />
            <line number="304" hits="0" branch="False" />
            <line number="305" hits="0" branch="False" />
            <line number="306" hits="0" branch="False" />
            <line number="307" hits="0" branch="False" />
            <line number="309" hits="0" branch="False" />
            <line number="311" hits="0" branch="False" />
            <line number="313" hits="0" branch="False" />
            <line number="314" hits="0" branch="False" />
            <line number="315" hits="0" branch="False" />
            <line number="317" hits="0" branch="False" />
            <line number="318" hits="0" branch="False" />
            <line number="320" hits="0" branch="False" />
            <line number="321" hits="0" branch="False" />
            <line number="322" hits="0" branch="False" />
            <line number="323" hits="0" branch="False" />
          </lines>
        </class>
        <class name="PortingAssistant.Client.Analysis.PortingAssistantAnalysisHandler/&lt;AnalyzeSolutionIncremental&gt;d__8" filename="PortingAssistant.Client.Analysis\AnalysisHandler.cs" line-rate="0.7368000000000001" branch-rate="1" complexity="1">
          <methods>
            <method name="MoveNext" signature="()" line-rate="0.7368000000000001" branch-rate="1" complexity="1">
              <lines>
                <line number="168" hits="1" branch="False" />
                <line number="170" hits="1" branch="False" />
                <line number="171" hits="1" branch="False" />
                <line number="173" hits="1" branch="False" />
                <line number="175" hits="1" branch="False" />
                <line number="176" hits="1" branch="False" />
                <line number="177" hits="1" branch="False" />
                <line number="178" hits="1" branch="False" />
                <line number="180" hits="1" branch="False" />
                <line number="187" hits="1" branch="False" />
                <line number="189" hits="0" branch="False" />
                <line number="190" hits="0" branch="False" />
                <line number="191" hits="0" branch="False" />
                <line number="192" hits="0" branch="False" />
                <line number="193" hits="0" branch="False" />
                <line number="196" hits="1" branch="False" />
                <line number="197" hits="1" branch="False" />
                <line number="198" hits="1" branch="False" />
                <line number="199" hits="1" branch="False" />
              </lines>
            </method>
          </methods>
          <lines>
            <line number="168" hits="1" branch="False" />
            <line number="170" hits="1" branch="False" />
            <line number="171" hits="1" branch="False" />
            <line number="173" hits="1" branch="False" />
            <line number="175" hits="1" branch="False" />
            <line number="176" hits="1" branch="False" />
            <line number="177" hits="1" branch="False" />
            <line number="178" hits="1" branch="False" />
            <line number="180" hits="1" branch="False" />
            <line number="187" hits="1" branch="False" />
            <line number="189" hits="0" branch="False" />
            <line number="190" hits="0" branch="False" />
            <line number="191" hits="0" branch="False" />
            <line number="192" hits="0" branch="False" />
            <line number="193" hits="0" branch="False" />
            <line number="196" hits="1" branch="False" />
            <line number="197" hits="1" branch="False" />
            <line number="198" hits="1" branch="False" />
            <line number="199" hits="1" branch="False" />
          </lines>
        </class>
        <class name="PortingAssistant.Client.Analysis.PortingAssistantAnalysisHandler/&lt;RunCoderlyzerAnalysis&gt;d__5" filename="PortingAssistant.Client.Analysis\AnalysisHandler.cs" line-rate="1" branch-rate="1" complexity="1">
          <methods>
            <method name="MoveNext" signature="()" line-rate="1" branch-rate="1" complexity="1">
              <lines>
                <line number="40" hits="6" branch="False" />
                <line number="41" hits="6" branch="False" />
                <line number="42" hits="6" branch="False" />
                <line number="43" hits="4" branch="False" />
                <line number="44" hits="4" branch="False" />
                <line number="46" hits="4" branch="False" />
                <line number="47" hits="4" branch="False" />
                <line number="49" hits="4" branch="False" />
                <line number="51" hits="4" branch="False" />
                <line number="52" hits="4" branch="False" />
                <line number="54" hits="4" branch="False" />
                <line number="55" hits="4" branch="False" />
              </lines>
            </method>
          </methods>
          <lines>
            <line number="40" hits="6" branch="False" />
            <line number="41" hits="6" branch="False" />
            <line number="42" hits="6" branch="False" />
            <line number="43" hits="4" branch="False" />
            <line number="44" hits="4" branch="False" />
            <line number="46" hits="4" branch="False" />
            <line number="47" hits="4" branch="False" />
            <line number="49" hits="4" branch="False" />
            <line number="51" hits="4" branch="False" />
            <line number="52" hits="4" branch="False" />
            <line number="54" hits="4" branch="False" />
            <line number="55" hits="4" branch="False" />
          </lines>
        </class>
        <class name="PortingAssistant.Client.Analysis.Utils.ApiCompatiblity" filename="PortingAssistant.Client.Analysis\Utils\ApiCompatiblity.cs" line-rate="0.7711" branch-rate="0.6122" complexity="99">
          <methods>
            <method name="GetCompatibilityResult" signature="(PortingAssistant.Client.Model.PackageDetailsWithApiIndices,PortingAssistant.Client.Model.CodeEntityDetails,System.String,System.Boolean)" line-rate="0.606" branch-rate="0.75" complexity="12">
              <lines>
                <line number="18" hits="132" branch="False" />
                <line number="20" hits="132" branch="True" condition-coverage="100% (2/2)">
                  <conditions>
                    <condition number="12" type="jump" coverage="100%" />
                  </conditions>
                </line>
                <line number="21" hits="24" branch="False" />
                <line number="22" hits="24" branch="True" condition-coverage="50% (1/2)">
                  <conditions>
                    <condition number="28" type="jump" coverage="50%" />
                  </conditions>
                </line>
                <line number="23" hits="0" branch="False" />
                <line number="25" hits="0" branch="False" />
                <line number="26" hits="0" branch="False" />
                <line number="27" hits="0" branch="False" />
                <line number="28" hits="0" branch="False" />
                <line number="29" hits="0" branch="False" />
                <line number="31" hits="24" branch="False" />
                <line number="35" hits="108" branch="False" />
                <line number="36" hits="108" branch="False" />
                <line number="37" hits="108" branch="False" />
                <line number="38" hits="108" branch="False" />
                <line number="39" hits="108" branch="False" />
                <line number="40" hits="108" branch="False" />
                <line number="42" hits="108" branch="True" condition-coverage="100% (4/4)">
                  <conditions>
                    <condition number="121" type="jump" coverage="100%" />
                    <condition number="151" type="jump" coverage="100%" />
                  </conditions>
                </line>
                <line number="43" hits="103" branch="False" />
                <line number="44" hits="103" branch="False" />
                <line number="47" hits="5" branch="True" condition-coverage="50% (1/2)">
                  <conditions>
                    <condition number="173" type="jump" coverage="50%" />
                  </conditions>
                </line>
                <line number="48" hits="0" branch="False" />
                <line number="49" hits="0" branch="False" />
                <line number="50" hits="0" branch="False" />
                <line number="54" hits="5" branch="True" condition-coverage="50% (1/2)">
                  <conditions>
                    <condition number="209" type="jump" coverage="50%" />
                  </conditions>
                </line>
                <line number="55" hits="5" branch="False" />
                <line number="56" hits="5" branch="False" />
                <line number="57" hits="5" branch="False" />
                <line number="59" hits="0" branch="False" />
                <line number="60" hits="0" branch="False" />
                <line number="61" hits="0" branch="False" />
                <line number="63" hits="0" branch="False" />
                <line number="65" hits="132" branch="False" />
              </lines>
            </method>
            <method name="GetCompatibilityResult" signature="(PortingAssistant.Client.Model.PackageDetailsWithApiIndices,System.String,System.String,System.String,System.Boolean)" line-rate="0.9142" branch-rate="0.7777" complexity="18">
              <lines>
                <line number="74" hits="24" branch="False" />
                <line number="75" hits="24" branch="False" />
                <line number="76" hits="24" branch="False" />
                <line number="77" hits="24" branch="False" />
                <line number="78" hits="24" branch="False" />
                <line number="79" hits="24" branch="False" />
                <line number="82" hits="24" branch="True" condition-coverage="100% (6/6)">
                  <conditions>
                    <condition number="28" type="jump" coverage="100%" />
                    <condition number="31" type="jump" coverage="100%" />
                    <condition number="51" type="jump" coverage="100%" />
                  </conditions>
                </line>
                <line number="83" hits="24" branch="False" />
                <line number="84" hits="24" branch="False" />
                <line number="85" hits="17" branch="False" />
                <line number="86" hits="17" branch="False" />
                <line number="89" hits="7" branch="True" condition-coverage="50% (1/2)">
                  <conditions>
                    <condition number="77" type="jump" coverage="50%" />
                  </conditions>
                </line>
                <line number="90" hits="0" branch="False" />
                <line number="91" hits="0" branch="False" />
                <line number="92" hits="0" branch="False" />
                <line number="95" hits="7" branch="False" />
                <line number="96" hits="7" branch="False" />
                <line number="97" hits="7" branch="False" />
                <line number="102" hits="7" branch="False" />
                <line number="103" hits="7" branch="True" condition-coverage="66.66% (4/6)">
                  <conditions>
                    <condition number="131" type="jump" coverage="50%" />
                    <condition number="140" type="jump" coverage="50%" />
                    <condition number="157" type="jump" coverage="100%" />
                  </conditions>
                </line>
                <line number="104" hits="7" branch="False" />
                <line number="105" hits="7" branch="False" />
                <line number="106" hits="1" branch="False" />
                <line number="107" hits="1" branch="True" condition-coverage="50% (1/2)">
                  <conditions>
                    <condition number="169" type="jump" coverage="50%" />
                  </conditions>
                </line>
                <line number="108" hits="1" branch="False" />
                <line number="109" hits="1" branch="False" />
                <line number="110" hits="1" branch="False" />
                <line number="114" hits="6" branch="False" />
                <line number="115" hits="6" branch="True" condition-coverage="100% (2/2)">
                  <conditions>
                    <condition number="193" type="jump" coverage="100%" />
                  </conditions>
                </line>
                <line number="116" hits="6" branch="False" />
                <line number="117" hits="6" branch="False" />
                <line number="118" hits="6" branch="False" />
                <line number="121" hits="7" branch="False" />
                <line number="123" hits="7" branch="False" />
                <line number="124" hits="24" branch="False" />
              </lines>
            </method>
            <method name="GetCompatiblePackageVersionsForTarget" signature="(PortingAssistant.Client.Model.ApiDetails,PortingAssistant.Client.Model.PackageDetailsWithApiIndices,System.String,System.Boolean)" line-rate="0.4285" branch-rate="0.2" complexity="10">
              <lines>
                <line number="131" hits="7" branch="False" />
                <line number="133" hits="7" branch="True" condition-coverage="50% (1/2)">
                  <conditions>
                    <condition number="7" type="jump" coverage="50%" />
                  </conditions>
                </line>
                <line number="134" hits="0" branch="False" />
                <line number="135" hits="0" branch="True" condition-coverage="0% (0/6)">
                  <conditions>
                    <condition number="11" type="jump" coverage="0%" />
                    <condition number="24" type="jump" coverage="0%" />
                    <condition number="53" type="jump" coverage="0%" />
                  </conditions>
                </line>
                <line number="136" hits="0" branch="False" />
                <line number="137" hits="0" branch="False" />
                <line number="138" hits="0" branch="False" />
                <line number="139" hits="0" branch="False" />
                <line number="142" hits="0" branch="False" />
                <line number="145" hits="7" branch="True" condition-coverage="50% (1/2)">
                  <conditions>
                    <condition number="91" type="jump" coverage="50%" />
                  </conditions>
                </line>
                <line number="146" hits="7" branch="False" />
                <line number="147" hits="7" branch="False" />
                <line number="150" hits="0" branch="False" />
                <line number="151" hits="7" branch="False" />
              </lines>
            </method>
            <method name="UpgradeStrategy" signature="(PortingAssistant.Client.Model.CompatibilityResult,System.String,System.Threading.Tasks.Task`1&lt;PortingAssistant.Client.Model.RecommendationDetails&gt;,System.String)" line-rate="1" branch-rate="0.8332999999999999" complexity="6">
              <lines>
                <line number="158" hits="61" branch="False" />
                <line number="160" hits="61" branch="False" />
                <line number="161" hits="61" branch="True" condition-coverage="75% (3/4)">
                  <conditions>
                    <condition number="3" type="jump" coverage="50%" />
                    <condition number="19" type="jump" coverage="100%" />
                  </conditions>
                </line>
                <line number="162" hits="61" branch="False" />
                <line number="163" hits="61" branch="False" />
                <line number="164" hits="61" branch="True" condition-coverage="100% (2/2)">
                  <conditions>
                    <condition number="40" type="jump" coverage="100%" />
                  </conditions>
                </line>
                <line number="165" hits="5" branch="False" />
                <line number="166" hits="5" branch="False" />
                <line number="167" hits="5" branch="False" />
                <line number="168" hits="5" branch="False" />
                <line number="169" hits="5" branch="False" />
                <line number="170" hits="5" branch="False" />
                <line number="172" hits="56" branch="False" />
                <line number="173" hits="56" branch="False" />
                <line number="175" hits="2" branch="False" />
                <line number="176" hits="2" branch="False" />
                <line number="177" hits="2" branch="False" />
                <line number="179" hits="61" branch="False" />
              </lines>
            </method>
            <method name="FetchApiRecommendation" signature="(System.String,System.Threading.Tasks.Task`1&lt;PortingAssistant.Client.Model.RecommendationDetails&gt;,System.String)" line-rate="1" branch-rate="0.75" complexity="12">
              <lines>
                <line number="186" hits="56" branch="False" />
                <line number="187" hits="56" branch="True" condition-coverage="75% (3/4)">
                  <conditions>
                    <condition number="27" type="jump" coverage="50%" />
                    <condition number="38" type="jump" coverage="100%" />
                  </conditions>
                </line>
                <line number="188" hits="5" branch="False" />
                <line number="189" hits="5" branch="False" />
                <line number="190" hits="5" branch="True" condition-coverage="100% (2/2)">
                  <conditions>
                    <condition number="59" type="jump" coverage="100%" />
                  </conditions>
                </line>
                <line number="191" hits="5" branch="False" />
                <line number="192" hits="5" branch="False" />
                <line number="193" hits="5" branch="False" />
                <line number="194" hits="5" branch="True" condition-coverage="50% (1/2)">
                  <conditions>
                    <condition number="1" type="jump" coverage="50%" />
                  </conditions>
                </line>
                <line number="195" hits="5" branch="False" />
                <line number="196" hits="10" branch="False" />
                <line number="197" hits="9" branch="False" />
                <line number="198" hits="3" branch="True" condition-coverage="75% (3/4)">
                  <conditions>
                    <condition number="188" type="jump" coverage="50%" />
                    <condition number="207" type="jump" coverage="100%" />
                  </conditions>
                </line>
                <line number="199" hits="2" branch="False" />
                <line number="200" hits="2" branch="False" />
                <line number="201" hits="2" branch="False" />
                <line number="202" hits="2" branch="False" />
                <line number="203" hits="2" branch="False" />
                <line number="204" hits="2" branch="False" />
                <line number="206" hits="1" branch="False" />
                <line number="207" hits="1" branch="False" />
                <line number="208" hits="52" branch="False" />
                <line number="209" hits="54" branch="False" />
              </lines>
            </method>
            <method name="GetApiDetails" signature="(PortingAssistant.Client.Model.PackageDetailsWithApiIndices,System.String)" line-rate="0.7857" branch-rate="0.5" complexity="14">
              <lines>
[...]
                <line number="57" hits="3" branch="False" />
                <line number="58" hits="3" branch="False" />
                <line number="60" hits="0" branch="False" />
                <line number="61" hits="0" branch="False" />
                <line number="62" hits="0" branch="False" />
                <line number="63" hits="0" branch="False" />
                <line number="65" hits="3" branch="False" />
              </lines>
            </method>
            <method name="WriteLogUploadErrors" signature="()" line-rate="0" branch-rate="0" complexity="2">
              <lines>
                <line number="68" hits="0" branch="False" />
                <line number="69" hits="0" branch="True" condition-coverage="0% (0/2)">
                  <conditions>
                    <condition number="117" type="jump" coverage="0%" />
                  </conditions>
                </line>
                <line number="70" hits="0" branch="False" />
                <line number="71" hits="0" branch="False" />
                <line number="72" hits="0" branch="False" />
                <line number="73" hits="0" branch="False" />
              </lines>
            </method>
            <method name="GetLogNameDefault" signature="(System.String)" line-rate="1" branch-rate="0.75" complexity="8">
              <lines>
                <line number="161" hits="26" branch="False" />
                <line number="162" hits="26" branch="False" />
                <line number="163" hits="26" branch="False" />
                <line number="164" hits="26" branch="True" condition-coverage="50% (2/4)">
                  <conditions>
                    <condition number="30" type="jump" coverage="50%" />
                    <condition number="45" type="jump" coverage="50%" />
                  </conditions>
                </line>
                <line number="165" hits="26" branch="True" condition-coverage="100% (2/2)">
                  <conditions>
                    <condition number="88" type="jump" coverage="100%" />
                  </conditions>
                </line>
                <line number="166" hits="13" branch="False" />
                <line number="167" hits="13" branch="False" />
                <line number="168" hits="13" branch="False" />
                <line number="169" hits="13" branch="True" condition-coverage="100% (2/2)">
                  <conditions>
                    <condition number="121" type="jump" coverage="100%" />
                  </conditions>
                </line>
                <line number="170" hits="13" branch="False" />
                <line number="171" hits="13" branch="False" />
                <line number="172" hits="13" branch="False" />
                <line number="173" hits="26" branch="False" />
                <line number="174" hits="26" branch="False" />
              </lines>
            </method>
            <method name="&lt;Upload&gt;b__16_0" signature="(System.String)" line-rate="1" branch-rate="0.75" complexity="4">
              <lines>
                <line number="81" hits="29" branch="True" condition-coverage="75% (3/4)">
                  <conditions>
                    <condition number="33" type="jump" coverage="100%" />
                    <condition number="51" type="jump" coverage="50%" />
                  </conditions>
                </line>
                <line number="82" hits="29" branch="False" />
                <line number="83" hits="29" branch="False" />
                <line number="84" hits="29" branch="False" />
              </lines>
            </method>
            <method name="&lt;CleanupLogFolder&gt;b__17_0" signature="(System.IO.FileInfo)" line-rate="1" branch-rate="1" complexity="1">
              <lines>
                <line number="125" hits="29" branch="False" />
              </lines>
            </method>
            <method name=".ctor" signature="(PortingAssistantExtensionTelemetry.Model.TelemetryConfiguration,PortingAssistant.Client.Telemetry.ITelemetryClient,Serilog.ILogger,System.Boolean)" line-rate="1" branch-rate="1" complexity="1">
              <lines>
                <line number="23" hits="3" branch="False" />
                <line number="24" hits="3" branch="False" />
                <line number="27" hits="3" branch="False" />
                <line number="31" hits="3" branch="False" />
                <line number="32" hits="3" branch="False" />
                <line number="33" hits="3" branch="False" />
                <line number="34" hits="3" branch="False" />
                <line number="35" hits="3" branch="False" />
                <line number="36" hits="3" branch="False" />
                <line number="37" hits="3" branch="False" />
                <line number="38" hits="3" branch="False" />
                <line number="39" hits="3" branch="False" />
                <line number="40" hits="3" branch="False" />
                <line number="41" hits="3" branch="False" />
                <line number="42" hits="3" branch="False" />
              </lines>
            </method>
          </methods>
          <lines>
            <line number="47" hits="29" branch="False" />
            <line number="50" hits="3" branch="False" />
            <line number="52" hits="3" branch="False" />
            <line number="53" hits="3" branch="True" condition-coverage="100% (2/2)">
              <conditions>
                <condition number="10" type="jump" coverage="100%" />
              </conditions>
            </line>
            <line number="54" hits="3" branch="False" />
            <line number="55" hits="3" branch="False" />
            <line number="56" hits="3" branch="False" />
            <line number="57" hits="3" branch="False" />
            <line number="58" hits="3" branch="False" />
            <line number="60" hits="0" branch="False" />
            <line number="61" hits="0" branch="False" />
            <line number="62" hits="0" branch="False" />
            <line number="63" hits="0" branch="False" />
            <line number="65" hits="3" branch="False" />
            <line number="68" hits="0" branch="False" />
            <line number="69" hits="0" branch="True" condition-coverage="0% (0/2)">
              <conditions>
                <condition number="117" type="jump" coverage="0%" />
              </conditions>
            </line>
            <line number="70" hits="0" branch="False" />
            <line number="71" hits="0" branch="False" />
            <line number="72" hits="0" branch="False" />
            <line number="73" hits="0" branch="False" />
            <line number="161" hits="26" branch="False" />
            <line number="162" hits="26" branch="False" />
            <line number="163" hits="26" branch="False" />
            <line number="164" hits="26" branch="True" condition-coverage="50% (2/4)">
              <conditions>
                <condition number="30" type="jump" coverage="50%" />
                <condition number="45" type="jump" coverage="50%" />
              </conditions>
            </line>
            <line number="165" hits="26" branch="True" condition-coverage="100% (2/2)">
              <conditions>
                <condition number="88" type="jump" coverage="100%" />
              </conditions>
            </line>
            <line number="166" hits="13" branch="False" />
            <line number="167" hits="13" branch="False" />
            <line number="168" hits="13" branch="False" />
            <line number="169" hits="13" branch="True" condition-coverage="100% (2/2)">
              <conditions>
                <condition number="121" type="jump" coverage="100%" />
              </conditions>
            </line>
            <line number="170" hits="13" branch="False" />
            <line number="171" hits="13" branch="False" />
            <line number="172" hits="13" branch="False" />
            <line number="173" hits="26" branch="False" />
            <line number="174" hits="26" branch="False" />
            <line number="81" hits="29" branch="True" condition-coverage="75% (3/4)">
              <conditions>
                <condition number="33" type="jump" coverage="100%" />
                <condition number="51" type="jump" coverage="50%" />
              </conditions>
            </line>
            <line number="82" hits="29" branch="False" />
            <line number="83" hits="29" branch="False" />
            <line number="84" hits="29" branch="False" />
            <line number="125" hits="29" branch="False" />
            <line number="23" hits="3" branch="False" />
            <line number="24" hits="3" branch="False" />
            <line number="27" hits="3" branch="False" />
            <line number="31" hits="3" branch="False" />
            <line number="32" hits="3" branch="False" />
            <line number="33" hits="3" branch="False" />
            <line number="34" hits="3" branch="False" />
            <line number="35" hits="3" branch="False" />
            <line number="36" hits="3" branch="False" />
            <line number="37" hits="3" branch="False" />
            <line number="38" hits="3" branch="False" />
            <line number="39" hits="3" branch="False" />
            <line number="40" hits="3" branch="False" />
            <line number="41" hits="3" branch="False" />
            <line number="42" hits="3" branch="False" />
          </lines>
        </class>
        <class name="PortingAssistant.Client.Telemetry.Uploader/&lt;&gt;c" filename="PortingAssistant.Client.Telemetry\Uploader.cs" line-rate="1" branch-rate="1" complexity="1">
          <methods>
            <method name="&lt;CleanupLogFolder&gt;b__17_1" signature="(System.IO.FileInfo)" line-rate="1" branch-rate="1" complexity="1">
              <lines>
                <line number="126" hits="26" branch="False" />
              </lines>
            </method>
          </methods>
          <lines>
            <line number="126" hits="26" branch="False" />
          </lines>
        </class>
        <class name="PortingAssistant.Client.Telemetry.Model.APIMetrics" filename="PortingAssistant.Client.Telemetry\Model\APIMetrics.cs" line-rate="0" branch-rate="1" complexity="6">
          <methods>
            <method name="get_name" signature="()" line-rate="0" branch-rate="1" complexity="1">
              <lines>
                <line number="9" hits="0" branch="False" />
              </lines>
            </method>
            <method name="get_nameSpace" signature="()" line-rate="0" branch-rate="1" complexity="1">
              <lines>
                <line number="10" hits="0" branch="False" />
              </lines>
            </method>
            <method name="get_originalDefinition" signature="()" line-rate="0" branch-rate="1" complexity="1">
              <lines>
                <line number="11" hits="0" branch="False" />
              </lines>
            </method>
            <method name="get_compatibility" signature="()" line-rate="0" branch-rate="1" complexity="1">
              <lines>
                <line number="13" hits="0" branch="False" />
              </lines>
            </method>
            <method name="get_packageId" signature="()" line-rate="0" branch-rate="1" complexity="1">
              <lines>
                <line number="14" hits="0" branch="False" />
              </lines>
            </method>
            <method name="get_packageVersion" signature="()" line-rate="0" branch-rate="1" complexity="1">
              <lines>
                <line number="15" hits="0" branch="False" />
              </lines>
            </method>
          </methods>
          <lines>
            <line number="9" hits="0" branch="False" />
            <line number="10" hits="0" branch="False" />
            <line number="11" hits="0" branch="False" />
            <line number="13" hits="0" branch="False" />
            <line number="14" hits="0" branch="False" />
            <line number="15" hits="0" branch="False" />
          </lines>
        </class>
        <class name="PortingAssistant.Client.Telemetry.Model.MetricsBase" filename="PortingAssistant.Client.Telemetry\Model\MetricsBase.cs" line-rate="1" branch-rate="1" complexity="6">
          <methods>
            <method name="get_metricsType" signature="()" line-rate="1" branch-rate="1" complexity="1">
              <lines>
                <line number="9" hits="2" branch="False" />
              </lines>
            </method>
            <method name="get_portingAssistantSource" signature="()" line-rate="1" branch-rate="1" complexity="1">
              <lines>
                <line number="10" hits="2" branch="False" />
              </lines>
            </method>
            <method name="get_tag" signature="()" line-rate="1" branch-rate="1" complexity="1">
              <lines>
                <line number="11" hits="2" branch="False" />
              </lines>
            </method>
            <method name="get_version" signature="()" line-rate="1" branch-rate="1" complexity="1">
              <lines>
                <line number="12" hits="2" branch="False" />
              </lines>
            </method>
            <method name="get_targetFramework" signature="()" line-rate="1" branch-rate="1" complexity="1">
              <lines>
                <line number="13" hits="2" branch="False" />
              </lines>
            </method>
            <method name="get_timeStamp" signature="()" line-rate="1" branch-rate="1" complexity="1">
              <lines>
                <line number="14" hits="2" branch="False" />
              </lines>
            </method>
          </methods>
          <lines>
            <line number="9" hits="2" branch="False" />
            <line number="10" hits="2" branch="False" />
            <line number="11" hits="2" branch="False" />
            <line number="12" hits="2" branch="False" />
            <line number="13" hits="2" branch="False" />
            <line number="14" hits="2" branch="False" />
          </lines>
        </class>
        <class name="PortingAssistant.Client.Telemetry.Model.NugetMetrics" filename="PortingAssistant.Client.Telemetry\Model\NugetMetrics.cs" line-rate="0" branch-rate="1" complexity="3">
          <methods>
            <method name="get_pacakgeName" signature="()" line-rate="0" branch-rate="1" complexity="1">
              <lines>
                <line number="9" hits="0" branch="False" />
              </lines>
            </method>
            <method name="get_packageVersion" signature="()" line-rate="0" branch-rate="1" complexity="1">
              <lines>
                <line number="10" hits="0" branch="False" />
              </lines>
            </method>
            <method name="get_compatibility" signature="()" line-rate="0" branch-rate="1" complexity="1">
              <lines>
                <line number="12" hits="0" branch="False" />
              </lines>
            </method>
          </methods>
          <lines>
            <line number="9" hits="0" branch="False" />
            <line number="10" hits="0" branch="False" />
            <line number="12" hits="0" branch="False" />
          </lines>
        </class>
        <class name="PortingAssistant.Client.Telemetry.Model.ProjectMetrics" filename="PortingAssistant.Client.Telemetry\Model\ProjectMetrics.cs" line-rate="1" branch-rate="1" complexity="8">
          <methods>
            <method name="get_numNugets" signature="()" line-rate="1" branch-rate="1" complexity="1">
              <lines>
                <line number="9" hits="1" branch="False" />
              </lines>
            </method>
            <method name="get_numReferences" signature="()" line-rate="1" branch-rate="1" complexity="1">
              <lines>
                <line number="10" hits="1" branch="False" />
              </lines>
            </method>
            <method name="get_projectGuid" signature="()" line-rate="1" branch-rate="1" complexity="1">
              <lines>
                <line number="11" hits="2" branch="False" />
              </lines>
            </method>
            <method name="get_isBuildFailed" signature="()" line-rate="1" branch-rate="1" complexity="1">
              <lines>
                <line number="12" hits="1" branch="False" />
              </lines>
            </method>
            <method name="get_projectType" signature="()" line-rate="1" branch-rate="1" complexity="1">
              <lines>
                <line number="13" hits="1" branch="False" />
              </lines>
            </method>
            <method name="get_projectName" signature="()" line-rate="1" branch-rate="1" complexity="1">
              <lines>
                <line number="14" hits="2" branch="False" />
              </lines>
            </method>
            <method name="get_sourceFrameworks" signature="()" line-rate="1" branch-rate="1" complexity="1">
              <lines>
                <line number="15" hits="1" branch="False" />
              </lines>
            </method>
            <method name="get_language" signature="()" line-rate="1" branch-rate="1" complexity="1">
              <lines>
                <line number="16" hits="1" branch="False" />
              </lines>
            </method>
          </methods>
          <lines>
            <line number="9" hits="1" branch="False" />
            <line number="10" hits="1" branch="False" />
            <line number="11" hits="2" branch="False" />
            <line number="12" hits="1" branch="False" />
            <line number="13" hits="1" branch="False" />
            <line number="14" hits="2" branch="False" />
            <line number="15" hits="1" branch="False" />
            <line number="16" hits="1" branch="False" />
          </lines>
        </class>
        <class name="PortingAssistant.Client.Telemetry.Model.SolutionMetrics" filename="PortingAssistant.Client.Telemetry\Model\SolutionMetrics.cs" line-rate="1" branch-rate="1" complexity="6">
          <methods>
            <method name="get_solutionName" signature="()" line-rate="1" branch-rate="1" complexity="1">
              <lines>
                <line number="9" hits="2" branch="False" />
              </lines>
            </method>
            <method name="get_solutionPath" signature="()" line-rate="1" branch-rate="1" complexity="1">
              <lines>
                <line number="10" hits="2" branch="False" />
              </lines>
            </method>
            <method name="get_ApplicationGuid" signature="()" line-rate="1" branch-rate="1" complexity="1">
              <lines>
                <line number="11" hits="2" branch="False" />
              </lines>
            </method>
            <method name="get_SolutionGuid" signature="()" line-rate="1" branch-rate="1" complexity="1">
              <lines>
                <line number="12" hits="2" branch="False" />
              </lines>
            </method>
            <method name="get_RepositoryUrl" signature="()" line-rate="1" branch-rate="1" complexity="1">
              <lines>
                <line number="13" hits="2" branch="False" />
              </lines>
            </method>
            <method name="get_analysisTime" signature="()" line-rate="1" branch-rate="1" complexity="1">
              <lines>
                <line number="14" hits="1" branch="False" />
              </lines>
            </method>
          </methods>
          <lines>
            <line number="9" hits="2" branch="False" />
            <line number="10" hits="2" branch="False" />
            <line number="11" hits="2" branch="False" />
            <line number="12" hits="2" branch="False" />
            <line number="13" hits="2" branch="False" />
            <line number="14" hits="1" branch="False" />
          </lines>
        </class>
      </classes>
    </package>
  </packages>
</coverage>